#
# A fatal error has been detected by the Java Runtime Environment:
#
#  EXCEPTION_UNCAUGHT_CXX_EXCEPTION (0xe06d7363) at pc=0x00007ffe49dbf218, pid=16064, tid=0x00000000000032a8
#
# JRE version: Java(TM) SE Runtime Environment (8.0_171-b11) (build 1.8.0_171-b11)
# Java VM: Java HotSpot(TM) 64-Bit Server VM (25.171-b11 mixed mode windows-amd64 compressed oops)
# Problematic frame:
# C  [KERNELBASE.dll+0x3f218]
#
# Failed to write core dump. Minidumps are not enabled by default on client versions of Windows
#
# If you would like to submit a bug report, please visit:
#   http://bugreport.java.com/bugreport/crash.jsp
# The crash happened outside the Java Virtual Machine in native code.
# See problematic frame for where to report the bug.
#

---------------  T H R E A D  ---------------

Current thread (0x0000000021782800):  JavaThread "Thread-5" [_thread_in_native, id=12968, stack(0x000000002e8b0000,0x000000002e9b0000)]

siginfo: ExceptionCode=0xe06d7363, ExceptionInformation=0x0000000019930520 0x000000002e99ecb0 0x00007ffe18e6cd78 0x00007ffe18c20000 

Registers:
RAX=0x0000000000000000, RBX=0x00007ffe18e6cd78, RCX=0x0000000000000000, RDX=0x0000000000000000
RSP=0x000000002e99eb20, RBP=0x000000002e99ec60, RSI=0x00007ffe0f691238, RDI=0x000000002e99ecb0
R8 =0x0000000000000000, R9 =0x0000000000000000, R10=0x0000000000000000, R11=0x0000000000000000
R12=0x00000000ffffff29, R13=0x0000000000000000, R14=0x00007ffe0f690b80, R15=0x000000002e9aee50
RIP=0x00007ffe49dbf218, EFLAGS=0x0000000000000202

Top of Stack: (sp=0x000000002e99eb20)
0x000000002e99eb20:   0000000000000000 00007ffe18e6cd78
0x000000002e99eb30:   00007ffe0f691238 000000002e99ecb0
0x000000002e99eb40:   00000001e06d7363 0000000000000000
0x000000002e99eb50:   00007ffe49dbf218 0000000000000004
0x000000002e99eb60:   0000000019930520 000000002e99ecb0
0x000000002e99eb70:   00007ffe18e6cd78 00007ffe18c20000
0x000000002e99eb80:   00007ffe0f690b80 00000000ffffff29
0x000000002e99eb90:   000000002e99ecb0 00007ffe0f691238
0x000000002e99eba0:   000000002e99ec60 00007ffe4cd8a39f
0x000000002e99ebb0:   000000002e99ec70 00007ffe00000000
0x000000002e99ebc0:   000000002e99ecb0 00007ffe2c4bd306
0x000000002e99ebd0:   00007ffe18e8f000 00007ffe18c20000
0x000000002e99ebe0:   0000867b877e90c2 00007ffe2c53c4d0
0x000000002e99ebf0:   00007ffe18e6cd78 00007ffe2c4bef63
0x000000002e99ec00:   000000002e99ecb0 00007ffe2c48eb8d
0x000000002e99ec10:   00007ffe2c53c4d0 00007ffe0f691238 

Instructions: (pc=0x00007ffe49dbf218)
0x00007ffe49dbf1f8:   49 8b d1 44 0f 47 c0 44 89 44 24 38 49 c1 e0 03
0x00007ffe49dbf208:   e8 fa db 03 00 48 8d 4c 24 20 ff 15 60 32 14 00
0x00007ffe49dbf218:   48 8b 8c 24 c0 00 00 00 48 33 cc e8 28 ab 03 00
0x00007ffe49dbf228:   48 81 c4 d8 00 00 00 c3 83 64 24 38 00 eb d6 cc 


Register to memory mapping:

RAX=0x0000000000000000 is an unknown value
RBX=0x00007ffe18e6cd78 is an unknown value
RCX=0x0000000000000000 is an unknown value
RDX=0x0000000000000000 is an unknown value
RSP=0x000000002e99eb20 is pointing into the stack for thread: 0x0000000021782800
RBP=0x000000002e99ec60 is pointing into the stack for thread: 0x0000000021782800
RSI=0x00007ffe0f691238 is an unknown value
RDI=0x000000002e99ecb0 is pointing into the stack for thread: 0x0000000021782800
R8 =0x0000000000000000 is an unknown value
R9 =0x0000000000000000 is an unknown value
R10=0x0000000000000000 is an unknown value
R11=0x0000000000000000 is an unknown value
R12=0x00000000ffffff29 is an unallocated location in the heap
R13=0x0000000000000000 is an unknown value
R14=0x00007ffe0f690b80 is an unknown value
R15=0x000000002e9aee50 is pointing into the stack for thread: 0x0000000021782800


Stack: [0x000000002e8b0000,0x000000002e9b0000],  sp=0x000000002e99eb20,  free space=954k
Native frames: (J=compiled Java code, j=interpreted, Vv=VM code, C=native code)
C  [KERNELBASE.dll+0x3f218]
C  [msvcr120.dll+0x5ef63]
C  [opencv_core320.dll+0x1a2c34]
C  [opencv_core320.dll+0x1a2d76]
C  [opencv_imgproc320.dll+0x46c7a]
C  [jniopencv_imgproc.dll+0x6e52d]
C  0x0000000002c37cb1

Java frames: (J=compiled Java code, j=interpreted, Vv=VM code)
J 4933  org.bytedeco.javacpp.opencv_imgproc.cvCvtColor(Lorg/bytedeco/javacpp/helper/opencv_core$CvArr;Lorg/bytedeco/javacpp/helper/opencv_core$CvArr;I)V (0 bytes) @ 0x0000000002c37c2b [0x0000000002c37bc0+0x6b]
j  application.FaceDetector.run()V+295
j  java.lang.Thread.run()V+11
v  ~StubRoutines::call_stub

---------------  P R O C E S S  ---------------

Java Threads: ( => current thread )
  0x000000002177f800 JavaThread "Thread-15" [_thread_blocked, id=1964, stack(0x0000000038890000,0x0000000038990000)]
=>0x0000000021782800 JavaThread "Thread-5" [_thread_in_native, id=12968, stack(0x000000002e8b0000,0x000000002e9b0000)]
  0x0000000021510000 JavaThread "Prism Font Disposer" daemon [_thread_blocked, id=11052, stack(0x0000000025af0000,0x0000000025bf0000)]
  0x00000000214a7000 JavaThread "AWT-Windows" daemon [_thread_in_native, id=13648, stack(0x0000000022990000,0x0000000022a90000)]
  0x00000000214a5800 JavaThread "Java2D Disposer" daemon [_thread_blocked, id=12856, stack(0x0000000022790000,0x0000000022890000)]
  0x000000001a23c000 JavaThread "JavaCPP Deallocator" daemon [_thread_blocked, id=10428, stack(0x0000000022350000,0x0000000022450000)]
  0x0000000019b17800 JavaThread "JavaFX-Launcher" [_thread_blocked, id=11376, stack(0x0000000021080000,0x0000000021180000)]
  0x0000000019b15800 JavaThread "Thread-2" daemon [_thread_in_native, id=11056, stack(0x0000000020f80000,0x0000000021080000)]
  0x000000001920f800 JavaThread "JavaFX Application Thread" [_thread_in_native, id=696, stack(0x0000000019a00000,0x0000000019b00000)]
  0x000000001920c000 JavaThread "Thread-1" daemon [_thread_blocked, id=10228, stack(0x0000000019900000,0x0000000019a00000)]
  0x00000000191c9000 JavaThread "QuantumRenderer-0" daemon [_thread_blocked, id=14636, stack(0x00000000196a0000,0x00000000197a0000)]
  0x0000000018e52800 JavaThread "Service Thread" daemon [_thread_blocked, id=16484, stack(0x0000000019230000,0x0000000019330000)]
  0x00000000174f5800 JavaThread "C1 CompilerThread2" daemon [_thread_blocked, id=8668, stack(0x0000000018d30000,0x0000000018e30000)]
  0x00000000174ed800 JavaThread "C2 CompilerThread1" daemon [_thread_blocked, id=2724, stack(0x0000000018c30000,0x0000000018d30000)]
  0x00000000174e9800 JavaThread "C2 CompilerThread0" daemon [_thread_blocked, id=20472, stack(0x0000000018b30000,0x0000000018c30000)]
  0x00000000174e8000 JavaThread "Attach Listener" daemon [_thread_blocked, id=10864, stack(0x0000000018a30000,0x0000000018b30000)]
  0x00000000174e5000 JavaThread "Signal Dispatcher" daemon [_thread_blocked, id=13928, stack(0x0000000018930000,0x0000000018a30000)]
  0x00000000174d0000 JavaThread "Finalizer" daemon [_thread_blocked, id=20132, stack(0x0000000018740000,0x0000000018840000)]
  0x0000000002967800 JavaThread "Reference Handler" daemon [_thread_blocked, id=15848, stack(0x0000000018640000,0x0000000018740000)]
  0x0000000002878000 JavaThread "main" [_thread_blocked, id=20580, stack(0x0000000002770000,0x0000000002870000)]

Other Threads:
  0x00000000174a7000 VMThread [stack: 0x0000000018540000,0x0000000018640000] [id=19444]
  0x0000000018eb7000 WatcherThread [stack: 0x0000000019330000,0x0000000019430000] [id=17772]

VM state:not at safepoint (normal execution)

VM Mutex/Monitor currently owned by a thread: None

Heap:
 PSYoungGen      total 55296K, used 29528K [0x00000000d5e00000, 0x00000000d9b00000, 0x0000000100000000)
  eden space 48128K, 58% used [0x00000000d5e00000,0x00000000d797a1f0,0x00000000d8d00000)
  from space 7168K, 19% used [0x00000000d9400000,0x00000000d955c010,0x00000000d9b00000)
  to   space 7168K, 0% used [0x00000000d8d00000,0x00000000d8d00000,0x00000000d9400000)
 ParOldGen       total 174592K, used 53097K [0x0000000081a00000, 0x000000008c480000, 0x00000000d5e00000)
  object space 174592K, 30% used [0x0000000081a00000,0x0000000084dda700,0x000000008c480000)
 Metaspace       used 29243K, capacity 30338K, committed 30592K, reserved 1075200K
  class space    used 3722K, capacity 3958K, committed 3968K, reserved 1048576K

Card table byte_map: [0x0000000011d30000,0x0000000012130000] byte_map_base: 0x0000000011923000

Marking Bits: (ParMarkBitMap*) 0x000000005bcf08c0
 Begin Bits: [0x00000000127e0000, 0x0000000014778000)
 End Bits:   [0x0000000014778000, 0x0000000016710000)

Polling page: 0x0000000000910000

CodeCache: size=245760Kb used=15432Kb max_used=16298Kb free=230327Kb
 bounds [0x0000000002970000, 0x00000000039d0000, 0x0000000011970000]
 total_blobs=5776 nmethods=4847 adapters=840
 compilation: enabled

Compilation events (10 events):
Event: 187.225 Thread 0x00000000174f5800 nmethod 5728 0x0000000003362e50 code [0x0000000003362fe0, 0x00000000033631f0]
Event: 187.225 Thread 0x00000000174f5800 5730       3       javafx.scene.control.SkinBase::snapPosition (20 bytes)
Event: 187.226 Thread 0x00000000174f5800 nmethod 5730 0x0000000002f97390 code [0x0000000002f97500, 0x0000000002f97788]
Event: 187.226 Thread 0x00000000174f5800 5729       3       javafx.scene.layout.Region::impl_computeLayoutBounds (35 bytes)
Event: 187.227 Thread 0x00000000174ed800 5734       4       com.sun.javafx.binding.ExpressionHelper::addListener (46 bytes)
Event: 187.228 Thread 0x00000000174f5800 nmethod 5729 0x00000000032cf990 code [0x00000000032cfb60, 0x00000000032d04e8]
Event: 187.228 Thread 0x00000000174f5800 5733       3       com.sun.javafx.text.PrismTextLayout::setContent (85 bytes)
Event: 187.230 Thread 0x00000000174f5800 nmethod 5733 0x000000000339cb50 code [0x000000000339cd80, 0x000000000339db48]
Event: 187.230 Thread 0x00000000174f5800 5735   !   3       com.sun.javafx.text.PrismTextLayout::layout (1635 bytes)
Event: 187.231 Thread 0x00000000174ed800 nmethod 5734 0x00000000030dba90 code [0x00000000030dbbe0, 0x00000000030dbd28]

GC Heap History (10 events):
Event: 181.151 GC heap before
{Heap before GC invocations=175 (full 3):
 PSYoungGen      total 52736K, used 48512K [0x00000000d5e00000, 0x00000000d9980000, 0x0000000100000000)
  eden space 45568K, 98% used [0x00000000d5e00000,0x00000000d89b41f8,0x00000000d8a80000)
  from space 7168K, 52% used [0x00000000d8a80000,0x00000000d8e2c030,0x00000000d9180000)
  to   space 7168K, 0% used [0x00000000d9280000,0x00000000d9280000,0x00000000d9980000)
 ParOldGen       total 174592K, used 53097K [0x0000000081a00000, 0x000000008c480000, 0x00000000d5e00000)
  object space 174592K, 30% used [0x0000000081a00000,0x0000000084dda700,0x000000008c480000)
 Metaspace       used 29209K, capacity 30338K, committed 30592K, reserved 1075200K
  class space    used 3722K, capacity 3958K, committed 3968K, reserved 1048576K
Event: 181.153 GC heap after
Heap after GC invocations=175 (full 3):
 PSYoungGen      total 53760K, used 3760K [0x00000000d5e00000, 0x00000000d9980000, 0x0000000100000000)
  eden space 46592K, 0% used [0x00000000d5e00000,0x00000000d5e00000,0x00000000d8b80000)
  from space 7168K, 52% used [0x00000000d9280000,0x00000000d962c030,0x00000000d9980000)
  to   space 7168K, 0% used [0x00000000d8b80000,0x00000000d8b80000,0x00000000d9280000)
 ParOldGen       total 174592K, used 53097K [0x0000000081a00000, 0x000000008c480000, 0x00000000d5e00000)
  object space 174592K, 30% used [0x0000000081a00000,0x0000000084dda700,0x000000008c480000)
 Metaspace       used 29209K, capacity 30338K, committed 30592K, reserved 1075200K
  class space    used 3722K, capacity 3958K, committed 3968K, reserved 1048576K
}
Event: 182.431 GC heap before
{Heap before GC invocations=176 (full 3):
 PSYoungGen      total 53760K, used 49711K [0x00000000d5e00000, 0x00000000d9980000, 0x0000000100000000)
  eden space 46592K, 98% used [0x00000000d5e00000,0x00000000d8adffc0,0x00000000d8b80000)
  from space 7168K, 52% used [0x00000000d9280000,0x00000000d962c030,0x00000000d9980000)
  to   space 7168K, 0% used [0x00000000d8b80000,0x00000000d8b80000,0x00000000d9280000)
 ParOldGen       total 174592K, used 53097K [0x0000000081a00000, 0x000000008c480000, 0x00000000d5e00000)
  object space 174592K, 30% used [0x0000000081a00000,0x0000000084dda700,0x000000008c480000)
 Metaspace       used 29209K, capacity 30338K, committed 30592K, reserved 1075200K
  class space    used 3722K, capacity 3958K, committed 3968K, reserved 1048576K
Event: 182.432 GC heap after
Heap after GC invocations=176 (full 3):
 PSYoungGen      total 53760K, used 1360K [0x00000000d5e00000, 0x00000000d9980000, 0x0000000100000000)
  eden space 46592K, 0% used [0x00000000d5e00000,0x00000000d5e00000,0x00000000d8b80000)
  from space 7168K, 18% used [0x00000000d8b80000,0x00000000d8cd4010,0x00000000d9280000)
  to   space 6656K, 0% used [0x00000000d9300000,0x00000000d9300000,0x00000000d9980000)
 ParOldGen       total 174592K, used 53097K [0x0000000081a00000, 0x000000008c480000, 0x00000000d5e00000)
  object space 174592K, 30% used [0x0000000081a00000,0x0000000084dda700,0x000000008c480000)
 Metaspace       used 29209K, capacity 30338K, committed 30592K, reserved 1075200K
  class space    used 3722K, capacity 3958K, committed 3968K, reserved 1048576K
}
Event: 183.631 GC heap before
{Heap before GC invocations=177 (full 3):
 PSYoungGen      total 53760K, used 47234K [0x00000000d5e00000, 0x00000000d9980000, 0x0000000100000000)
  eden space 46592K, 98% used [0x00000000d5e00000,0x00000000d8accbd0,0x00000000d8b80000)
  from space 7168K, 18% used [0x00000000d8b80000,0x00000000d8cd4010,0x00000000d9280000)
  to   space 6656K, 0% used [0x00000000d9300000,0x00000000d9300000,0x00000000d9980000)
 ParOldGen       total 174592K, used 53097K [0x0000000081a00000, 0x000000008c480000, 0x00000000d5e00000)
  object space 174592K, 30% used [0x0000000081a00000,0x0000000084dda700,0x000000008c480000)
 Metaspace       used 29210K, capacity 30338K, committed 30592K, reserved 1075200K
  class space    used 3722K, capacity 3958K, committed 3968K, reserved 1048576K
Event: 183.633 GC heap after
Heap after GC invocations=177 (full 3):
 PSYoungGen      total 53760K, used 4960K [0x00000000d5e00000, 0x00000000d9a80000, 0x0000000100000000)
  eden space 47104K, 0% used [0x00000000d5e00000,0x00000000d5e00000,0x00000000d8c00000)
  from space 6656K, 74% used [0x00000000d9300000,0x00000000d97d8040,0x00000000d9980000)
  to   space 7168K, 0% used [0x00000000d8c00000,0x00000000d8c00000,0x00000000d9300000)
 ParOldGen       total 174592K, used 53097K [0x0000000081a00000, 0x000000008c480000, 0x00000000d5e00000)
  object space 174592K, 30% used [0x0000000081a00000,0x0000000084dda700,0x000000008c480000)
 Metaspace       used 29210K, capacity 30338K, committed 30592K, reserved 1075200K
  class space    used 3722K, capacity 3958K, committed 3968K, reserved 1048576K
}
Event: 184.911 GC heap before
{Heap before GC invocations=178 (full 3):
 PSYoungGen      total 53760K, used 51856K [0x00000000d5e00000, 0x00000000d9a80000, 0x0000000100000000)
  eden space 47104K, 99% used [0x00000000d5e00000,0x00000000d8bcc040,0x00000000d8c00000)
  from space 6656K, 74% used [0x00000000d9300000,0x00000000d97d8040,0x00000000d9980000)
  to   space 7168K, 0% used [0x00000000d8c00000,0x00000000d8c00000,0x00000000d9300000)
 ParOldGen       total 174592K, used 53097K [0x0000000081a00000, 0x000000008c480000, 0x00000000d5e00000)
  object space 174592K, 30% used [0x0000000081a00000,0x0000000084dda700,0x000000008c480000)
 Metaspace       used 29210K, capacity 30338K, committed 30592K, reserved 1075200K
  class space    used 3722K, capacity 3958K, committed 3968K, reserved 1048576K
Event: 184.912 GC heap after
Heap after GC invocations=178 (full 3):
 PSYoungGen      total 54272K, used 3760K [0x00000000d5e00000, 0x00000000d9b00000, 0x0000000100000000)
  eden space 47104K, 0% used [0x00000000d5e00000,0x00000000d5e00000,0x00000000d8c00000)
  from space 7168K, 52% used [0x00000000d8c00000,0x00000000d8fac030,0x00000000d9300000)
  to   space 7168K, 0% used [0x00000000d9400000,0x00000000d9400000,0x00000000d9b00000)
 ParOldGen       total 174592K, used 53097K [0x0000000081a00000, 0x000000008c480000, 0x00000000d5e00000)
  object space 174592K, 30% used [0x0000000081a00000,0x0000000084dda700,0x000000008c480000)
 Metaspace       used 29210K, capacity 30338K, committed 30592K, reserved 1075200K
  class space    used 3722K, capacity 3958K, committed 3968K, reserved 1048576K
}
Event: 186.174 GC heap before
{Heap before GC invocations=179 (full 3):
 PSYoungGen      total 54272K, used 49776K [0x00000000d5e00000, 0x00000000d9b00000, 0x0000000100000000)
  eden space 47104K, 97% used [0x00000000d5e00000,0x00000000d8af01d0,0x00000000d8c00000)
  from space 7168K, 52% used [0x00000000d8c00000,0x00000000d8fac030,0x00000000d9300000)
  to   space 7168K, 0% used [0x00000000d9400000,0x00000000d9400000,0x00000000d9b00000)
 ParOldGen       total 174592K, used 53097K [0x0000000081a00000, 0x000000008c480000, 0x00000000d5e00000)
  object space 174592K, 30% used [0x0000000081a00000,0x0000000084dda700,0x000000008c480000)
 Metaspace       used 29212K, capacity 30338K, committed 30592K, reserved 1075200K
  class space    used 3722K, capacity 3958K, committed 3968K, reserved 1048576K
Event: 186.175 GC heap after
Heap after GC invocations=179 (full 3):
 PSYoungGen      total 55296K, used 1392K [0x00000000d5e00000, 0x00000000d9b00000, 0x0000000100000000)
  eden space 48128K, 0% used [0x00000000d5e00000,0x00000000d5e00000,0x00000000d8d00000)
  from space 7168K, 19% used [0x00000000d9400000,0x00000000d955c010,0x00000000d9b00000)
  to   space 7168K, 0% used [0x00000000d8d00000,0x00000000d8d00000,0x00000000d9400000)
 ParOldGen       total 174592K, used 53097K [0x0000000081a00000, 0x000000008c480000, 0x00000000d5e00000)
  object space 174592K, 30% used [0x0000000081a00000,0x0000000084dda700,0x000000008c480000)
 Metaspace       used 29212K, capacity 30338K, committed 30592K, reserved 1075200K
  class space    used 3722K, capacity 3958K, committed 3968K, reserved 1048576K
}

Deoptimization events (10 events):
Event: 138.577 Thread 0x00000000191c9000 Uncommon trap: reason=unstable_if action=reinterpret pc=0x0000000003909628 method=com.sun.prism.impl.ManagedResource.bumpAge(I)V @ 7
Event: 138.577 Thread 0x00000000191c9000 Uncommon trap: reason=unstable_if action=reinterpret pc=0x0000000002ebf5a0 method=com.sun.prism.impl.ManagedResource.bumpAge(I)V @ 7
Event: 187.210 Thread 0x000000001920f800 Uncommon trap: reason=unstable_if action=reinterpret pc=0x00000000032b1db8 method=javafx.scene.Scene$ScenePulseListener.focusCleanup()V @ 7
Event: 187.233 Thread 0x00000000191c9000 Uncommon trap: reason=unstable_if action=reinterpret pc=0x00000000032d4344 method=com.sun.javafx.geom.DirtyRegionContainer.hasSpace()Z @ 9
Event: 187.233 Thread 0x00000000191c9000 Uncommon trap: reason=unstable_if action=reinterpret pc=0x0000000003957ed8 method=com.sun.javafx.geom.DirtyRegionContainer.hasSpace()Z @ 9
Event: 187.234 Thread 0x00000000191c9000 Uncommon trap: reason=unstable_if action=reinterpret pc=0x00000000030c7e1c method=com.sun.javafx.sg.prism.NGGroup.computeRenderRoot(Lcom/sun/javafx/sg/prism/NodePath;Lcom/sun/javafx/geom/RectBounds;ILcom/sun/javafx/geom/transform/BaseTransform;Lcom/sun/ja
Event: 187.234 Thread 0x00000000191c9000 Uncommon trap: reason=class_check action=maybe_recompile pc=0x0000000002b040fc method=com.sun.scenario.effect.Blend.getTopInput()Lcom/sun/scenario/effect/Effect; @ 10
Event: 187.234 Thread 0x00000000191c9000 Uncommon trap: reason=class_check action=maybe_recompile pc=0x0000000002b040fc method=com.sun.scenario.effect.Blend.getTopInput()Lcom/sun/scenario/effect/Effect; @ 10
Event: 187.234 Thread 0x00000000191c9000 Uncommon trap: reason=class_check action=maybe_recompile pc=0x0000000002b040fc method=com.sun.scenario.effect.Blend.getTopInput()Lcom/sun/scenario/effect/Effect; @ 10
Event: 187.239 Thread 0x00000000191c9000 Uncommon trap: reason=unstable_if action=reinterpret pc=0x00000000032aef1c method=com.sun.prism.impl.shape.NativePiscesRasterizer.getMaskData(Lcom/sun/javafx/geom/Shape;Lcom/sun/prism/BasicStroke;Lcom/sun/javafx/geom/RectBounds;Lcom/sun/javafx/geom/transf

Classes redefined (0 events):
No events

Internal exceptions (10 events):
Event: 17.078 Thread 0x000000001920f800 Exception <a 'java/security/PrivilegedActionException'> (0x00000000d7b0e1e8) thrown at [C:\re\workspace\8-2-build-windows-amd64-cygwin\jdk8u171\10807\hotspot\src\share\vm\prims\jvm.cpp, line 1435]
Event: 17.078 Thread 0x000000001920f800 Exception <a 'java/security/PrivilegedActionException'> (0x00000000d7b0e7c8) thrown at [C:\re\workspace\8-2-build-windows-amd64-cygwin\jdk8u171\10807\hotspot\src\share\vm\prims\jvm.cpp, line 1435]
Event: 17.079 Thread 0x000000001920f800 Exception <a 'java/security/PrivilegedActionException'> (0x00000000d7b28678) thrown at [C:\re\workspace\8-2-build-windows-amd64-cygwin\jdk8u171\10807\hotspot\src\share\vm\prims\jvm.cpp, line 1435]
Event: 17.079 Thread 0x000000001920f800 Exception <a 'java/security/PrivilegedActionException'> (0x00000000d7b28c58) thrown at [C:\re\workspace\8-2-build-windows-amd64-cygwin\jdk8u171\10807\hotspot\src\share\vm\prims\jvm.cpp, line 1435]
Event: 22.504 Thread 0x00000000191c9000 Implicit null exception at 0x00000000033214d0 to 0x0000000003321529
Event: 23.964 Thread 0x00000000191c9000 Implicit null exception at 0x0000000003362d14 to 0x0000000003362d4d
Event: 23.964 Thread 0x00000000191c9000 Implicit null exception at 0x000000000338736c to 0x00000000033873ed
Event: 24.086 Thread 0x000000001920f800 Implicit null exception at 0x00000000033243f8 to 0x0000000003324b35
Event: 24.086 Thread 0x000000001920f800 Implicit null exception at 0x00000000033e0547 to 0x00000000033e0591
Event: 105.903 Thread 0x00000000191c9000 Implicit null exception at 0x00000000039170bc to 0x000000000391abad

Events (10 events):
Event: 187.234 Thread 0x00000000191c9000 DEOPT UNPACKING pc=0x00000000029b583b sp=0x000000001979dbe8 mode 2
Event: 187.234 Thread 0x00000000191c9000 Uncommon trap: trap_request=0xffffffde fr.pc=0x0000000002b040fc
Event: 187.234 Thread 0x00000000191c9000 DEOPT PACKING pc=0x0000000002b040fc sp=0x000000001979d3f0
Event: 187.234 Thread 0x00000000191c9000 DEOPT UNPACKING pc=0x00000000029b583b sp=0x000000001979d328 mode 2
Event: 187.234 Thread 0x00000000191c9000 Uncommon trap: trap_request=0xffffffde fr.pc=0x0000000002b040fc
Event: 187.234 Thread 0x00000000191c9000 DEOPT PACKING pc=0x0000000002b040fc sp=0x000000001979d4b0
Event: 187.234 Thread 0x00000000191c9000 DEOPT UNPACKING pc=0x00000000029b583b sp=0x000000001979d3e8 mode 2
Event: 187.239 Thread 0x00000000191c9000 Uncommon trap: trap_request=0xffffff65 fr.pc=0x00000000032aef1c
Event: 187.239 Thread 0x00000000191c9000 DEOPT PACKING pc=0x00000000032aef1c sp=0x000000001979db60
Event: 187.239 Thread 0x00000000191c9000 DEOPT UNPACKING pc=0x00000000029b583b sp=0x000000001979daa0 mode 2


Dynamic libraries:
0x00007ff6f8120000 - 0x00007ff6f8157000 	C:\Program Files\Java\jre1.8.0_171\bin\javaw.exe
0x00007ffe4cd80000 - 0x00007ffe4cf61000 	C:\WINDOWS\SYSTEM32\ntdll.dll
0x00007ffe4cc90000 - 0x00007ffe4cd42000 	C:\WINDOWS\System32\KERNEL32.DLL
0x00007ffe49d80000 - 0x00007ffe49ff3000 	C:\WINDOWS\System32\KERNELBASE.dll
0x00007ffe4b680000 - 0x00007ffe4b721000 	C:\WINDOWS\System32\ADVAPI32.dll
0x00007ffe4b7d0000 - 0x00007ffe4b86e000 	C:\WINDOWS\System32\msvcrt.dll
0x00007ffe4be60000 - 0x00007ffe4bebb000 	C:\WINDOWS\System32\sechost.dll
0x00007ffe4b870000 - 0x00007ffe4b994000 	C:\WINDOWS\System32\RPCRT4.dll
0x00007ffe4c370000 - 0x00007ffe4c500000 	C:\WINDOWS\System32\USER32.dll
0x00007ffe4a000000 - 0x00007ffe4a020000 	C:\WINDOWS\System32\win32u.dll
0x00007ffe4b7a0000 - 0x00007ffe4b7c8000 	C:\WINDOWS\System32\GDI32.dll
0x00007ffe49150000 - 0x00007ffe492e2000 	C:\WINDOWS\System32\gdi32full.dll
0x00007ffe495d0000 - 0x00007ffe4966f000 	C:\WINDOWS\System32\msvcp_win.dll
0x00007ffe493d0000 - 0x00007ffe494ca000 	C:\WINDOWS\System32\ucrtbase.dll
0x00007ffe3da90000 - 0x00007ffe3dcf9000 	C:\WINDOWS\WinSxS\amd64_microsoft.windows.common-controls_6595b64144ccf1df_6.0.17134.81_none_b4b229fe3cb4cfa3\COMCTL32.dll
0x00007ffe4c500000 - 0x00007ffe4c823000 	C:\WINDOWS\System32\combase.dll
0x00007ffe49350000 - 0x00007ffe493ca000 	C:\WINDOWS\System32\bcryptPrimitives.dll
0x00007ffe4b650000 - 0x00007ffe4b67d000 	C:\WINDOWS\System32\IMM32.DLL
0x000000005bfe0000 - 0x000000005c0b2000 	C:\Program Files\Java\jre1.8.0_171\bin\msvcr100.dll
0x000000005b4d0000 - 0x000000005bd70000 	C:\Program Files\Java\jre1.8.0_171\bin\server\jvm.dll
0x00007ffe4bc20000 - 0x00007ffe4bc28000 	C:\WINDOWS\System32\PSAPI.DLL
0x00007ffe36290000 - 0x00007ffe36299000 	C:\WINDOWS\SYSTEM32\WSOCK32.dll
0x00007ffe45780000 - 0x00007ffe457a3000 	C:\WINDOWS\SYSTEM32\WINMM.dll
0x00007ffe4bc90000 - 0x00007ffe4bcfc000 	C:\WINDOWS\System32\WS2_32.dll
0x00007ffe3f140000 - 0x00007ffe3f14a000 	C:\WINDOWS\SYSTEM32\VERSION.dll
0x00007ffe456a0000 - 0x00007ffe456ca000 	C:\WINDOWS\SYSTEM32\WINMMBASE.dll
0x00007ffe494d0000 - 0x00007ffe49519000 	C:\WINDOWS\System32\cfgmgr32.dll
0x000000005c240000 - 0x000000005c24f000 	C:\Program Files\Java\jre1.8.0_171\bin\verify.dll
0x000000005c210000 - 0x000000005c239000 	C:\Program Files\Java\jre1.8.0_171\bin\java.dll
0x000000005c1f0000 - 0x000000005c206000 	C:\Program Files\Java\jre1.8.0_171\bin\zip.dll
0x00007ffe4a210000 - 0x00007ffe4b650000 	C:\WINDOWS\System32\SHELL32.dll
0x00007ffe4ba00000 - 0x00007ffe4baa9000 	C:\WINDOWS\System32\shcore.dll
0x00007ffe49670000 - 0x00007ffe49d7d000 	C:\WINDOWS\System32\windows.storage.dll
0x00007ffe4b9a0000 - 0x00007ffe4b9f1000 	C:\WINDOWS\System32\shlwapi.dll
0x00007ffe49110000 - 0x00007ffe49121000 	C:\WINDOWS\System32\kernel.appcore.dll
0x00007ffe49130000 - 0x00007ffe4914f000 	C:\WINDOWS\System32\profapi.dll
0x00007ffe490a0000 - 0x00007ffe490ec000 	C:\WINDOWS\System32\powrprof.dll
0x00007ffe49090000 - 0x00007ffe4909a000 	C:\WINDOWS\System32\FLTLIB.DLL
0x0000000002750000 - 0x0000000002753000 	C:\Program Files\Java\jre1.8.0_171\bin\api-ms-win-core-console-l1-1-0.dll
0x0000000019430000 - 0x0000000019433000 	C:\Program Files\Java\jre1.8.0_171\bin\api-ms-win-core-datetime-l1-1-0.dll
0x0000000019440000 - 0x0000000019443000 	C:\Program Files\Java\jre1.8.0_171\bin\api-ms-win-core-debug-l1-1-0.dll
0x0000000019450000 - 0x0000000019453000 	C:\Program Files\Java\jre1.8.0_171\bin\api-ms-win-core-errorhandling-l1-1-0.dll
0x0000000019460000 - 0x0000000019464000 	C:\Program Files\Java\jre1.8.0_171\bin\api-ms-win-core-file-l1-1-0.dll
0x0000000019470000 - 0x0000000019473000 	C:\Program Files\Java\jre1.8.0_171\bin\api-ms-win-core-file-l1-2-0.dll
0x0000000019480000 - 0x0000000019483000 	C:\Program Files\Java\jre1.8.0_171\bin\api-ms-win-core-file-l2-1-0.dll
0x0000000019490000 - 0x0000000019493000 	C:\Program Files\Java\jre1.8.0_171\bin\api-ms-win-core-handle-l1-1-0.dll
0x00000000194a0000 - 0x00000000194a3000 	C:\Program Files\Java\jre1.8.0_171\bin\api-ms-win-core-heap-l1-1-0.dll
0x00000000194b0000 - 0x00000000194b3000 	C:\Program Files\Java\jre1.8.0_171\bin\api-ms-win-core-interlocked-l1-1-0.dll
0x00000000194c0000 - 0x00000000194c3000 	C:\Program Files\Java\jre1.8.0_171\bin\api-ms-win-core-libraryloader-l1-1-0.dll
0x00000000194d0000 - 0x00000000194d3000 	C:\Program Files\Java\jre1.8.0_171\bin\api-ms-win-core-localization-l1-2-0.dll
0x00000000194e0000 - 0x00000000194e3000 	C:\Program Files\Java\jre1.8.0_171\bin\api-ms-win-core-memory-l1-1-0.dll
0x00000000194f0000 - 0x00000000194f3000 	C:\Program Files\Java\jre1.8.0_171\bin\api-ms-win-core-namedpipe-l1-1-0.dll
0x0000000019500000 - 0x0000000019503000 	C:\Program Files\Java\jre1.8.0_171\bin\api-ms-win-core-processenvironment-l1-1-0.dll
0x0000000019510000 - 0x0000000019513000 	C:\Program Files\Java\jre1.8.0_171\bin\api-ms-win-core-processthreads-l1-1-0.dll
0x0000000019520000 - 0x0000000019523000 	C:\Program Files\Java\jre1.8.0_171\bin\api-ms-win-core-processthreads-l1-1-1.dll
0x0000000019530000 - 0x0000000019533000 	C:\Program Files\Java\jre1.8.0_171\bin\api-ms-win-core-profile-l1-1-0.dll
0x0000000019540000 - 0x0000000019543000 	C:\Program Files\Java\jre1.8.0_171\bin\api-ms-win-core-rtlsupport-l1-1-0.dll
0x0000000019550000 - 0x0000000019553000 	C:\Program Files\Java\jre1.8.0_171\bin\api-ms-win-core-string-l1-1-0.dll
0x0000000019560000 - 0x0000000019563000 	C:\Program Files\Java\jre1.8.0_171\bin\api-ms-win-core-synch-l1-1-0.dll
0x0000000019570000 - 0x0000000019573000 	C:\Program Files\Java\jre1.8.0_171\bin\api-ms-win-core-synch-l1-2-0.dll
0x0000000019580000 - 0x0000000019583000 	C:\Program Files\Java\jre1.8.0_171\bin\api-ms-win-core-sysinfo-l1-1-0.dll
0x0000000019590000 - 0x0000000019593000 	C:\Program Files\Java\jre1.8.0_171\bin\api-ms-win-core-timezone-l1-1-0.dll
0x00000000195a0000 - 0x00000000195a3000 	C:\Program Files\Java\jre1.8.0_171\bin\api-ms-win-core-util-l1-1-0.dll
0x00000000195b0000 - 0x00000000195b3000 	C:\Program Files\Java\jre1.8.0_171\bin\api-ms-win-crt-conio-l1-1-0.dll
0x00000000195c0000 - 0x00000000195c4000 	C:\Program Files\Java\jre1.8.0_171\bin\api-ms-win-crt-convert-l1-1-0.dll
0x00000000195d0000 - 0x00000000195d3000 	C:\Program Files\Java\jre1.8.0_171\bin\api-ms-win-crt-environment-l1-1-0.dll
0x00000000195e0000 - 0x00000000195e3000 	C:\Program Files\Java\jre1.8.0_171\bin\api-ms-win-crt-filesystem-l1-1-0.dll
0x00000000195f0000 - 0x00000000195f3000 	C:\Program Files\Java\jre1.8.0_171\bin\api-ms-win-crt-heap-l1-1-0.dll
0x0000000019600000 - 0x0000000019603000 	C:\Program Files\Java\jre1.8.0_171\bin\api-ms-win-crt-locale-l1-1-0.dll
0x0000000019610000 - 0x0000000019615000 	C:\Program Files\Java\jre1.8.0_171\bin\api-ms-win-crt-math-l1-1-0.dll
0x0000000019620000 - 0x0000000019625000 	C:\Program Files\Java\jre1.8.0_171\bin\api-ms-win-crt-multibyte-l1-1-0.dll
0x0000000019630000 - 0x0000000019640000 	C:\Program Files\Java\jre1.8.0_171\bin\api-ms-win-crt-private-l1-1-0.dll
0x0000000019640000 - 0x0000000019643000 	C:\Program Files\Java\jre1.8.0_171\bin\api-ms-win-crt-process-l1-1-0.dll
0x0000000019650000 - 0x0000000019654000 	C:\Program Files\Java\jre1.8.0_171\bin\api-ms-win-crt-runtime-l1-1-0.dll
0x0000000019660000 - 0x0000000019664000 	C:\Program Files\Java\jre1.8.0_171\bin\api-ms-win-crt-stdio-l1-1-0.dll
0x0000000019670000 - 0x0000000019674000 	C:\Program Files\Java\jre1.8.0_171\bin\api-ms-win-crt-string-l1-1-0.dll
0x0000000019680000 - 0x0000000019683000 	C:\Program Files\Java\jre1.8.0_171\bin\api-ms-win-crt-time-l1-1-0.dll
0x0000000019690000 - 0x0000000019693000 	C:\Program Files\Java\jre1.8.0_171\bin\api-ms-win-crt-utility-l1-1-0.dll
0x00007ffe34bd0000 - 0x00007ffe34cc6000 	C:\Program Files\Java\jre1.8.0_171\bin\ucrtbase.dll
0x00007ffe38210000 - 0x00007ffe38261000 	C:\Program Files\Java\jre1.8.0_171\bin\concrt140.dll
0x00007ffe3e3a0000 - 0x00007ffe3e3b6000 	C:\Program Files\Java\jre1.8.0_171\bin\VCRUNTIME140.dll
0x00007ffe30600000 - 0x00007ffe3069c000 	C:\Program Files\Java\jre1.8.0_171\bin\MSVCP140.dll
0x000000005c130000 - 0x000000005c153000 	C:\Program Files\Java\jre1.8.0_171\bin\prism_d3d.dll
0x00007ffe20690000 - 0x00007ffe20827000 	C:\WINDOWS\system32\d3d9.dll
0x00007ffe475f0000 - 0x00007ffe47619000 	C:\WINDOWS\SYSTEM32\dwmapi.dll
0x00007ffe47520000 - 0x00007ffe475b8000 	C:\WINDOWS\system32\uxtheme.dll
0x00007ffdf15a0000 - 0x00007ffdf51c5000 	C:\WINDOWS\System32\DriverStore\FileRepository\ki123750.inf_amd64_bf3f926d5baf2235\igdumdim64.dll
0x00007ffe4bf60000 - 0x00007ffe4c022000 	C:\WINDOWS\System32\OLEAUT32.dll
0x00007ffe4bd00000 - 0x00007ffe4be51000 	C:\WINDOWS\System32\ole32.dll
0x00007ffe4c830000 - 0x00007ffe4cc7b000 	C:\WINDOWS\System32\SETUPAPI.dll
0x000000005b480000 - 0x000000005b4c9000 	C:\Program Files\Java\jre1.8.0_171\bin\glass.dll
0x00007ffe4bb30000 - 0x00007ffe4bc1d000 	C:\WINDOWS\System32\COMDLG32.dll
0x00007ffe4c030000 - 0x00007ffe4c1a5000 	C:\WINDOWS\System32\MSCTF.dll
0x00007ffe3f780000 - 0x00007ffe40d82000 	C:\WINDOWS\System32\DriverStore\FileRepository\ki123750.inf_amd64_bf3f926d5baf2235\igc64.dll
0x00007ffe2c460000 - 0x00007ffe2c54f000 	C:\Users\Rojan Shrestha\.javacpp\cache\opencv-3.2.0-1.3-windows-x86_64.jar\org\bytedeco\javacpp\windows-x86_64\msvcr120.dll
0x00007ffe2c3b0000 - 0x00007ffe2c456000 	C:\Users\Rojan Shrestha\.javacpp\cache\opencv-3.2.0-1.3-windows-x86_64.jar\org\bytedeco\javacpp\windows-x86_64\msvcp120.dll
0x00007ffe18c20000 - 0x00007ffe18ea8000 	C:\Users\Rojan Shrestha\.javacpp\cache\opencv-3.2.0-1.3-windows-x86_64.jar\org\bytedeco\javacpp\windows-x86_64\opencv_core320.dll
0x00007ffe0f490000 - 0x00007ffe0f7f2000 	C:\Users\Rojan Shrestha\.javacpp\cache\opencv-3.2.0-1.3-windows-x86_64.jar\org\bytedeco\javacpp\windows-x86_64\opencv_imgproc320.dll
0x00007ffe0ead0000 - 0x00007ffe0ed1a000 	C:\Users\Rojan Shrestha\.javacpp\cache\opencv-3.2.0-1.3-windows-x86_64.jar\org\bytedeco\javacpp\windows-x86_64\jniopencv_core.dll
0x000000005c1d0000 - 0x000000005c1ea000 	C:\Program Files\Java\jre1.8.0_171\bin\net.dll
0x00007ffe488b0000 - 0x00007ffe48916000 	C:\WINDOWS\system32\mswsock.dll
0x000000005c1b0000 - 0x000000005c1c1000 	C:\Program Files\Java\jre1.8.0_171\bin\nio.dll
0x000000005b2e0000 - 0x000000005b478000 	C:\Program Files\Java\jre1.8.0_171\bin\awt.dll
0x00007ffe47350000 - 0x00007ffe473db000 	C:\WINDOWS\SYSTEM32\apphelp.dll
0x000000005c110000 - 0x000000005c124000 	C:\Program Files\Java\jre1.8.0_171\bin\javafx_font.dll
0x00007ffe39a90000 - 0x00007ffe39dac000 	C:\WINDOWS\SYSTEM32\dwrite.dll
0x00007ffe4bec0000 - 0x00007ffe4bf60000 	C:\WINDOWS\System32\clbcatq.dll
0x00007ffe44e60000 - 0x00007ffe4500e000 	C:\WINDOWS\SYSTEM32\WindowsCodecs.dll
0x00007ffe428c0000 - 0x00007ffe42918000 	C:\WINDOWS\system32\dataexchange.dll
0x00007ffe46c70000 - 0x00007ffe46e0c000 	C:\WINDOWS\system32\dcomp.dll
0x00007ffe46960000 - 0x00007ffe46c6b000 	C:\WINDOWS\system32\d3d11.dll
0x00007ffe47d60000 - 0x00007ffe47e1b000 	C:\WINDOWS\system32\dxgi.dll
0x00007ffe452d0000 - 0x00007ffe45488000 	C:\WINDOWS\system32\twinapi.appcore.dll
0x00007ffe452a0000 - 0x00007ffe452c1000 	C:\WINDOWS\system32\RMCLIENT.dll
0x00007ffe3a490000 - 0x00007ffe3a4c4000 	C:\Program Files\Common Files\Microsoft Shared\Ink\rtscom.dll
0x00007ffe3f680000 - 0x00007ffe3f718000 	C:\WINDOWS\System32\TextInputFramework.dll
0x00007ffe47150000 - 0x00007ffe4722a000 	C:\WINDOWS\System32\CoreMessaging.dll
0x00007ffe44970000 - 0x00007ffe44c8e000 	C:\WINDOWS\System32\CoreUIComponents.dll
0x00007ffe47fd0000 - 0x00007ffe48001000 	C:\WINDOWS\SYSTEM32\ntmarta.dll
0x00007ffe44820000 - 0x00007ffe4496d000 	C:\WINDOWS\SYSTEM32\wintypes.dll
0x000000005bfb0000 - 0x000000005bfd3000 	C:\Program Files\Java\jre1.8.0_171\bin\javafx_iio.dll
0x000000005b2c0000 - 0x000000005b2d2000 	C:\Program Files\Java\jre1.8.0_171\bin\prism_common.dll
0x00007ffe46390000 - 0x00007ffe46957000 	C:\WINDOWS\SYSTEM32\d2d1.dll
0x00007ffe1b2a0000 - 0x00007ffe1ba1e000 	C:\WINDOWS\SYSTEM32\D3D10Warp.dll
0x00007ffe237b0000 - 0x00007ffe238a0000 	C:\Users\Rojan Shrestha\.javacpp\cache\opencv-3.2.0-1.3-windows-x86_64.jar\org\bytedeco\javacpp\windows-x86_64\jniopencv_imgproc.dll
0x00007ffe0c200000 - 0x00007ffe0c4ca000 	C:\Users\Rojan Shrestha\.javacpp\cache\opencv-3.2.0-1.3-windows-x86_64.jar\org\bytedeco\javacpp\windows-x86_64\opencv_imgcodecs320.dll
0x00007ffe3a620000 - 0x00007ffe3a645000 	C:\Users\Rojan Shrestha\.javacpp\cache\opencv-3.2.0-1.3-windows-x86_64.jar\org\bytedeco\javacpp\windows-x86_64\jniopencv_imgcodecs.dll
0x00007ffe348f0000 - 0x00007ffe3493e000 	C:\Users\Rojan Shrestha\.javacpp\cache\opencv-3.2.0-1.3-windows-x86_64.jar\org\bytedeco\javacpp\windows-x86_64\opencv_videoio320.dll

VM Arguments:
jvm_args: -Djava.library.path=C:\Users\Administrator\Desktop\opencv\build\java\x64 -Dfile.encoding=Cp1252 
java_command: application.Main
java_class_path (initial): C:\Users\Rojan Shrestha\Desktop\git\ExoVisix\target\classes;C:\Users\Rojan Shrestha\Desktop\git\ExoVisix\bin\opencv-341.jar;C:\Users\Rojan Shrestha\.m2\repository\org\bytedeco\javacv-platform\1.3.2\javacv-platform-1.3.2.jar;C:\Users\Rojan Shrestha\.m2\repository\org\bytedeco\javacv\1.3.2\javacv-1.3.2.jar;C:\Users\Rojan Shrestha\.m2\repository\org\bytedeco\javacpp\1.3.2\javacpp-1.3.2.jar;C:\Users\Rojan Shrestha\.m2\repository\org\bytedeco\javacpp-presets\opencv\3.2.0-1.3\opencv-3.2.0-1.3.jar;C:\Users\Rojan Shrestha\.m2\repository\org\bytedeco\javacpp-presets\ffmpeg\3.2.1-1.3\ffmpeg-3.2.1-1.3.jar;C:\Users\Rojan Shrestha\.m2\repository\org\bytedeco\javacpp-presets\flycapture\2.9.3.43-1.3\flycapture-2.9.3.43-1.3.jar;C:\Users\Rojan Shrestha\.m2\repository\org\bytedeco\javacpp-presets\libdc1394\2.2.4-1.3\libdc1394-2.2.4-1.3.jar;C:\Users\Rojan Shrestha\.m2\repository\org\bytedeco\javacpp-presets\libfreenect\0.5.3-1.3\libfreenect-0.5.3-1.3.jar;C:\Users\Rojan Shrestha\.m2\repository\org\bytedeco\javacpp-presets\libfreenect2\0.2.0-1.3\libfreenect2-0.2.0-1.3.jar;C:\Users\Rojan Shrestha\.m2\repository\org\bytedeco\javacpp-presets\librealsense\1.9.6-1.3\librealsense-1.9.6-1.3.jar;C:\Users\Rojan Shrestha\.m2\repository\org\bytedeco\javacpp-presets\videoinput\0.200-1.3\videoinput-0.200-1.3.jar;C:\Users\Rojan Shrestha\.m2\repository\org\bytedeco\javacpp-presets\artoolkitplus\2.3.1-1.3\artoolkitplus-2.3.1-1.3.jar;C:\Users\Rojan Shrestha\.m2\repository\org\bytedeco\javacpp-presets\flandmark\1.07-1.3\flandmark-1.07-1.3.jar;C:\Users\Rojan Shrestha\.m2\repository\org\bytedeco\javacpp-presets\opencv-platform\3.2.0-1.3\opencv-platform-3.2.0-1.3.jar;C:\Users\Rojan Shrestha\.m2\repository\org\bytedeco\javacpp-presets\opencv\3.2.0-1.3\opencv-3.2.0-1.3-android-arm.jar;C:\Users\Rojan Shrestha\.m2\repository\org\bytedeco\javacpp-presets\opencv\3.2.0-1.3\opencv-3.2.0-1.3-android-x86.jar;C:\Users\Rojan Shrestha\.m2\repository\org\bytedeco\javacpp-presets\opencv\3.2.0-
Launcher Type: SUN_STANDARD

Environment Variables:
JAVA_HOME=C:\Program Files\Java\jdk1.8.0_121
PATH=C:/Program Files/Java/jre1.8.0_171/bin/server;C:/Program Files/Java/jre1.8.0_171/bin;C:/Program Files/Java/jre1.8.0_171/lib/amd64;C:\Program Files (x86)\Common Files\Oracle\Java\javapath;C:\app\RojanShr1996\product\11.2.0\dbhome_2\bin;C:\Program Files (x86)\Intel\iCLS Client\;C:\ProgramData\Oracle\Java\javapath;C:\Program Files\Intel\iCLS Client\;C:\WINDOWS\system32;C:\WINDOWS;C:\WINDOWS\System32\Wbem;C:\WINDOWS\System32\WindowsPowerShell\v1.0\;C:\Program Files (x86)\Brackets\command;C:\Program Files\Intel\WiFi\bin\;C:\Program Files\Common Files\Intel\WirelessCommon\;C:\Program Files (x86)\Intel\Intel(R) Management Engine Components\DAL;C:\Program Files\Intel\Intel(R) Management Engine Components\DAL;C:\Program Files (x86)\Intel\Intel(R) Management Engine Components\IPT;C:\Program Files\Intel\Intel(R) Management Engine Components\IPT;C:\xampp\php;C:\ProgramData\ComposerSetup\bin;C:\Program Files\nodejs\;C:\WINDOWS\System32\OpenSSH\;C:\Program Files\Git\cmd;C:\Program Files\Java\jdk1.8.0_121\bin;C:\Users\Rojan Shrestha\AppData\Roaming\Composer\vendor\bin;C:\Users\Rojan Shrestha\AppData\Roaming\npm;%USERPROFILE%\AppData\Local\Microsoft\WindowsApps;;C:\Users\Rojan Shrestha\Downloads\Compressed\eclipse;
USERNAME=RojanShr1996
OS=Windows_NT
PROCESSOR_IDENTIFIER=Intel64 Family 6 Model 78 Stepping 3, GenuineIntel



---------------  S Y S T E M  ---------------

OS: Windows 10.0 , 64 bit Build 17134 (10.0.17134.1)

CPU:total 4 (initial active 4) (2 cores per cpu, 2 threads per core) family 6 model 78 stepping 3, cmov, cx8, fxsr, mmx, sse, sse2, sse3, ssse3, sse4.1, sse4.2, popcnt, avx, avx2, aes, clmul, erms, 3dnowpref, lzcnt, ht, tsc, tscinvbit, bmi1, bmi2, adx

Memory: 4k page, physical 8276896k(2734868k free), swap 13315908k(7149444k free)

vm_info: Java HotSpot(TM) 64-Bit Server VM (25.171-b11) for windows-amd64 JRE (1.8.0_171-b11), built on Mar 28 2018 16:06:12 by "java_re" with MS VC++ 10.0 (VS2010)

time: Thu Jun 21 22:25:11 2018
elapsed time: 187 seconds (0d 0h 3m 7s)

