#
# A fatal error has been detected by the Java Runtime Environment:
#
#  EXCEPTION_ACCESS_VIOLATION (0xc0000005) at pc=0x00007ffa799bbc60, pid=6728, tid=0x00000000000035c4
#
# JRE version: Java(TM) SE Runtime Environment (8.0_171-b11) (build 1.8.0_171-b11)
# Java VM: Java HotSpot(TM) 64-Bit Server VM (25.171-b11 mixed mode windows-amd64 compressed oops)
# Problematic frame:
# C  [opencv_core320.dll+0x5bc60]
#
# Failed to write core dump. Minidumps are not enabled by default on client versions of Windows
#
# If you would like to submit a bug report, please visit:
#   http://bugreport.java.com/bugreport/crash.jsp
# The crash happened outside the Java Virtual Machine in native code.
# See problematic frame for where to report the bug.
#

---------------  T H R E A D  ---------------

Current thread (0x000000001e679800):  JavaThread "Thread-5" [_thread_in_native, id=13764, stack(0x000000002b950000,0x000000002ba50000)]

siginfo: ExceptionCode=0xc0000005, reading address 0x0000000000000028

Registers:
RAX=0x0000000000000000, RBX=0x0000000000000000, RCX=0x0000000000000000, RDX=0x0000000000000000
RSP=0x000000002ba4ee78, RBP=0x000000002ba4ef48, RSI=0x0000000000000000, RDI=0x000000001e6799f8
R8 =0x0000000000000000, R9 =0x0000000000000000, R10=0x0000000002b18c3b, R11=0x00000000585cc460
R12=0x0000000000000000, R13=0x000000001614f510, R14=0x0000000000000000, R15=0x000000001e679800
RIP=0x00007ffa799bbc60, EFLAGS=0x0000000000010246

Top of Stack: (sp=0x000000002ba4ee78)
0x000000002ba4ee78:   00007ffa7913edec 000000001e679800
0x000000002ba4ee88:   0000000016069158 000000001e679800
0x000000002ba4ee98:   0000000000000000 000000001e679800
0x000000002ba4eea8:   fffffffffffffffe 000000002ba4ef70
0x000000002ba4eeb8:   0000000000000003 00000000200265f2
0x000000002ba4eec8:   0000000002b18c67 000000001e6799f8
0x000000002ba4eed8:   000000001614f520 0000000000000000
0x000000002ba4eee8:   000000001e679800 0000000016069158
0x000000002ba4eef8:   00000000584cd0c4 000000002ba4efe8
0x000000002ba4ef08:   000000002ba4ef08 0000000000000000
0x000000002ba4ef18:   000000002ba4ef70 000000001617e390
0x000000002ba4ef28:   0000000000000000 000000001614f520
0x000000002ba4ef38:   0000000000000000 000000002ba4ef68
0x000000002ba4ef48:   000000002ba4efc8 0000000002b080e0
0x000000002ba4ef58:   00000000a3f59560 0000000002b121db
0x000000002ba4ef68:   0000000000000000 0000000000000000 

Instructions: (pc=0x00007ffa799bbc60)
0x00007ffa799bbc40:   03 59 14 48 8b 49 08 49 3b c9 75 f4 48 8b 47 08
0x00007ffa799bbc50:   89 58 28 48 8b 5c 24 60 48 83 c4 50 5f c3 cc cc
0x00007ffa799bbc60:   44 8b 49 28 4c 8b d1 41 3b d1 72 20 45 33 c0 85
0x00007ffa799bbc70:   d2 41 8b c0 41 0f 48 c1 03 d0 41 3b d1 45 0f 4d 


Register to memory mapping:

RAX=0x0000000000000000 is an unknown value
RBX=0x0000000000000000 is an unknown value
RCX=0x0000000000000000 is an unknown value
RDX=0x0000000000000000 is an unknown value
RSP=0x000000002ba4ee78 is pointing into the stack for thread: 0x000000001e679800
RBP=0x000000002ba4ef48 is pointing into the stack for thread: 0x000000001e679800
RSI=0x0000000000000000 is an unknown value
RDI=0x000000001e6799f8 is an unknown value
R8 =0x0000000000000000 is an unknown value
R9 =0x0000000000000000 is an unknown value
R10=0x0000000002b18c3b is at code_begin+891 in an Interpreter codelet
method entry point (kind = native)  [0x0000000002b188c0, 0x0000000002b19280]  2496 bytes
R11=0x00000000585cc460 is an unknown value
R12=0x0000000000000000 is an unknown value
R13=0x000000001614f510 is pointing into metadata
R14=0x0000000000000000 is an unknown value
R15=0x000000001e679800 is a thread


Stack: [0x000000002b950000,0x000000002ba50000],  sp=0x000000002ba4ee78,  free space=1019k
Native frames: (J=compiled Java code, j=interpreted, Vv=VM code, C=native code)
C  [opencv_core320.dll+0x5bc60]

Java frames: (J=compiled Java code, j=interpreted, Vv=VM code)
j  org.bytedeco.javacpp.opencv_core.cvGetSeqElem(Lorg/bytedeco/javacpp/opencv_core$CvSeq;I)Lorg/bytedeco/javacpp/BytePointer;+0
j  application.FaceDetector.printResult(Lorg/bytedeco/javacpp/opencv_core$CvSeq;ILjava/awt/Graphics2D;)V+16
j  application.FaceDetector.run()V+539
j  java.lang.Thread.run()V+11
v  ~StubRoutines::call_stub

---------------  P R O C E S S  ---------------

Java Threads: ( => current thread )
=>0x000000001e679800 JavaThread "Thread-5" [_thread_in_native, id=13764, stack(0x000000002b950000,0x000000002ba50000)]
  0x000000001e676800 JavaThread "Prism Font Disposer" daemon [_thread_blocked, id=12936, stack(0x0000000023370000,0x0000000023470000)]
  0x000000001e750800 JavaThread "AWT-Windows" daemon [_thread_in_native, id=17336, stack(0x000000001fae0000,0x000000001fbe0000)]
  0x000000001e854800 JavaThread "Java2D Disposer" daemon [_thread_blocked, id=3464, stack(0x000000001f450000,0x000000001f550000)]
  0x00000000187fd800 JavaThread "JavaCPP Deallocator" daemon [_thread_blocked, id=4224, stack(0x000000001f350000,0x000000001f450000)]
  0x00000000184fd800 JavaThread "JavaFX-Launcher" [_thread_blocked, id=14036, stack(0x000000001e060000,0x000000001e160000)]
  0x00000000184fc800 JavaThread "Thread-2" daemon [_thread_in_native, id=356, stack(0x000000001d9e0000,0x000000001dae0000)]
  0x00000000184e6800 JavaThread "JavaFX Application Thread" [_thread_in_native, id=11104, stack(0x0000000018ff0000,0x00000000190f0000)]
  0x00000000184e2800 JavaThread "Thread-1" daemon [_thread_blocked, id=14120, stack(0x0000000018ef0000,0x0000000018ff0000)]
  0x00000000180a6800 JavaThread "QuantumRenderer-0" daemon [_thread_blocked, id=7564, stack(0x0000000018cd0000,0x0000000018dd0000)]
  0x0000000017d10800 JavaThread "Service Thread" daemon [_thread_blocked, id=7368, stack(0x00000000180e0000,0x00000000181e0000)]
  0x0000000016392000 JavaThread "C1 CompilerThread2" daemon [_thread_blocked, id=3068, stack(0x0000000017be0000,0x0000000017ce0000)]
  0x000000001638f000 JavaThread "C2 CompilerThread1" daemon [_thread_blocked, id=1396, stack(0x0000000017ae0000,0x0000000017be0000)]
  0x0000000016388000 JavaThread "C2 CompilerThread0" daemon [_thread_blocked, id=9712, stack(0x00000000179e0000,0x0000000017ae0000)]
  0x0000000016387000 JavaThread "Attach Listener" daemon [_thread_blocked, id=3284, stack(0x00000000178e0000,0x00000000179e0000)]
  0x0000000016385800 JavaThread "Signal Dispatcher" daemon [_thread_blocked, id=12792, stack(0x00000000177e0000,0x00000000178e0000)]
  0x0000000016370000 JavaThread "Finalizer" daemon [_thread_blocked, id=5880, stack(0x00000000175f0000,0x00000000176f0000)]
  0x0000000002af8000 JavaThread "Reference Handler" daemon [_thread_blocked, id=6536, stack(0x00000000174f0000,0x00000000175f0000)]
  0x0000000002a07000 JavaThread "main" [_thread_blocked, id=4232, stack(0x0000000002850000,0x0000000002950000)]

Other Threads:
  0x0000000016347800 VMThread [stack: 0x00000000173f0000,0x00000000174f0000] [id=2644]
  0x00000000163de800 WatcherThread [stack: 0x00000000181e0000,0x00000000182e0000] [id=17180]

VM state:not at safepoint (normal execution)

VM Mutex/Monitor currently owned by a thread: None

Heap:
 PSYoungGen      total 107520K, used 65309K [0x00000000e0980000, 0x00000000e8000000, 0x0000000100000000)
  eden space 96768K, 58% used [0x00000000e0980000,0x00000000e412f220,0x00000000e6800000)
  from space 10752K, 77% used [0x00000000e7580000,0x00000000e7d98410,0x00000000e8000000)
  to   space 12288K, 0% used [0x00000000e6800000,0x00000000e6800000,0x00000000e7400000)
 ParOldGen       total 91136K, used 39522K [0x00000000a1c00000, 0x00000000a7500000, 0x00000000e0980000)
  object space 91136K, 43% used [0x00000000a1c00000,0x00000000a42988e0,0x00000000a7500000)
 Metaspace       used 27719K, capacity 28772K, committed 29056K, reserved 1075200K
  class space    used 3634K, capacity 3853K, committed 3968K, reserved 1048576K

Card table byte_map: [0x0000000011ec0000,0x00000000121c0000] byte_map_base: 0x00000000119b2000

Marking Bits: (ParMarkBitMap*) 0x0000000058bc08c0
 Begin Bits: [0x00000000127c0000, 0x0000000013f50000)
 End Bits:   [0x0000000013f50000, 0x00000000156e0000)

Polling page: 0x0000000000e50000

CodeCache: size=245760Kb used=12836Kb max_used=12842Kb free=232924Kb
 bounds [0x0000000002b00000, 0x00000000037a0000, 0x0000000011b00000]
 total_blobs=4921 nmethods=4014 adapters=819
 compilation: enabled

Compilation events (10 events):
Event: 31.480 Thread 0x0000000016392000 4376       1       java.io.OutputStream::flush (1 bytes)
Event: 31.481 Thread 0x0000000016392000 nmethod 4376 0x00000000032ac650 code [0x00000000032ac7a0, 0x00000000032ac8b0]
Event: 31.797 Thread 0x0000000016392000 4378       3       javafx.scene.control.Labeled$StyleableProperties$1::getStyleableProperty (9 bytes)
Event: 31.798 Thread 0x0000000016392000 nmethod 4378 0x000000000378bc90 code [0x000000000378be60, 0x000000000378c8c8]
Event: 31.798 Thread 0x0000000016392000 4379       3       javafx.scene.control.Labeled$StyleableProperties$1::getStyleableProperty (8 bytes)
Event: 31.799 Thread 0x0000000016392000 nmethod 4379 0x0000000003788d50 code [0x0000000003788f80, 0x0000000003789aa8]
Event: 31.848 Thread 0x0000000016388000 4380       4       com.sun.prism.impl.GlyphCache::render (326 bytes)
Event: 31.927 Thread 0x000000001638f000 4381       4       com.sun.prism.impl.ps.BaseShaderGraphics::len (39 bytes)
Event: 31.927 Thread 0x000000001638f000 nmethod 4381 0x00000000036aa810 code [0x00000000036aa980, 0x00000000036aaa18]
Event: 31.929 Thread 0x0000000016388000 nmethod 4380 0x00000000037901d0 code [0x00000000037905a0, 0x0000000003792a28]

GC Heap History (10 events):
Event: 21.263 GC heap before
{Heap before GC invocations=11 (full 1):
 PSYoungGen      total 91648K, used 86040K [0x00000000e0980000, 0x00000000e7a80000, 0x0000000100000000)
  eden space 76800K, 99% used [0x00000000e0980000,0x00000000e5461d18,0x00000000e5480000)
  from space 14848K, 63% used [0x00000000e5480000,0x00000000e5da4420,0x00000000e6300000)
  to   space 14848K, 0% used [0x00000000e6c00000,0x00000000e6c00000,0x00000000e7a80000)
 ParOldGen       total 91136K, used 39482K [0x00000000a1c00000, 0x00000000a7500000, 0x00000000e0980000)
  object space 91136K, 43% used [0x00000000a1c00000,0x00000000a428e8e0,0x00000000a7500000)
 Metaspace       used 27351K, capacity 28448K, committed 28800K, reserved 1075200K
  class space    used 3633K, capacity 3853K, committed 3968K, reserved 1048576K
Event: 21.268 GC heap after
Heap after GC invocations=11 (full 1):
 PSYoungGen      total 95744K, used 8161K [0x00000000e0980000, 0x00000000e7700000, 0x0000000100000000)
  eden space 84480K, 0% used [0x00000000e0980000,0x00000000e0980000,0x00000000e5c00000)
  from space 11264K, 72% used [0x00000000e6c00000,0x00000000e73f8410,0x00000000e7700000)
  to   space 13824K, 0% used [0x00000000e5c00000,0x00000000e5c00000,0x00000000e6980000)
 ParOldGen       total 91136K, used 39490K [0x00000000a1c00000, 0x00000000a7500000, 0x00000000e0980000)
  object space 91136K, 43% used [0x00000000a1c00000,0x00000000a42908e0,0x00000000a7500000)
 Metaspace       used 27351K, capacity 28448K, committed 28800K, reserved 1075200K
  class space    used 3633K, capacity 3853K, committed 3968K, reserved 1048576K
}
Event: 23.506 GC heap before
{Heap before GC invocations=12 (full 1):
 PSYoungGen      total 95744K, used 92378K [0x00000000e0980000, 0x00000000e7700000, 0x0000000100000000)
  eden space 84480K, 99% used [0x00000000e0980000,0x00000000e5bbe4a0,0x00000000e5c00000)
  from space 11264K, 72% used [0x00000000e6c00000,0x00000000e73f8410,0x00000000e7700000)
  to   space 13824K, 0% used [0x00000000e5c00000,0x00000000e5c00000,0x00000000e6980000)
 ParOldGen       total 91136K, used 39490K [0x00000000a1c00000, 0x00000000a7500000, 0x00000000e0980000)
  object space 91136K, 43% used [0x00000000a1c00000,0x00000000a42908e0,0x00000000a7500000)
 Metaspace       used 27408K, capacity 28452K, committed 28800K, reserved 1075200K
  class space    used 3633K, capacity 3853K, committed 3968K, reserved 1048576K
Event: 23.511 GC heap after
Heap after GC invocations=12 (full 1):
 PSYoungGen      total 98304K, used 8177K [0x00000000e0980000, 0x00000000e7d80000, 0x0000000100000000)
  eden space 84480K, 0% used [0x00000000e0980000,0x00000000e0980000,0x00000000e5c00000)
  from space 13824K, 59% used [0x00000000e5c00000,0x00000000e63fc420,0x00000000e6980000)
  to   space 13312K, 0% used [0x00000000e7080000,0x00000000e7080000,0x00000000e7d80000)
 ParOldGen       total 91136K, used 39498K [0x00000000a1c00000, 0x00000000a7500000, 0x00000000e0980000)
  object space 91136K, 43% used [0x00000000a1c00000,0x00000000a42928e0,0x00000000a7500000)
 Metaspace       used 27408K, capacity 28452K, committed 28800K, reserved 1075200K
  class space    used 3633K, capacity 3853K, committed 3968K, reserved 1048576K
}
Event: 25.813 GC heap before
{Heap before GC invocations=13 (full 1):
 PSYoungGen      total 98304K, used 92555K [0x00000000e0980000, 0x00000000e7d80000, 0x0000000100000000)
  eden space 84480K, 99% used [0x00000000e0980000,0x00000000e5be6940,0x00000000e5c00000)
  from space 13824K, 59% used [0x00000000e5c00000,0x00000000e63fc420,0x00000000e6980000)
  to   space 13312K, 0% used [0x00000000e7080000,0x00000000e7080000,0x00000000e7d80000)
 ParOldGen       total 91136K, used 39498K [0x00000000a1c00000, 0x00000000a7500000, 0x00000000e0980000)
  object space 91136K, 43% used [0x00000000a1c00000,0x00000000a42928e0,0x00000000a7500000)
 Metaspace       used 27446K, capacity 28516K, committed 28800K, reserved 1075200K
  class space    used 3633K, capacity 3853K, committed 3968K, reserved 1048576K
Event: 25.818 GC heap after
Heap after GC invocations=13 (full 1):
 PSYoungGen      total 102400K, used 8177K [0x00000000e0980000, 0x00000000e7b80000, 0x0000000100000000)
  eden space 91136K, 0% used [0x00000000e0980000,0x00000000e0980000,0x00000000e6280000)
  from space 11264K, 72% used [0x00000000e7080000,0x00000000e787c420,0x00000000e7b80000)
  to   space 12800K, 0% used [0x00000000e6280000,0x00000000e6280000,0x00000000e6f00000)
 ParOldGen       total 91136K, used 39506K [0x00000000a1c00000, 0x00000000a7500000, 0x00000000e0980000)
  object space 91136K, 43% used [0x00000000a1c00000,0x00000000a42948e0,0x00000000a7500000)
 Metaspace       used 27446K, capacity 28516K, committed 28800K, reserved 1075200K
  class space    used 3633K, capacity 3853K, committed 3968K, reserved 1048576K
}
Event: 28.172 GC heap before
{Heap before GC invocations=14 (full 1):
 PSYoungGen      total 102400K, used 98525K [0x00000000e0980000, 0x00000000e7b80000, 0x0000000100000000)
  eden space 91136K, 99% used [0x00000000e0980000,0x00000000e61bb0f8,0x00000000e6280000)
  from space 11264K, 72% used [0x00000000e7080000,0x00000000e787c420,0x00000000e7b80000)
  to   space 12800K, 0% used [0x00000000e6280000,0x00000000e6280000,0x00000000e6f00000)
 ParOldGen       total 91136K, used 39506K [0x00000000a1c00000, 0x00000000a7500000, 0x00000000e0980000)
  object space 91136K, 43% used [0x00000000a1c00000,0x00000000a42948e0,0x00000000a7500000)
 Metaspace       used 27529K, capacity 28580K, committed 28800K, reserved 1075200K
  class space    used 3634K, capacity 3853K, committed 3968K, reserved 1048576K
Event: 28.178 GC heap after
Heap after GC invocations=14 (full 1):
 PSYoungGen      total 103936K, used 9409K [0x00000000e0980000, 0x00000000e8200000, 0x0000000100000000)
  eden space 91136K, 0% used [0x00000000e0980000,0x00000000e0980000,0x00000000e6280000)
  from space 12800K, 73% used [0x00000000e6280000,0x00000000e6bb0430,0x00000000e6f00000)
  to   space 12800K, 0% used [0x00000000e7580000,0x00000000e7580000,0x00000000e8200000)
 ParOldGen       total 91136K, used 39514K [0x00000000a1c00000, 0x00000000a7500000, 0x00000000e0980000)
  object space 91136K, 43% used [0x00000000a1c00000,0x00000000a42968e0,0x00000000a7500000)
 Metaspace       used 27529K, capacity 28580K, committed 28800K, reserved 1075200K
  class space    used 3634K, capacity 3853K, committed 3968K, reserved 1048576K
}
Event: 30.628 GC heap before
{Heap before GC invocations=15 (full 1):
 PSYoungGen      total 103936K, used 99628K [0x00000000e0980000, 0x00000000e8200000, 0x0000000100000000)
  eden space 91136K, 98% used [0x00000000e0980000,0x00000000e619afa0,0x00000000e6280000)
  from space 12800K, 73% used [0x00000000e6280000,0x00000000e6bb0430,0x00000000e6f00000)
  to   space 12800K, 0% used [0x00000000e7580000,0x00000000e7580000,0x00000000e8200000)
 ParOldGen       total 91136K, used 39514K [0x00000000a1c00000, 0x00000000a7500000, 0x00000000e0980000)
  object space 91136K, 43% used [0x00000000a1c00000,0x00000000a42968e0,0x00000000a7500000)
 Metaspace       used 27713K, capacity 28772K, committed 29056K, reserved 1075200K
  class space    used 3634K, capacity 3853K, committed 3968K, reserved 1048576K
Event: 30.633 GC heap after
Heap after GC invocations=15 (full 1):
 PSYoungGen      total 107520K, used 8289K [0x00000000e0980000, 0x00000000e8000000, 0x0000000100000000)
  eden space 96768K, 0% used [0x00000000e0980000,0x00000000e0980000,0x00000000e6800000)
  from space 10752K, 77% used [0x00000000e7580000,0x00000000e7d98410,0x00000000e8000000)
  to   space 12288K, 0% used [0x00000000e6800000,0x00000000e6800000,0x00000000e7400000)
 ParOldGen       total 91136K, used 39522K [0x00000000a1c00000, 0x00000000a7500000, 0x00000000e0980000)
  object space 91136K, 43% used [0x00000000a1c00000,0x00000000a42988e0,0x00000000a7500000)
 Metaspace       used 27713K, capacity 28772K, committed 29056K, reserved 1075200K
  class space    used 3634K, capacity 3853K, committed 3968K, reserved 1048576K
}

Deoptimization events (10 events):
Event: 12.967 Thread 0x00000000180a6800 Uncommon trap: reason=unstable_if action=reinterpret pc=0x00000000032f0e84 method=com.sun.javafx.geom.RectBounds.isEmpty()Z @ 21
Event: 13.561 Thread 0x000000001e679800 Uncommon trap: reason=unstable_if action=reinterpret pc=0x00000000034eb3a4 method=org.bytedeco.javacv.Java2DFrameConverter.flipCopyWithGamma(Ljava/nio/ByteBuffer;ILjava/nio/ByteBuffer;IZDZI)V @ 50
Event: 13.573 Thread 0x00000000184e6800 Uncommon trap: reason=class_check action=maybe_recompile pc=0x00000000033104e4 method=javafx.scene.Node.updateLocalToParentTransform()V @ 11
Event: 13.600 Thread 0x000000001e679800 Uncommon trap: reason=unstable_if action=reinterpret pc=0x00000000034ffcc8 method=com.sun.javafx.image.impl.IntTo4ByteSameConverter.doConvert([III[BIIII)V @ 29
Event: 15.429 Thread 0x00000000180a6800 Uncommon trap: reason=unstable_if action=reinterpret pc=0x000000000329f3e8 method=java.util.WeakHashMap.expungeStaleEntries()V @ 66
Event: 17.021 Thread 0x00000000180a6800 Uncommon trap: reason=unstable_if action=reinterpret pc=0x000000000359a63c method=com.sun.prism.d3d.D3DTextureResource.isValid()Z @ 4
Event: 27.812 Thread 0x00000000184e6800 Uncommon trap: reason=unstable_if action=reinterpret pc=0x0000000003048e28 method=javafx.scene.Node.impl_intersectsBounds(Lcom/sun/javafx/geom/PickRay;)D @ 902
Event: 30.146 Thread 0x00000000180a6800 Uncommon trap: reason=bimorphic action=maybe_recompile pc=0x0000000002d53434 method=com.sun.javafx.sg.prism.NGNode.clearDirtyTree()V @ 1
Event: 30.146 Thread 0x00000000180a6800 Uncommon trap: reason=bimorphic action=maybe_recompile pc=0x0000000002d53434 method=com.sun.javafx.sg.prism.NGNode.clearDirtyTree()V @ 1
Event: 30.149 Thread 0x00000000180a6800 Uncommon trap: reason=unstable_if action=reinterpret pc=0x000000000304bad4 method=com.sun.scenario.effect.impl.state.BoxRenderState.validateWeights()V @ 147

Classes redefined (0 events):
No events

Internal exceptions (10 events):
Event: 31.530 Thread 0x000000001e679800 Exception <a 'java/lang/RuntimeException'> (0x00000000e0bf8838) thrown at [C:\re\workspace\8-2-build-windows-amd64-cygwin\jdk8u171\10807\hotspot\src\share\vm\prims\jni.cpp, line 709]
Event: 31.578 Thread 0x000000001e679800 Exception <a 'java/lang/RuntimeException'> (0x00000000e0bfb260) thrown at [C:\re\workspace\8-2-build-windows-amd64-cygwin\jdk8u171\10807\hotspot\src\share\vm\prims\jni.cpp, line 709]
Event: 31.624 Thread 0x000000001e679800 Exception <a 'java/lang/RuntimeException'> (0x00000000e0bfdc88) thrown at [C:\re\workspace\8-2-build-windows-amd64-cygwin\jdk8u171\10807\hotspot\src\share\vm\prims\jni.cpp, line 709]
Event: 31.686 Thread 0x000000001e679800 Exception <a 'java/lang/RuntimeException'> (0x00000000e0c006b0) thrown at [C:\re\workspace\8-2-build-windows-amd64-cygwin\jdk8u171\10807\hotspot\src\share\vm\prims\jni.cpp, line 709]
Event: 31.755 Thread 0x000000001e679800 Exception <a 'java/lang/RuntimeException'> (0x00000000e0c030d8) thrown at [C:\re\workspace\8-2-build-windows-amd64-cygwin\jdk8u171\10807\hotspot\src\share\vm\prims\jni.cpp, line 709]
Event: 31.832 Thread 0x000000001e679800 Exception <a 'java/lang/RuntimeException'> (0x00000000e0c05b00) thrown at [C:\re\workspace\8-2-build-windows-amd64-cygwin\jdk8u171\10807\hotspot\src\share\vm\prims\jni.cpp, line 709]
Event: 31.906 Thread 0x000000001e679800 Exception <a 'java/lang/RuntimeException'> (0x00000000e0c08528) thrown at [C:\re\workspace\8-2-build-windows-amd64-cygwin\jdk8u171\10807\hotspot\src\share\vm\prims\jni.cpp, line 709]
Event: 31.964 Thread 0x000000001e679800 Exception <a 'java/lang/RuntimeException'> (0x00000000e0c0af50) thrown at [C:\re\workspace\8-2-build-windows-amd64-cygwin\jdk8u171\10807\hotspot\src\share\vm\prims\jni.cpp, line 709]
Event: 32.027 Thread 0x000000001e679800 Exception <a 'java/lang/RuntimeException'> (0x00000000e0c0d978) thrown at [C:\re\workspace\8-2-build-windows-amd64-cygwin\jdk8u171\10807\hotspot\src\share\vm\prims\jni.cpp, line 709]
Event: 32.092 Thread 0x000000001e679800 Exception <a 'java/lang/RuntimeException'> (0x00000000e0c103a0) thrown at [C:\re\workspace\8-2-build-windows-amd64-cygwin\jdk8u171\10807\hotspot\src\share\vm\prims\jni.cpp, line 709]

Events (10 events):
Event: 30.146 Thread 0x00000000180a6800 Uncommon trap: trap_request=0xffffffc6 fr.pc=0x0000000002d53434
Event: 30.146 Thread 0x00000000180a6800 DEOPT PACKING pc=0x0000000002d53434 sp=0x0000000018dce870
Event: 30.146 Thread 0x00000000180a6800 DEOPT UNPACKING pc=0x0000000002b4583b sp=0x0000000018dce810 mode 2
Event: 30.149 Thread 0x00000000180a6800 Uncommon trap: trap_request=0xffffff65 fr.pc=0x000000000304bad4
Event: 30.149 Thread 0x00000000180a6800 DEOPT PACKING pc=0x000000000304bad4 sp=0x0000000018dcda90
Event: 30.149 Thread 0x00000000180a6800 DEOPT UNPACKING pc=0x0000000002b4583b sp=0x0000000018dcd9f8 mode 2
Event: 30.628 Executing VM operation: ParallelGCFailedAllocation
Event: 30.633 Executing VM operation: ParallelGCFailedAllocation done
Event: 30.711 Thread 0x00000000180a6800 DEOPT PACKING pc=0x00000000037542f9 sp=0x0000000018dcde60
Event: 30.711 Thread 0x00000000180a6800 DEOPT UNPACKING pc=0x0000000002b47890 sp=0x0000000018dcdbf0 mode 0


Dynamic libraries:
0x00007ff7995b0000 - 0x00007ff7995e7000 	C:\Program Files\Java\jre1.8.0_171\bin\javaw.exe
0x00007ffaad910000 - 0x00007ffaadaf1000 	C:\WINDOWS\SYSTEM32\ntdll.dll
0x00007ffaaaed0000 - 0x00007ffaaaf82000 	C:\WINDOWS\System32\KERNEL32.DLL
0x00007ffaaa460000 - 0x00007ffaaa6d3000 	C:\WINDOWS\System32\KERNELBASE.dll
0x00007ffaab3e0000 - 0x00007ffaab481000 	C:\WINDOWS\System32\ADVAPI32.dll
0x00007ffaab4f0000 - 0x00007ffaab58e000 	C:\WINDOWS\System32\msvcrt.dll
0x00007ffaad630000 - 0x00007ffaad68b000 	C:\WINDOWS\System32\sechost.dll
0x00007ffaacc10000 - 0x00007ffaacd34000 	C:\WINDOWS\System32\RPCRT4.dll
0x00007ffaad020000 - 0x00007ffaad1b0000 	C:\WINDOWS\System32\USER32.dll
0x00007ffaaa3f0000 - 0x00007ffaaa410000 	C:\WINDOWS\System32\win32u.dll
0x00007ffaab590000 - 0x00007ffaab5b8000 	C:\WINDOWS\System32\GDI32.dll
0x00007ffaaa7c0000 - 0x00007ffaaa952000 	C:\WINDOWS\System32\gdi32full.dll
0x00007ffaaad00000 - 0x00007ffaaad9f000 	C:\WINDOWS\System32\msvcp_win.dll
0x00007ffaaac00000 - 0x00007ffaaacfa000 	C:\WINDOWS\System32\ucrtbase.dll
0x00007ffa976f0000 - 0x00007ffa97959000 	C:\WINDOWS\WinSxS\amd64_microsoft.windows.common-controls_6595b64144ccf1df_6.0.17134.81_none_b4b229fe3cb4cfa3\COMCTL32.dll
0x00007ffaad210000 - 0x00007ffaad533000 	C:\WINDOWS\System32\combase.dll
0x00007ffaaa6e0000 - 0x00007ffaaa75a000 	C:\WINDOWS\System32\bcryptPrimitives.dll
0x00007ffaaae40000 - 0x00007ffaaae6d000 	C:\WINDOWS\System32\IMM32.DLL
0x000000005a250000 - 0x000000005a322000 	C:\Program Files\Java\jre1.8.0_171\bin\msvcr100.dll
0x00000000583a0000 - 0x0000000058c40000 	C:\Program Files\Java\jre1.8.0_171\bin\server\jvm.dll
0x00007ffaad820000 - 0x00007ffaad828000 	C:\WINDOWS\System32\PSAPI.DLL
0x00007ffaa6110000 - 0x00007ffaa6119000 	C:\WINDOWS\SYSTEM32\WSOCK32.dll
0x00007ffaa1bc0000 - 0x00007ffaa1be3000 	C:\WINDOWS\SYSTEM32\WINMM.dll
0x00007ffaa3730000 - 0x00007ffaa373a000 	C:\WINDOWS\SYSTEM32\VERSION.dll
0x00007ffaaca00000 - 0x00007ffaaca6c000 	C:\WINDOWS\System32\WS2_32.dll
0x00007ffaa1b90000 - 0x00007ffaa1bba000 	C:\WINDOWS\SYSTEM32\winmmbase.dll
0x00007ffaaa410000 - 0x00007ffaaa459000 	C:\WINDOWS\System32\cfgmgr32.dll
0x000000005a700000 - 0x000000005a70f000 	C:\Program Files\Java\jre1.8.0_171\bin\verify.dll
0x000000005a6d0000 - 0x000000005a6f9000 	C:\Program Files\Java\jre1.8.0_171\bin\java.dll
0x000000005a6b0000 - 0x000000005a6c6000 	C:\Program Files\Java\jre1.8.0_171\bin\zip.dll
0x00007ffaab5c0000 - 0x00007ffaaca00000 	C:\WINDOWS\System32\SHELL32.dll
0x00007ffaad830000 - 0x00007ffaad8d9000 	C:\WINDOWS\System32\shcore.dll
0x00007ffaa9ce0000 - 0x00007ffaaa3ed000 	C:\WINDOWS\System32\windows.storage.dll
0x00007ffaaae70000 - 0x00007ffaaaec1000 	C:\WINDOWS\System32\shlwapi.dll
0x00007ffaa9c50000 - 0x00007ffaa9c61000 	C:\WINDOWS\System32\kernel.appcore.dll
0x00007ffaa9c20000 - 0x00007ffaa9c3f000 	C:\WINDOWS\System32\profapi.dll
0x00007ffaa9c70000 - 0x00007ffaa9cbc000 	C:\WINDOWS\System32\powrprof.dll
0x00007ffaa9c40000 - 0x00007ffaa9c4a000 	C:\WINDOWS\System32\FLTLIB.DLL
0x0000000002960000 - 0x0000000002963000 	C:\Program Files\Java\jre1.8.0_171\bin\api-ms-win-core-console-l1-1-0.dll
0x0000000002970000 - 0x0000000002973000 	C:\Program Files\Java\jre1.8.0_171\bin\api-ms-win-core-datetime-l1-1-0.dll
0x0000000002980000 - 0x0000000002983000 	C:\Program Files\Java\jre1.8.0_171\bin\api-ms-win-core-debug-l1-1-0.dll
0x0000000002990000 - 0x0000000002993000 	C:\Program Files\Java\jre1.8.0_171\bin\api-ms-win-core-errorhandling-l1-1-0.dll
0x00000000029a0000 - 0x00000000029a4000 	C:\Program Files\Java\jre1.8.0_171\bin\api-ms-win-core-file-l1-1-0.dll
0x00000000029b0000 - 0x00000000029b3000 	C:\Program Files\Java\jre1.8.0_171\bin\api-ms-win-core-file-l1-2-0.dll
0x00000000029c0000 - 0x00000000029c3000 	C:\Program Files\Java\jre1.8.0_171\bin\api-ms-win-core-file-l2-1-0.dll
0x00000000029d0000 - 0x00000000029d3000 	C:\Program Files\Java\jre1.8.0_171\bin\api-ms-win-core-handle-l1-1-0.dll
0x00000000029e0000 - 0x00000000029e3000 	C:\Program Files\Java\jre1.8.0_171\bin\api-ms-win-core-heap-l1-1-0.dll
0x00000000182e0000 - 0x00000000182e3000 	C:\Program Files\Java\jre1.8.0_171\bin\api-ms-win-core-interlocked-l1-1-0.dll
0x00000000182f0000 - 0x00000000182f3000 	C:\Program Files\Java\jre1.8.0_171\bin\api-ms-win-core-libraryloader-l1-1-0.dll
0x0000000018300000 - 0x0000000018303000 	C:\Program Files\Java\jre1.8.0_171\bin\api-ms-win-core-localization-l1-2-0.dll
0x0000000018310000 - 0x0000000018313000 	C:\Program Files\Java\jre1.8.0_171\bin\api-ms-win-core-memory-l1-1-0.dll
0x0000000018320000 - 0x0000000018323000 	C:\Program Files\Java\jre1.8.0_171\bin\api-ms-win-core-namedpipe-l1-1-0.dll
0x0000000018330000 - 0x0000000018333000 	C:\Program Files\Java\jre1.8.0_171\bin\api-ms-win-core-processenvironment-l1-1-0.dll
0x0000000018340000 - 0x0000000018343000 	C:\Program Files\Java\jre1.8.0_171\bin\api-ms-win-core-processthreads-l1-1-0.dll
0x0000000018350000 - 0x0000000018353000 	C:\Program Files\Java\jre1.8.0_171\bin\api-ms-win-core-processthreads-l1-1-1.dll
0x0000000018360000 - 0x0000000018363000 	C:\Program Files\Java\jre1.8.0_171\bin\api-ms-win-core-profile-l1-1-0.dll
0x0000000018370000 - 0x0000000018373000 	C:\Program Files\Java\jre1.8.0_171\bin\api-ms-win-core-rtlsupport-l1-1-0.dll
0x0000000018380000 - 0x0000000018383000 	C:\Program Files\Java\jre1.8.0_171\bin\api-ms-win-core-string-l1-1-0.dll
0x0000000018390000 - 0x0000000018393000 	C:\Program Files\Java\jre1.8.0_171\bin\api-ms-win-core-synch-l1-1-0.dll
0x00000000183a0000 - 0x00000000183a3000 	C:\Program Files\Java\jre1.8.0_171\bin\api-ms-win-core-synch-l1-2-0.dll
0x00000000183b0000 - 0x00000000183b3000 	C:\Program Files\Java\jre1.8.0_171\bin\api-ms-win-core-sysinfo-l1-1-0.dll
0x00000000183c0000 - 0x00000000183c3000 	C:\Program Files\Java\jre1.8.0_171\bin\api-ms-win-core-timezone-l1-1-0.dll
0x00000000183d0000 - 0x00000000183d3000 	C:\Program Files\Java\jre1.8.0_171\bin\api-ms-win-core-util-l1-1-0.dll
0x00000000183e0000 - 0x00000000183e3000 	C:\Program Files\Java\jre1.8.0_171\bin\api-ms-win-crt-conio-l1-1-0.dll
0x00000000183f0000 - 0x00000000183f4000 	C:\Program Files\Java\jre1.8.0_171\bin\api-ms-win-crt-convert-l1-1-0.dll
0x0000000018400000 - 0x0000000018403000 	C:\Program Files\Java\jre1.8.0_171\bin\api-ms-win-crt-environment-l1-1-0.dll
0x0000000018410000 - 0x0000000018413000 	C:\Program Files\Java\jre1.8.0_171\bin\api-ms-win-crt-filesystem-l1-1-0.dll
0x0000000018420000 - 0x0000000018423000 	C:\Program Files\Java\jre1.8.0_171\bin\api-ms-win-crt-heap-l1-1-0.dll
0x0000000018430000 - 0x0000000018433000 	C:\Program Files\Java\jre1.8.0_171\bin\api-ms-win-crt-locale-l1-1-0.dll
0x0000000018440000 - 0x0000000018445000 	C:\Program Files\Java\jre1.8.0_171\bin\api-ms-win-crt-math-l1-1-0.dll
0x0000000018450000 - 0x0000000018455000 	C:\Program Files\Java\jre1.8.0_171\bin\api-ms-win-crt-multibyte-l1-1-0.dll
0x0000000018460000 - 0x0000000018470000 	C:\Program Files\Java\jre1.8.0_171\bin\api-ms-win-crt-private-l1-1-0.dll
0x0000000018470000 - 0x0000000018473000 	C:\Program Files\Java\jre1.8.0_171\bin\api-ms-win-crt-process-l1-1-0.dll
0x0000000018480000 - 0x0000000018484000 	C:\Program Files\Java\jre1.8.0_171\bin\api-ms-win-crt-runtime-l1-1-0.dll
0x0000000018490000 - 0x0000000018494000 	C:\Program Files\Java\jre1.8.0_171\bin\api-ms-win-crt-stdio-l1-1-0.dll
0x00000000184a0000 - 0x00000000184a4000 	C:\Program Files\Java\jre1.8.0_171\bin\api-ms-win-crt-string-l1-1-0.dll
0x00000000184b0000 - 0x00000000184b3000 	C:\Program Files\Java\jre1.8.0_171\bin\api-ms-win-crt-time-l1-1-0.dll
0x00000000184c0000 - 0x00000000184c3000 	C:\Program Files\Java\jre1.8.0_171\bin\api-ms-win-crt-utility-l1-1-0.dll
0x00007ffa89ad0000 - 0x00007ffa89bc6000 	C:\Program Files\Java\jre1.8.0_171\bin\ucrtbase.dll
0x00007ffa8c8f0000 - 0x00007ffa8c941000 	C:\Program Files\Java\jre1.8.0_171\bin\concrt140.dll
0x00007ffaa5a70000 - 0x00007ffaa5a86000 	C:\Program Files\Java\jre1.8.0_171\bin\VCRUNTIME140.dll
0x00007ffa85c10000 - 0x00007ffa85cac000 	C:\Program Files\Java\jre1.8.0_171\bin\MSVCP140.dll
0x000000005a220000 - 0x000000005a243000 	C:\Program Files\Java\jre1.8.0_171\bin\prism_d3d.dll
0x00007ffa84ca0000 - 0x00007ffa84e37000 	C:\WINDOWS\system32\d3d9.dll
0x00007ffaa86e0000 - 0x00007ffaa8709000 	C:\WINDOWS\SYSTEM32\dwmapi.dll
0x00007ffaa8610000 - 0x00007ffaa86a8000 	C:\WINDOWS\system32\uxtheme.dll
0x00007ffa623d0000 - 0x00007ffa646b3000 	C:\WINDOWS\SYSTEM32\igdumdim64.dll
0x00007ffaaaf90000 - 0x00007ffaab3db000 	C:\WINDOWS\System32\SETUPAPI.dll
0x00007ffaad730000 - 0x00007ffaad7f2000 	C:\WINDOWS\System32\OLEAUT32.dll
0x00007ffaacec0000 - 0x00007ffaad011000 	C:\WINDOWS\System32\ole32.dll
0x000000005a1d0000 - 0x000000005a219000 	C:\Program Files\Java\jre1.8.0_171\bin\glass.dll
0x00007ffaad540000 - 0x00007ffaad62d000 	C:\WINDOWS\System32\COMDLG32.dll
0x00007ffaacd40000 - 0x00007ffaaceb5000 	C:\WINDOWS\System32\MSCTF.dll
0x00007ffa93610000 - 0x00007ffa94002000 	C:\WINDOWS\SYSTEM32\igdusc64.dll
0x00007ffa90c70000 - 0x00007ffa90e9f000 	C:\Program Files\Acer\Acer Power Management\SysHook.dll
0x00007ffaa8380000 - 0x00007ffaa8387000 	C:\WINDOWS\SYSTEM32\MSIMG32.dll
0x00007ffa98150000 - 0x00007ffa981d4000 	C:\WINDOWS\SYSTEM32\WINSPOOL.DRV
0x00007ffa9ad90000 - 0x00007ffa9af2a000 	C:\WINDOWS\WinSxS\amd64_microsoft.windows.gdiplus_6595b64144ccf1df_1.1.17134.81_none_3479991c504cebcb\gdiplus.dll
0x00007ffaa3900000 - 0x00007ffaa396b000 	C:\WINDOWS\SYSTEM32\OLEACC.dll
0x00007ffaa91c0000 - 0x00007ffaa91f8000 	C:\WINDOWS\SYSTEM32\IPHLPAPI.DLL
0x00007ffa9f6c0000 - 0x00007ffa9f874000 	C:\WINDOWS\SYSTEM32\PROPSYS.dll
0x00007ffaa9720000 - 0x00007ffaa9745000 	C:\WINDOWS\SYSTEM32\bcrypt.dll
0x00007ffa81650000 - 0x00007ffa8173f000 	C:\Users\Roman-PC\.javacpp\cache\opencv-3.2.0-1.3-windows-x86_64.jar\org\bytedeco\javacpp\windows-x86_64\msvcr120.dll
0x00007ffa7e320000 - 0x00007ffa7e3c6000 	C:\Users\Roman-PC\.javacpp\cache\opencv-3.2.0-1.3-windows-x86_64.jar\org\bytedeco\javacpp\windows-x86_64\msvcp120.dll
0x00007ffa79960000 - 0x00007ffa79be8000 	C:\Users\Roman-PC\.javacpp\cache\opencv-3.2.0-1.3-windows-x86_64.jar\org\bytedeco\javacpp\windows-x86_64\opencv_core320.dll
0x00007ffa793f0000 - 0x00007ffa79752000 	C:\Users\Roman-PC\.javacpp\cache\opencv-3.2.0-1.3-windows-x86_64.jar\org\bytedeco\javacpp\windows-x86_64\opencv_imgproc320.dll
0x00007ffa79040000 - 0x00007ffa7928a000 	C:\Users\Roman-PC\.javacpp\cache\opencv-3.2.0-1.3-windows-x86_64.jar\org\bytedeco\javacpp\windows-x86_64\jniopencv_core.dll
0x000000005a730000 - 0x000000005a74a000 	C:\Program Files\Java\jre1.8.0_171\bin\net.dll
0x00007ffaa9440000 - 0x00007ffaa94a6000 	C:\WINDOWS\system32\mswsock.dll
0x000000005a710000 - 0x000000005a721000 	C:\Program Files\Java\jre1.8.0_171\bin\nio.dll
0x000000005a030000 - 0x000000005a1c8000 	C:\Program Files\Java\jre1.8.0_171\bin\awt.dll
0x00007ffaa8240000 - 0x00007ffaa82cb000 	C:\WINDOWS\SYSTEM32\apphelp.dll
0x000000005a010000 - 0x000000005a024000 	C:\Program Files\Java\jre1.8.0_171\bin\javafx_font.dll
0x00007ffa93050000 - 0x00007ffa9336c000 	C:\WINDOWS\SYSTEM32\dwrite.dll
0x00007ffaaada0000 - 0x00007ffaaae40000 	C:\WINDOWS\System32\clbcatq.dll
0x00007ffaa6a90000 - 0x00007ffaa6c3e000 	C:\WINDOWS\SYSTEM32\WindowsCodecs.dll
0x00007ffa9b4b0000 - 0x00007ffa9b508000 	C:\WINDOWS\system32\dataexchange.dll
0x00007ffaa6da0000 - 0x00007ffaa70ab000 	C:\WINDOWS\system32\d3d11.dll
0x00007ffaa7ae0000 - 0x00007ffaa7c7c000 	C:\WINDOWS\system32\dcomp.dll
0x00007ffaa8ab0000 - 0x00007ffaa8b6b000 	C:\WINDOWS\system32\dxgi.dll
0x00007ffaa5650000 - 0x00007ffaa5808000 	C:\WINDOWS\system32\twinapi.appcore.dll
0x00007ffaa5620000 - 0x00007ffaa5641000 	C:\WINDOWS\system32\RMCLIENT.dll
0x00007ffa9c5e0000 - 0x00007ffa9c614000 	C:\Program Files\Common Files\Microsoft Shared\Ink\rtscom.dll
0x00007ffa9a110000 - 0x00007ffa9a1a8000 	C:\WINDOWS\System32\TextInputFramework.dll
0x00007ffaa6610000 - 0x00007ffaa692e000 	C:\WINDOWS\System32\CoreUIComponents.dll
0x00007ffaa8020000 - 0x00007ffaa80fa000 	C:\WINDOWS\System32\CoreMessaging.dll
0x00007ffaa8dc0000 - 0x00007ffaa8df1000 	C:\WINDOWS\SYSTEM32\ntmarta.dll
0x00007ffaa6450000 - 0x00007ffaa659d000 	C:\WINDOWS\SYSTEM32\wintypes.dll

VM Arguments:
jvm_args: -Djava.library.path=C:\Users\Administrator\Desktop\opencv\build\java\x64 -Dfile.encoding=Cp1252 
java_command: application.Main
java_class_path (initial): C:\Users\Roman-PC\git\ExoVisix\target\classes;C:\Users\Roman-PC\git\ExoVisix\bin\opencv-341.jar;C:\Users\Roman-PC\.m2\repository\org\bytedeco\javacv-platform\1.3.2\javacv-platform-1.3.2.jar;C:\Users\Roman-PC\.m2\repository\org\bytedeco\javacv\1.3.2\javacv-1.3.2.jar;C:\Users\Roman-PC\.m2\repository\org\bytedeco\javacpp\1.3.2\javacpp-1.3.2.jar;C:\Users\Roman-PC\.m2\repository\org\bytedeco\javacpp-presets\opencv\3.2.0-1.3\opencv-3.2.0-1.3.jar;C:\Users\Roman-PC\.m2\repository\org\bytedeco\javacpp-presets\ffmpeg\3.2.1-1.3\ffmpeg-3.2.1-1.3.jar;C:\Users\Roman-PC\.m2\repository\org\bytedeco\javacpp-presets\flycapture\2.9.3.43-1.3\flycapture-2.9.3.43-1.3.jar;C:\Users\Roman-PC\.m2\repository\org\bytedeco\javacpp-presets\libdc1394\2.2.4-1.3\libdc1394-2.2.4-1.3.jar;C:\Users\Roman-PC\.m2\repository\org\bytedeco\javacpp-presets\libfreenect\0.5.3-1.3\libfreenect-0.5.3-1.3.jar;C:\Users\Roman-PC\.m2\repository\org\bytedeco\javacpp-presets\libfreenect2\0.2.0-1.3\libfreenect2-0.2.0-1.3.jar;C:\Users\Roman-PC\.m2\repository\org\bytedeco\javacpp-presets\librealsense\1.9.6-1.3\librealsense-1.9.6-1.3.jar;C:\Users\Roman-PC\.m2\repository\org\bytedeco\javacpp-presets\videoinput\0.200-1.3\videoinput-0.200-1.3.jar;C:\Users\Roman-PC\.m2\repository\org\bytedeco\javacpp-presets\artoolkitplus\2.3.1-1.3\artoolkitplus-2.3.1-1.3.jar;C:\Users\Roman-PC\.m2\repository\org\bytedeco\javacpp-presets\flandmark\1.07-1.3\flandmark-1.07-1.3.jar;C:\Users\Roman-PC\.m2\repository\org\bytedeco\javacpp-presets\opencv-platform\3.2.0-1.3\opencv-platform-3.2.0-1.3.jar;C:\Users\Roman-PC\.m2\repository\org\bytedeco\javacpp-presets\opencv\3.2.0-1.3\opencv-3.2.0-1.3-android-arm.jar;C:\Users\Roman-PC\.m2\repository\org\bytedeco\javacpp-presets\opencv\3.2.0-1.3\opencv-3.2.0-1.3-android-x86.jar;C:\Users\Roman-PC\.m2\repository\org\bytedeco\javacpp-presets\opencv\3.2.0-1.3\opencv-3.2.0-1.3-linux-x86.jar;C:\Users\Roman-PC\.m2\repository\org\bytedeco\javacpp-presets\opencv\3.2.0-1.3\opencv-3.2.0-1.3
Launcher Type: SUN_STANDARD

Environment Variables:
JAVA_HOME=C:\Program Files\Java\jdk1.8.0_111
PATH=C:/Program Files/Java/jre1.8.0_171/bin/server;C:/Program Files/Java/jre1.8.0_171/bin;C:/Program Files/Java/jre1.8.0_171/lib/amd64;C:\Program Files (x86)\Common Files\Oracle\Java\javapath;C:\ProgramData\Oracle\Java\javapath;C:\Program Files (x86)\Intel\iCLS Client\;C:\Program Files\Intel\iCLS Client\;C:\Windows\system32;C:\Windows;C:\Windows\System32\Wbem;C:\Windows\System32\WindowsPowerShell\v1.0\;C:\Program Files\Intel\Intel(R) Management Engine Components\DAL;C:\Program Files\Intel\Intel(R) Management Engine Components\IPT;C:\Program Files (x86)\Intel\Intel(R) Management Engine Components\DAL;C:\Program Files (x86)\Intel\Intel(R) Management Engine Components\IPT;C:\Program Files\Acer\Remote Files\;C:\Program Files (x86)\Windows Live\Shared;C:\WINDOWS\system32;C:\WINDOWS;C:\WINDOWS\System32\Wbem;C:\WINDOWS\System32\WindowsPowerShell\v1.0\;C:\Program Files\dotnet\;C:\Program Files (x86)\Brackets\command;C:\WINDOWS\System32\OpenSSH\;C:\Program Files\Java\jdk1.8.0_111\bin;C:\Users\Roman-PC\AppData\Local\Microsoft\WindowsApps;;C:\Users\Roman-PC\Downloads\Compressed\eclipse;
USERNAME=Roman-PC
OS=Windows_NT
PROCESSOR_IDENTIFIER=Intel64 Family 6 Model 69 Stepping 1, GenuineIntel



---------------  S Y S T E M  ---------------

OS: Windows 10.0 , 64 bit Build 17134 (10.0.17134.1)

CPU:total 4 (initial active 4) (2 cores per cpu, 2 threads per core) family 6 model 69 stepping 1, cmov, cx8, fxsr, mmx, sse, sse2, sse3, ssse3, sse4.1, sse4.2, popcnt, avx, avx2, aes, clmul, erms, lzcnt, ht, tsc, tscinvbit, bmi1, bmi2

Memory: 4k page, physical 6168856k(2311072k free), swap 9557588k(4722368k free)

vm_info: Java HotSpot(TM) 64-Bit Server VM (25.171-b11) for windows-amd64 JRE (1.8.0_171-b11), built on Mar 28 2018 16:06:12 by "java_re" with MS VC++ 10.0 (VS2010)

time: Fri Jun 08 18:32:12 2018
elapsed time: 32 seconds (0d 0h 0m 32s)

