#
# A fatal error has been detected by the Java Runtime Environment:
#
#  EXCEPTION_UNCAUGHT_CXX_EXCEPTION (0xe06d7363) at pc=0x00007ffe49dbf218, pid=20592, tid=0x00000000000047f4
#
# JRE version: Java(TM) SE Runtime Environment (8.0_171-b11) (build 1.8.0_171-b11)
# Java VM: Java HotSpot(TM) 64-Bit Server VM (25.171-b11 mixed mode windows-amd64 compressed oops)
# Problematic frame:
# C  [KERNELBASE.dll+0x3f218]
#
# Failed to write core dump. Minidumps are not enabled by default on client versions of Windows
#
# If you would like to submit a bug report, please visit:
#   http://bugreport.java.com/bugreport/crash.jsp
# The crash happened outside the Java Virtual Machine in native code.
# See problematic frame for where to report the bug.
#

---------------  T H R E A D  ---------------

Current thread (0x000000002256a000):  JavaThread "Thread-5" [_thread_in_native, id=18420, stack(0x000000002e2c0000,0x000000002e3c0000)]

siginfo: ExceptionCode=0xe06d7363, ExceptionInformation=0x0000000019930520 0x000000002e3af200 0x00007ffe2231cd78 0x00007ffe220d0000 

Registers:
RAX=0x0000000000000000, RBX=0x00007ffe2231cd78, RCX=0x0000000000000000, RDX=0x0000000000000000
RSP=0x000000002e3af070, RBP=0x000000002e3af1b0, RSI=0x00007ffe222ad5f8, RDI=0x000000002e3af200
R8 =0x0000000000000000, R9 =0x0000000000000000, R10=0x0000000000000000, R11=0x0000000000000000
R12=0x00000000ffffffe5, R13=0x0000000000000000, R14=0x00007ffe222ad520, R15=0x000000002e3bf3a8
RIP=0x00007ffe49dbf218, EFLAGS=0x0000000000000206

Top of Stack: (sp=0x000000002e3af070)
0x000000002e3af070:   0000000000000000 00007ffe2231cd78
0x000000002e3af080:   00007ffe222ad5f8 000000002e3af200
0x000000002e3af090:   00000001e06d7363 0000000000000000
0x000000002e3af0a0:   00007ffe49dbf218 0000000000000004
0x000000002e3af0b0:   0000000019930520 000000002e3af200
0x000000002e3af0c0:   00007ffe2231cd78 00007ffe220d0000
0x000000002e3af0d0:   00007ffe222ad520 00000000ffffffe5
0x000000002e3af0e0:   000000002e3af200 00007ffe222ad5f8
0x000000002e3af0f0:   000000002e3af1b0 00007ffe4cd8a39f
0x000000002e3af100:   000000002e3af1c0 00007ffe00000000
0x000000002e3af110:   000000002e3af200 00007ffe2380d306
0x000000002e3af120:   00007ffe2233f000 00007ffe220d0000
0x000000002e3af130:   00007e22d045fc6f 00007ffe2388c4d0
0x000000002e3af140:   00007ffe2231cd78 00007ffe2380ef63
0x000000002e3af150:   000000002e3af200 00007ffe237deb8d
0x000000002e3af160:   00007ffe2388c4d0 00007ffe222ad5f8 

Instructions: (pc=0x00007ffe49dbf218)
0x00007ffe49dbf1f8:   49 8b d1 44 0f 47 c0 44 89 44 24 38 49 c1 e0 03
0x00007ffe49dbf208:   e8 fa db 03 00 48 8d 4c 24 20 ff 15 60 32 14 00
0x00007ffe49dbf218:   48 8b 8c 24 c0 00 00 00 48 33 cc e8 28 ab 03 00
0x00007ffe49dbf228:   48 81 c4 d8 00 00 00 c3 83 64 24 38 00 eb d6 cc 


Register to memory mapping:

RAX=0x0000000000000000 is an unknown value
RBX=0x00007ffe2231cd78 is an unknown value
RCX=0x0000000000000000 is an unknown value
RDX=0x0000000000000000 is an unknown value
RSP=0x000000002e3af070 is pointing into the stack for thread: 0x000000002256a000
RBP=0x000000002e3af1b0 is pointing into the stack for thread: 0x000000002256a000
RSI=0x00007ffe222ad5f8 is an unknown value
RDI=0x000000002e3af200 is pointing into the stack for thread: 0x000000002256a000
R8 =0x0000000000000000 is an unknown value
R9 =0x0000000000000000 is an unknown value
R10=0x0000000000000000 is an unknown value
R11=0x0000000000000000 is an unknown value
R12=0x00000000ffffffe5 is an unallocated location in the heap
R13=0x0000000000000000 is an unknown value
R14=0x00007ffe222ad520 is an unknown value
R15=0x000000002e3bf3a8 is pointing into the stack for thread: 0x000000002256a000


Stack: [0x000000002e2c0000,0x000000002e3c0000],  sp=0x000000002e3af070,  free space=956k
Native frames: (J=compiled Java code, j=interpreted, Vv=VM code, C=native code)
C  [KERNELBASE.dll+0x3f218]
C  [msvcr120.dll+0x5ef63]
C  [opencv_core320.dll+0x1a2c34]
C  [opencv_core320.dll+0x1a2d76]
C  [opencv_core320.dll+0x5ac08]
C  [jniopencv_core.dll+0xb644b]
C  0x00000000034d8c67

Java frames: (J=compiled Java code, j=interpreted, Vv=VM code)
j  org.bytedeco.javacpp.opencv_core.cvClearMemStorage(Lorg/bytedeco/javacpp/opencv_core$CvMemStorage;)V+0
j  application.FaceDetector.run()V+243
j  java.lang.Thread.run()V+11
v  ~StubRoutines::call_stub

---------------  P R O C E S S  ---------------

Java Threads: ( => current thread )
  0x0000000022566800 JavaThread "DestroyJavaVM" [_thread_blocked, id=11960, stack(0x00000000032c0000,0x00000000033c0000)]
=>0x000000002256a000 JavaThread "Thread-5" [_thread_in_native, id=18420, stack(0x000000002e2c0000,0x000000002e3c0000)]
  0x0000000021db7800 JavaThread "Prism Font Disposer" daemon [_thread_blocked, id=3052, stack(0x0000000025340000,0x0000000025440000)]
  0x000000001a8d5800 JavaThread "AWT-Windows" daemon [_thread_in_native, id=3876, stack(0x0000000023470000,0x0000000023570000)]
  0x000000001a8d4800 JavaThread "Java2D Disposer" daemon [_thread_blocked, id=9220, stack(0x0000000023270000,0x0000000023370000)]
  0x000000001a4a2000 JavaThread "JavaCPP Deallocator" daemon [_thread_blocked, id=9992, stack(0x0000000022e30000,0x0000000022f30000)]
  0x0000000019d58000 JavaThread "Thread-2" daemon [_thread_in_native, id=9196, stack(0x0000000021a60000,0x0000000021b60000)]
  0x0000000019d48800 JavaThread "Thread-1" daemon [_thread_blocked, id=8892, stack(0x000000001abf0000,0x000000001acf0000)]
  0x0000000019998800 JavaThread "Service Thread" daemon [_thread_blocked, id=5516, stack(0x0000000019d60000,0x0000000019e60000)]
  0x000000001801b000 JavaThread "C1 CompilerThread2" daemon [_thread_blocked, id=4264, stack(0x0000000019860000,0x0000000019960000)]
  0x000000001800c800 JavaThread "C2 CompilerThread1" daemon [_thread_blocked, id=9600, stack(0x0000000019760000,0x0000000019860000)]
  0x0000000018009000 JavaThread "C2 CompilerThread0" daemon [_thread_blocked, id=16460, stack(0x0000000019660000,0x0000000019760000)]
  0x0000000018007000 JavaThread "Attach Listener" daemon [_thread_blocked, id=20016, stack(0x0000000019560000,0x0000000019660000)]
  0x0000000018006000 JavaThread "Signal Dispatcher" daemon [_thread_blocked, id=5384, stack(0x0000000019460000,0x0000000019560000)]
  0x0000000017ff0000 JavaThread "Finalizer" daemon [_thread_blocked, id=1360, stack(0x0000000019270000,0x0000000019370000)]
  0x00000000034b7800 JavaThread "Reference Handler" daemon [_thread_blocked, id=11168, stack(0x0000000019170000,0x0000000019270000)]

Other Threads:
  0x0000000017fc7000 VMThread [stack: 0x0000000019070000,0x0000000019170000] [id=17592]
  0x000000001805e800 WatcherThread [stack: 0x0000000019e60000,0x0000000019f60000] [id=8204]

VM state:not at safepoint (normal execution)

VM Mutex/Monitor currently owned by a thread: None

Heap:
 PSYoungGen      total 46080K, used 19023K [0x00000000d5e00000, 0x00000000d9100000, 0x0000000100000000)
  eden space 40960K, 33% used [0x00000000d5e00000,0x00000000d6b98cb8,0x00000000d8600000)
  from space 5120K, 99% used [0x00000000d8b00000,0x00000000d8ffb220,0x00000000d9000000)
  to   space 5120K, 0% used [0x00000000d8600000,0x00000000d8600000,0x00000000d8b00000)
 ParOldGen       total 90112K, used 26591K [0x0000000081a00000, 0x0000000087200000, 0x00000000d5e00000)
  object space 90112K, 29% used [0x0000000081a00000,0x00000000833f7d30,0x0000000087200000)
 Metaspace       used 26836K, capacity 27946K, committed 28208K, reserved 1073152K
  class space    used 3618K, capacity 3860K, committed 3888K, reserved 1048576K

Card table byte_map: [0x0000000012880000,0x0000000012c80000] byte_map_base: 0x0000000012473000

Marking Bits: (ParMarkBitMap*) 0x000000005abe08c0
 Begin Bits: [0x0000000013330000, 0x00000000152c8000)
 End Bits:   [0x00000000152c8000, 0x0000000017260000)

Polling page: 0x00000000013d0000

CodeCache: size=245760Kb used=9407Kb max_used=10049Kb free=236352Kb
 bounds [0x00000000034c0000, 0x0000000003ea0000, 0x00000000124c0000]
 total_blobs=3824 nmethods=2917 adapters=819
 compilation: enabled

Compilation events (10 events):
Event: 26.741 Thread 0x000000001801b000 3147       1       sun.java2d.loops.GraphicsPrimitive::getUniqueID (5 bytes)
Event: 26.741 Thread 0x000000001801b000 nmethod 3147 0x000000000377a3d0 code [0x000000000377a520, 0x000000000377a630]
Event: 26.741 Thread 0x000000001801b000 3148       3       sun.java2d.loops.GraphicsPrimitiveMgr$1::compare (39 bytes)
Event: 26.742 Thread 0x000000001801b000 nmethod 3148 0x00000000038af950 code [0x00000000038afac0, 0x00000000038affd0]
Event: 26.744 Thread 0x000000001801b000 3149       3       sun.java2d.loops.GraphicsPrimitiveMgr$2::compare (39 bytes)
Event: 26.745 Thread 0x000000001801b000 nmethod 3149 0x00000000038ec390 code [0x00000000038ec500, 0x00000000038ec990]
Event: 26.746 Thread 0x000000001801b000 3150       1       sun.java2d.loops.CompositeType::getSuperType (5 bytes)
Event: 26.746 Thread 0x000000001801b000 nmethod 3150 0x00000000035f0450 code [0x00000000035f05a0, 0x00000000035f06b0]
Event: 26.746 Thread 0x000000001801b000 3151       3       java.util.Arrays::binarySearch0 (95 bytes)
Event: 26.748 Thread 0x000000001801b000 nmethod 3151 0x00000000035e6cd0 code [0x00000000035e6e60, 0x00000000035e7298]

GC Heap History (10 events):
Event: 3.495 GC heap before
{Heap before GC invocations=1 (full 0):
 PSYoungGen      total 38400K, used 33280K [0x00000000d5e00000, 0x00000000d8880000, 0x0000000100000000)
  eden space 33280K, 100% used [0x00000000d5e00000,0x00000000d7e80000,0x00000000d7e80000)
  from space 5120K, 0% used [0x00000000d8380000,0x00000000d8380000,0x00000000d8880000)
  to   space 5120K, 0% used [0x00000000d7e80000,0x00000000d7e80000,0x00000000d8380000)
 ParOldGen       total 87552K, used 0K [0x0000000081a00000, 0x0000000086f80000, 0x00000000d5e00000)
  object space 87552K, 0% used [0x0000000081a00000,0x0000000081a00000,0x0000000086f80000)
 Metaspace       used 14073K, capacity 14462K, committed 14720K, reserved 1062912K
  class space    used 1713K, capacity 1832K, committed 1920K, reserved 1048576K
Event: 3.521 GC heap after
Heap after GC invocations=1 (full 0):
 PSYoungGen      total 38400K, used 4578K [0x00000000d5e00000, 0x00000000d8880000, 0x0000000100000000)
  eden space 33280K, 0% used [0x00000000d5e00000,0x00000000d5e00000,0x00000000d7e80000)
  from space 5120K, 89% used [0x00000000d7e80000,0x00000000d82f88c8,0x00000000d8380000)
  to   space 5120K, 0% used [0x00000000d8380000,0x00000000d8380000,0x00000000d8880000)
 ParOldGen       total 87552K, used 80K [0x0000000081a00000, 0x0000000086f80000, 0x00000000d5e00000)
  object space 87552K, 0% used [0x0000000081a00000,0x0000000081a14010,0x0000000086f80000)
 Metaspace       used 14073K, capacity 14462K, committed 14720K, reserved 1062912K
  class space    used 1713K, capacity 1832K, committed 1920K, reserved 1048576K
}
Event: 4.647 GC heap before
{Heap before GC invocations=2 (full 0):
 PSYoungGen      total 38400K, used 25664K [0x00000000d5e00000, 0x00000000d8880000, 0x0000000100000000)
  eden space 33280K, 63% used [0x00000000d5e00000,0x00000000d7297808,0x00000000d7e80000)
  from space 5120K, 89% used [0x00000000d7e80000,0x00000000d82f88c8,0x00000000d8380000)
  to   space 5120K, 0% used [0x00000000d8380000,0x00000000d8380000,0x00000000d8880000)
 ParOldGen       total 87552K, used 19330K [0x0000000081a00000, 0x0000000086f80000, 0x00000000d5e00000)
  object space 87552K, 22% used [0x0000000081a00000,0x0000000082ce0820,0x0000000086f80000)
 Metaspace       used 20256K, capacity 21104K, committed 21296K, reserved 1067008K
  class space    used 2895K, capacity 3089K, committed 3120K, reserved 1048576K
Event: 4.654 GC heap after
Heap after GC invocations=2 (full 0):
 PSYoungGen      total 38400K, used 5091K [0x00000000d5e00000, 0x00000000d8880000, 0x0000000100000000)
  eden space 33280K, 0% used [0x00000000d5e00000,0x00000000d5e00000,0x00000000d7e80000)
  from space 5120K, 99% used [0x00000000d8380000,0x00000000d8878cc0,0x00000000d8880000)
  to   space 5120K, 0% used [0x00000000d7e80000,0x00000000d7e80000,0x00000000d8380000)
 ParOldGen       total 87552K, used 21306K [0x0000000081a00000, 0x0000000086f80000, 0x00000000d5e00000)
  object space 87552K, 24% used [0x0000000081a00000,0x0000000082ece820,0x0000000086f80000)
 Metaspace       used 20256K, capacity 21104K, committed 21296K, reserved 1067008K
  class space    used 2895K, capacity 3089K, committed 3120K, reserved 1048576K
}
Event: 4.654 GC heap before
{Heap before GC invocations=3 (full 1):
 PSYoungGen      total 38400K, used 5091K [0x00000000d5e00000, 0x00000000d8880000, 0x0000000100000000)
  eden space 33280K, 0% used [0x00000000d5e00000,0x00000000d5e00000,0x00000000d7e80000)
  from space 5120K, 99% used [0x00000000d8380000,0x00000000d8878cc0,0x00000000d8880000)
  to   space 5120K, 0% used [0x00000000d7e80000,0x00000000d7e80000,0x00000000d8380000)
 ParOldGen       total 87552K, used 21306K [0x0000000081a00000, 0x0000000086f80000, 0x00000000d5e00000)
  object space 87552K, 24% used [0x0000000081a00000,0x0000000082ece820,0x0000000086f80000)
 Metaspace       used 20256K, capacity 21104K, committed 21296K, reserved 1067008K
  class space    used 2895K, capacity 3089K, committed 3120K, reserved 1048576K
Event: 4.699 GC heap after
Heap after GC invocations=3 (full 1):
 PSYoungGen      total 38400K, used 0K [0x00000000d5e00000, 0x00000000d8880000, 0x0000000100000000)
  eden space 33280K, 0% used [0x00000000d5e00000,0x00000000d5e00000,0x00000000d7e80000)
  from space 5120K, 0% used [0x00000000d8380000,0x00000000d8380000,0x00000000d8880000)
  to   space 5120K, 0% used [0x00000000d7e80000,0x00000000d7e80000,0x00000000d8380000)
 ParOldGen       total 90112K, used 26320K [0x0000000081a00000, 0x0000000087200000, 0x00000000d5e00000)
  object space 90112K, 29% used [0x0000000081a00000,0x00000000833b43f0,0x0000000087200000)
 Metaspace       used 20256K, capacity 21104K, committed 21296K, reserved 1067008K
  class space    used 2895K, capacity 3089K, committed 3120K, reserved 1048576K
}
Event: 11.188 GC heap before
{Heap before GC invocations=4 (full 1):
 PSYoungGen      total 38400K, used 33280K [0x00000000d5e00000, 0x00000000d8880000, 0x0000000100000000)
  eden space 33280K, 100% used [0x00000000d5e00000,0x00000000d7e80000,0x00000000d7e80000)
  from space 5120K, 0% used [0x00000000d8380000,0x00000000d8380000,0x00000000d8880000)
  to   space 5120K, 0% used [0x00000000d7e80000,0x00000000d7e80000,0x00000000d8380000)
 ParOldGen       total 90112K, used 26320K [0x0000000081a00000, 0x0000000087200000, 0x00000000d5e00000)
  object space 90112K, 29% used [0x0000000081a00000,0x00000000833b43f0,0x0000000087200000)
 Metaspace       used 23097K, capacity 24118K, committed 24368K, reserved 1071104K
  class space    used 3266K, capacity 3514K, committed 3632K, reserved 1048576K
Event: 11.197 GC heap after
Heap after GC invocations=4 (full 1):
 PSYoungGen      total 38400K, used 5006K [0x00000000d5e00000, 0x00000000d9000000, 0x0000000100000000)
  eden space 33280K, 0% used [0x00000000d5e00000,0x00000000d5e00000,0x00000000d7e80000)
  from space 5120K, 97% used [0x00000000d7e80000,0x00000000d83639c0,0x00000000d8380000)
  to   space 5120K, 0% used [0x00000000d8b00000,0x00000000d8b00000,0x00000000d9000000)
 ParOldGen       total 90112K, used 26328K [0x0000000081a00000, 0x0000000087200000, 0x00000000d5e00000)
  object space 90112K, 29% used [0x0000000081a00000,0x00000000833b63f0,0x0000000087200000)
 Metaspace       used 23097K, capacity 24118K, committed 24368K, reserved 1071104K
  class space    used 3266K, capacity 3514K, committed 3632K, reserved 1048576K
}
Event: 12.964 GC heap before
{Heap before GC invocations=5 (full 1):
 PSYoungGen      total 38400K, used 38286K [0x00000000d5e00000, 0x00000000d9000000, 0x0000000100000000)
  eden space 33280K, 100% used [0x00000000d5e00000,0x00000000d7e80000,0x00000000d7e80000)
  from space 5120K, 97% used [0x00000000d7e80000,0x00000000d83639c0,0x00000000d8380000)
  to   space 5120K, 0% used [0x00000000d8b00000,0x00000000d8b00000,0x00000000d9000000)
 ParOldGen       total 90112K, used 26328K [0x0000000081a00000, 0x0000000087200000, 0x00000000d5e00000)
  object space 90112K, 29% used [0x0000000081a00000,0x00000000833b63f0,0x0000000087200000)
 Metaspace       used 24450K, capacity 25526K, committed 25776K, reserved 1071104K
  class space    used 3385K, capacity 3642K, committed 3760K, reserved 1048576K
Event: 12.973 GC heap after
Heap after GC invocations=5 (full 1):
 PSYoungGen      total 46080K, used 5100K [0x00000000d5e00000, 0x00000000d9100000, 0x0000000100000000)
  eden space 40960K, 0% used [0x00000000d5e00000,0x00000000d5e00000,0x00000000d8600000)
  from space 5120K, 99% used [0x00000000d8b00000,0x00000000d8ffb220,0x00000000d9000000)
  to   space 5120K, 0% used [0x00000000d8600000,0x00000000d8600000,0x00000000d8b00000)
 ParOldGen       total 90112K, used 26591K [0x0000000081a00000, 0x0000000087200000, 0x00000000d5e00000)
  object space 90112K, 29% used [0x0000000081a00000,0x00000000833f7d30,0x0000000087200000)
 Metaspace       used 24450K, capacity 25526K, committed 25776K, reserved 1071104K
  class space    used 3385K, capacity 3642K, committed 3760K, reserved 1048576K
}

Deoptimization events (10 events):
Event: 5.007 Thread 0x000000001a128800 Uncommon trap: reason=unstable_if action=reinterpret pc=0x00000000039cffbc method=java.io.BufferedInputStream.read1([BII)I @ 60
Event: 5.029 Thread 0x000000001a128800 Uncommon trap: reason=class_check action=maybe_recompile pc=0x00000000039aff24 method=java.io.BufferedInputStream.read1([BII)I @ 39
Event: 5.030 Thread 0x000000001a128800 Uncommon trap: reason=unstable_if action=reinterpret pc=0x00000000039afd6c method=java.io.BufferedInputStream.read1([BII)I @ 60
Event: 5.094 Thread 0x000000001a128800 Uncommon trap: reason=unstable_if action=reinterpret pc=0x0000000003b2dd80 method=java.util.WeakHashMap.eq(Ljava/lang/Object;Ljava/lang/Object;)Z @ 2
Event: 6.514 Thread 0x0000000019d5a800 Uncommon trap: reason=unstable_if action=reinterpret pc=0x0000000003b6eefc method=javafx.scene.Node.impl_isDirty(Lcom/sun/javafx/scene/DirtyBits;)Z @ 12
Event: 12.435 Thread 0x0000000019d5a800 Uncommon trap: reason=unstable_if action=reinterpret pc=0x00000000036ef648 method=java.lang.AbstractStringBuilder.append(Ljava/lang/String;)Ljava/lang/AbstractStringBuilder; @ 1
Event: 12.964 Thread 0x0000000019d5a800 Uncommon trap: reason=unstable_if action=reinterpret pc=0x00000000039f63fc method=java.lang.String.trim()Ljava/lang/String; @ 44
Event: 12.978 Thread 0x0000000019d5a800 Uncommon trap: reason=unstable_if action=reinterpret pc=0x0000000003c7a2fc method=java.lang.CharacterDataLatin1.isWhitespace(I)Z @ 14
Event: 13.290 Thread 0x0000000019d5a800 Uncommon trap: reason=unstable_if action=reinterpret pc=0x0000000003d048d0 method=java.net.URI.match(CJJ)Z @ 45
Event: 13.631 Thread 0x0000000019d5a800 Uncommon trap: reason=unstable_if action=reinterpret pc=0x0000000003d0669c method=java.net.URI$Parser.scan(IILjava/lang/String;Ljava/lang/String;)I @ 23

Classes redefined (0 events):
No events

Internal exceptions (10 events):
Event: 12.638 Thread 0x0000000019d5a800 Exception <a 'java/security/PrivilegedActionException'> (0x00000000d79ef800) thrown at [C:\re\workspace\8-2-build-windows-amd64-cygwin\jdk8u171\10807\hotspot\src\share\vm\prims\jvm.cpp, line 1435]
Event: 12.640 Thread 0x0000000019d5a800 Exception <a 'java/security/PrivilegedActionException'> (0x00000000d7a08b80) thrown at [C:\re\workspace\8-2-build-windows-amd64-cygwin\jdk8u171\10807\hotspot\src\share\vm\prims\jvm.cpp, line 1435]
Event: 12.640 Thread 0x0000000019d5a800 Exception <a 'java/security/PrivilegedActionException'> (0x00000000d7a09160) thrown at [C:\re\workspace\8-2-build-windows-amd64-cygwin\jdk8u171\10807\hotspot\src\share\vm\prims\jvm.cpp, line 1435]
Event: 12.642 Thread 0x0000000019d5a800 Exception <a 'java/security/PrivilegedActionException'> (0x00000000d7a22590) thrown at [C:\re\workspace\8-2-build-windows-amd64-cygwin\jdk8u171\10807\hotspot\src\share\vm\prims\jvm.cpp, line 1435]
Event: 12.642 Thread 0x0000000019d5a800 Exception <a 'java/security/PrivilegedActionException'> (0x00000000d7a22b70) thrown at [C:\re\workspace\8-2-build-windows-amd64-cygwin\jdk8u171\10807\hotspot\src\share\vm\prims\jvm.cpp, line 1435]
Event: 12.644 Thread 0x0000000019d5a800 Exception <a 'java/security/PrivilegedActionException'> (0x00000000d7a3c9e8) thrown at [C:\re\workspace\8-2-build-windows-amd64-cygwin\jdk8u171\10807\hotspot\src\share\vm\prims\jvm.cpp, line 1435]
Event: 12.644 Thread 0x0000000019d5a800 Exception <a 'java/security/PrivilegedActionException'> (0x00000000d7a3cfc8) thrown at [C:\re\workspace\8-2-build-windows-amd64-cygwin\jdk8u171\10807\hotspot\src\share\vm\prims\jvm.cpp, line 1435]
Event: 13.621 Thread 0x0000000019d5a800 Exception <a 'java/lang/NullPointerException'> (0x00000000d62b67e0) thrown at [C:\re\workspace\8-2-build-windows-amd64-cygwin\jdk8u171\10807\hotspot\src\share\vm\interpreter\linkResolver.cpp, line 1185]
Event: 13.621 Thread 0x0000000019d5a800 Exception <a 'java/lang/reflect/InvocationTargetException'> (0x00000000d62b6bd0) thrown at [C:\re\workspace\8-2-build-windows-amd64-cygwin\jdk8u171\10807\hotspot\src\share\vm\runtime\reflection.cpp, line 1092]
Event: 13.621 Thread 0x0000000019d5a800 Exception <a 'java/lang/RuntimeException'> (0x00000000d62b73c0) thrown at [C:\re\workspace\8-2-build-windows-amd64-cygwin\jdk8u171\10807\hotspot\src\share\vm\prims\jvm.cpp, line 1439]

Events (10 events):
Event: 26.678 loading class sun/java2d/loops/GraphicsPrimitiveProxy
Event: 26.698 loading class sun/java2d/loops/GraphicsPrimitiveProxy done
Event: 26.698 loading class sun/java2d/loops/GeneralRenderer
Event: 26.699 loading class sun/java2d/loops/GeneralRenderer done
Event: 26.739 loading class sun/java2d/loops/GraphicsPrimitiveMgr$1
Event: 26.739 loading class sun/java2d/loops/GraphicsPrimitiveMgr$1 done
Event: 26.739 loading class sun/java2d/loops/GraphicsPrimitiveMgr$2
Event: 26.740 loading class sun/java2d/loops/GraphicsPrimitiveMgr$2 done
Event: 26.740 loading class sun/java2d/loops/GraphicsPrimitiveMgr$PrimitiveSpec
Event: 26.740 loading class sun/java2d/loops/GraphicsPrimitiveMgr$PrimitiveSpec done


Dynamic libraries:
0x00007ff61fad0000 - 0x00007ff61fb07000 	C:\Program Files\Java\jre1.8.0_171\bin\javaw.exe
0x00007ffe4cd80000 - 0x00007ffe4cf61000 	C:\WINDOWS\SYSTEM32\ntdll.dll
0x00007ffe4cc90000 - 0x00007ffe4cd42000 	C:\WINDOWS\System32\KERNEL32.DLL
0x00007ffe49d80000 - 0x00007ffe49ff3000 	C:\WINDOWS\System32\KERNELBASE.dll
0x00007ffe4b680000 - 0x00007ffe4b721000 	C:\WINDOWS\System32\ADVAPI32.dll
0x00007ffe4b7d0000 - 0x00007ffe4b86e000 	C:\WINDOWS\System32\msvcrt.dll
0x00007ffe4be60000 - 0x00007ffe4bebb000 	C:\WINDOWS\System32\sechost.dll
0x00007ffe4b870000 - 0x00007ffe4b994000 	C:\WINDOWS\System32\RPCRT4.dll
0x00007ffe4c370000 - 0x00007ffe4c500000 	C:\WINDOWS\System32\USER32.dll
0x00007ffe4a000000 - 0x00007ffe4a020000 	C:\WINDOWS\System32\win32u.dll
0x00007ffe4b7a0000 - 0x00007ffe4b7c8000 	C:\WINDOWS\System32\GDI32.dll
0x00007ffe49150000 - 0x00007ffe492e2000 	C:\WINDOWS\System32\gdi32full.dll
0x00007ffe495d0000 - 0x00007ffe4966f000 	C:\WINDOWS\System32\msvcp_win.dll
0x00007ffe493d0000 - 0x00007ffe494ca000 	C:\WINDOWS\System32\ucrtbase.dll
0x00007ffe3da90000 - 0x00007ffe3dcf9000 	C:\WINDOWS\WinSxS\amd64_microsoft.windows.common-controls_6595b64144ccf1df_6.0.17134.81_none_b4b229fe3cb4cfa3\COMCTL32.dll
0x00007ffe4c500000 - 0x00007ffe4c823000 	C:\WINDOWS\System32\combase.dll
0x00007ffe49350000 - 0x00007ffe493ca000 	C:\WINDOWS\System32\bcryptPrimitives.dll
0x00007ffe4b650000 - 0x00007ffe4b67d000 	C:\WINDOWS\System32\IMM32.DLL
0x000000005c170000 - 0x000000005c242000 	C:\Program Files\Java\jre1.8.0_171\bin\msvcr100.dll
0x000000005a3c0000 - 0x000000005ac60000 	C:\Program Files\Java\jre1.8.0_171\bin\server\jvm.dll
0x00007ffe4bc20000 - 0x00007ffe4bc28000 	C:\WINDOWS\System32\PSAPI.DLL
0x00007ffe36290000 - 0x00007ffe36299000 	C:\WINDOWS\SYSTEM32\WSOCK32.dll
0x00007ffe3f140000 - 0x00007ffe3f14a000 	C:\WINDOWS\SYSTEM32\VERSION.dll
0x00007ffe45780000 - 0x00007ffe457a3000 	C:\WINDOWS\SYSTEM32\WINMM.dll
0x00007ffe4bc90000 - 0x00007ffe4bcfc000 	C:\WINDOWS\System32\WS2_32.dll
0x00007ffe456a0000 - 0x00007ffe456ca000 	C:\WINDOWS\SYSTEM32\winmmbase.dll
0x00007ffe494d0000 - 0x00007ffe49519000 	C:\WINDOWS\System32\cfgmgr32.dll
0x000000005c100000 - 0x000000005c10f000 	C:\Program Files\Java\jre1.8.0_171\bin\verify.dll
0x000000005a390000 - 0x000000005a3b9000 	C:\Program Files\Java\jre1.8.0_171\bin\java.dll
0x000000005a370000 - 0x000000005a386000 	C:\Program Files\Java\jre1.8.0_171\bin\zip.dll
0x00007ffe4a210000 - 0x00007ffe4b650000 	C:\WINDOWS\System32\SHELL32.dll
0x00007ffe4ba00000 - 0x00007ffe4baa9000 	C:\WINDOWS\System32\shcore.dll
0x00007ffe49670000 - 0x00007ffe49d7d000 	C:\WINDOWS\System32\windows.storage.dll
0x00007ffe4b9a0000 - 0x00007ffe4b9f1000 	C:\WINDOWS\System32\shlwapi.dll
0x00007ffe49110000 - 0x00007ffe49121000 	C:\WINDOWS\System32\kernel.appcore.dll
0x00007ffe49130000 - 0x00007ffe4914f000 	C:\WINDOWS\System32\profapi.dll
0x00007ffe490a0000 - 0x00007ffe490ec000 	C:\WINDOWS\System32\powrprof.dll
0x00007ffe49090000 - 0x00007ffe4909a000 	C:\WINDOWS\System32\FLTLIB.DLL
0x0000000002fe0000 - 0x0000000002fe3000 	C:\Program Files\Java\jre1.8.0_171\bin\api-ms-win-core-console-l1-1-0.dll
0x0000000002ff0000 - 0x0000000002ff3000 	C:\Program Files\Java\jre1.8.0_171\bin\api-ms-win-core-datetime-l1-1-0.dll
0x0000000003000000 - 0x0000000003003000 	C:\Program Files\Java\jre1.8.0_171\bin\api-ms-win-core-debug-l1-1-0.dll
0x0000000003010000 - 0x0000000003013000 	C:\Program Files\Java\jre1.8.0_171\bin\api-ms-win-core-errorhandling-l1-1-0.dll
0x0000000003020000 - 0x0000000003024000 	C:\Program Files\Java\jre1.8.0_171\bin\api-ms-win-core-file-l1-1-0.dll
0x0000000003030000 - 0x0000000003033000 	C:\Program Files\Java\jre1.8.0_171\bin\api-ms-win-core-file-l1-2-0.dll
0x0000000003040000 - 0x0000000003043000 	C:\Program Files\Java\jre1.8.0_171\bin\api-ms-win-core-file-l2-1-0.dll
0x0000000003050000 - 0x0000000003053000 	C:\Program Files\Java\jre1.8.0_171\bin\api-ms-win-core-handle-l1-1-0.dll
0x0000000003060000 - 0x0000000003063000 	C:\Program Files\Java\jre1.8.0_171\bin\api-ms-win-core-heap-l1-1-0.dll
0x0000000003070000 - 0x0000000003073000 	C:\Program Files\Java\jre1.8.0_171\bin\api-ms-win-core-interlocked-l1-1-0.dll
0x0000000003080000 - 0x0000000003083000 	C:\Program Files\Java\jre1.8.0_171\bin\api-ms-win-core-libraryloader-l1-1-0.dll
0x0000000003090000 - 0x0000000003093000 	C:\Program Files\Java\jre1.8.0_171\bin\api-ms-win-core-localization-l1-2-0.dll
0x0000000019f60000 - 0x0000000019f63000 	C:\Program Files\Java\jre1.8.0_171\bin\api-ms-win-core-memory-l1-1-0.dll
0x0000000019f70000 - 0x0000000019f73000 	C:\Program Files\Java\jre1.8.0_171\bin\api-ms-win-core-namedpipe-l1-1-0.dll
0x0000000019f80000 - 0x0000000019f83000 	C:\Program Files\Java\jre1.8.0_171\bin\api-ms-win-core-processenvironment-l1-1-0.dll
0x0000000019f90000 - 0x0000000019f93000 	C:\Program Files\Java\jre1.8.0_171\bin\api-ms-win-core-processthreads-l1-1-0.dll
0x0000000019fa0000 - 0x0000000019fa3000 	C:\Program Files\Java\jre1.8.0_171\bin\api-ms-win-core-processthreads-l1-1-1.dll
0x0000000019fb0000 - 0x0000000019fb3000 	C:\Program Files\Java\jre1.8.0_171\bin\api-ms-win-core-profile-l1-1-0.dll
0x0000000019fc0000 - 0x0000000019fc3000 	C:\Program Files\Java\jre1.8.0_171\bin\api-ms-win-core-rtlsupport-l1-1-0.dll
0x0000000019fd0000 - 0x0000000019fd3000 	C:\Program Files\Java\jre1.8.0_171\bin\api-ms-win-core-string-l1-1-0.dll
0x0000000019fe0000 - 0x0000000019fe3000 	C:\Program Files\Java\jre1.8.0_171\bin\api-ms-win-core-synch-l1-1-0.dll
0x0000000019ff0000 - 0x0000000019ff3000 	C:\Program Files\Java\jre1.8.0_171\bin\api-ms-win-core-synch-l1-2-0.dll
0x000000001a000000 - 0x000000001a003000 	C:\Program Files\Java\jre1.8.0_171\bin\api-ms-win-core-sysinfo-l1-1-0.dll
0x000000001a010000 - 0x000000001a013000 	C:\Program Files\Java\jre1.8.0_171\bin\api-ms-win-core-timezone-l1-1-0.dll
0x000000001a020000 - 0x000000001a023000 	C:\Program Files\Java\jre1.8.0_171\bin\api-ms-win-core-util-l1-1-0.dll
0x000000001a030000 - 0x000000001a033000 	C:\Program Files\Java\jre1.8.0_171\bin\api-ms-win-crt-conio-l1-1-0.dll
0x000000001a040000 - 0x000000001a044000 	C:\Program Files\Java\jre1.8.0_171\bin\api-ms-win-crt-convert-l1-1-0.dll
0x000000001a050000 - 0x000000001a053000 	C:\Program Files\Java\jre1.8.0_171\bin\api-ms-win-crt-environment-l1-1-0.dll
0x000000001a060000 - 0x000000001a063000 	C:\Program Files\Java\jre1.8.0_171\bin\api-ms-win-crt-filesystem-l1-1-0.dll
0x000000001a070000 - 0x000000001a073000 	C:\Program Files\Java\jre1.8.0_171\bin\api-ms-win-crt-heap-l1-1-0.dll
0x000000001a080000 - 0x000000001a083000 	C:\Program Files\Java\jre1.8.0_171\bin\api-ms-win-crt-locale-l1-1-0.dll
0x000000001a090000 - 0x000000001a095000 	C:\Program Files\Java\jre1.8.0_171\bin\api-ms-win-crt-math-l1-1-0.dll
0x000000001a0a0000 - 0x000000001a0a5000 	C:\Program Files\Java\jre1.8.0_171\bin\api-ms-win-crt-multibyte-l1-1-0.dll
0x000000001a0b0000 - 0x000000001a0c0000 	C:\Program Files\Java\jre1.8.0_171\bin\api-ms-win-crt-private-l1-1-0.dll
0x000000001a0c0000 - 0x000000001a0c3000 	C:\Program Files\Java\jre1.8.0_171\bin\api-ms-win-crt-process-l1-1-0.dll
0x000000001a0d0000 - 0x000000001a0d4000 	C:\Program Files\Java\jre1.8.0_171\bin\api-ms-win-crt-runtime-l1-1-0.dll
0x000000001a0e0000 - 0x000000001a0e4000 	C:\Program Files\Java\jre1.8.0_171\bin\api-ms-win-crt-stdio-l1-1-0.dll
0x000000001a0f0000 - 0x000000001a0f4000 	C:\Program Files\Java\jre1.8.0_171\bin\api-ms-win-crt-string-l1-1-0.dll
0x000000001a100000 - 0x000000001a103000 	C:\Program Files\Java\jre1.8.0_171\bin\api-ms-win-crt-time-l1-1-0.dll
0x000000001a110000 - 0x000000001a113000 	C:\Program Files\Java\jre1.8.0_171\bin\api-ms-win-crt-utility-l1-1-0.dll
0x00007ffe26010000 - 0x00007ffe26106000 	C:\Program Files\Java\jre1.8.0_171\bin\ucrtbase.dll
0x00007ffe3e890000 - 0x00007ffe3e8e1000 	C:\Program Files\Java\jre1.8.0_171\bin\concrt140.dll
0x00007ffe3ea40000 - 0x00007ffe3ea56000 	C:\Program Files\Java\jre1.8.0_171\bin\VCRUNTIME140.dll
0x00007ffe29280000 - 0x00007ffe2931c000 	C:\Program Files\Java\jre1.8.0_171\bin\MSVCP140.dll
0x000000005c140000 - 0x000000005c163000 	C:\Program Files\Java\jre1.8.0_171\bin\prism_d3d.dll
0x00007ffe2c3b0000 - 0x00007ffe2c547000 	C:\WINDOWS\system32\d3d9.dll
0x00007ffe475f0000 - 0x00007ffe47619000 	C:\WINDOWS\SYSTEM32\dwmapi.dll
0x00007ffe47520000 - 0x00007ffe475b8000 	C:\WINDOWS\system32\uxtheme.dll
0x00007ffe4bf60000 - 0x00007ffe4c022000 	C:\WINDOWS\System32\OLEAUT32.dll
0x00007ffe4bd00000 - 0x00007ffe4be51000 	C:\WINDOWS\System32\ole32.dll
0x00007ffe4c830000 - 0x00007ffe4cc7b000 	C:\WINDOWS\System32\SETUPAPI.dll
0x000000005c070000 - 0x000000005c0b9000 	C:\Program Files\Java\jre1.8.0_171\bin\glass.dll
0x00007ffe4bb30000 - 0x00007ffe4bc1d000 	C:\WINDOWS\System32\COMDLG32.dll
0x00007ffe4c030000 - 0x00007ffe4c1a5000 	C:\WINDOWS\System32\MSCTF.dll
0x00007ffe237b0000 - 0x00007ffe2389f000 	C:\Users\Rojan Shrestha\.javacpp\cache\opencv-3.2.0-1.3-windows-x86_64.jar\org\bytedeco\javacpp\windows-x86_64\msvcr120.dll
0x00007ffe23700000 - 0x00007ffe237a6000 	C:\Users\Rojan Shrestha\.javacpp\cache\opencv-3.2.0-1.3-windows-x86_64.jar\org\bytedeco\javacpp\windows-x86_64\msvcp120.dll
0x00007ffe220d0000 - 0x00007ffe22358000 	C:\Users\Rojan Shrestha\.javacpp\cache\opencv-3.2.0-1.3-windows-x86_64.jar\org\bytedeco\javacpp\windows-x86_64\opencv_core320.dll
0x00007ffe1eee0000 - 0x00007ffe1f242000 	C:\Users\Rojan Shrestha\.javacpp\cache\opencv-3.2.0-1.3-windows-x86_64.jar\org\bytedeco\javacpp\windows-x86_64\opencv_imgproc320.dll
0x00007ffe219d0000 - 0x00007ffe21c1a000 	C:\Users\Rojan Shrestha\.javacpp\cache\opencv-3.2.0-1.3-windows-x86_64.jar\org\bytedeco\javacpp\windows-x86_64\jniopencv_core.dll
0x000000005a350000 - 0x000000005a36a000 	C:\Program Files\Java\jre1.8.0_171\bin\net.dll
0x00007ffe488b0000 - 0x00007ffe48916000 	C:\WINDOWS\system32\mswsock.dll
0x000000005a330000 - 0x000000005a341000 	C:\Program Files\Java\jre1.8.0_171\bin\nio.dll
0x000000005bbd0000 - 0x000000005bd68000 	C:\Program Files\Java\jre1.8.0_171\bin\awt.dll
0x00007ffe47350000 - 0x00007ffe473db000 	C:\WINDOWS\SYSTEM32\apphelp.dll
0x000000005c120000 - 0x000000005c134000 	C:\Program Files\Java\jre1.8.0_171\bin\javafx_font.dll
0x00007ffe39a90000 - 0x00007ffe39dac000 	C:\WINDOWS\SYSTEM32\dwrite.dll
0x00007ffe4bec0000 - 0x00007ffe4bf60000 	C:\WINDOWS\System32\clbcatq.dll
0x00007ffe44e60000 - 0x00007ffe4500e000 	C:\WINDOWS\SYSTEM32\WindowsCodecs.dll
0x00007ffe428c0000 - 0x00007ffe42918000 	C:\WINDOWS\system32\dataexchange.dll
0x00007ffe46960000 - 0x00007ffe46c6b000 	C:\WINDOWS\system32\d3d11.dll
0x00007ffe46c70000 - 0x00007ffe46e0c000 	C:\WINDOWS\system32\dcomp.dll
0x00007ffe47d60000 - 0x00007ffe47e1b000 	C:\WINDOWS\system32\dxgi.dll
0x00007ffe452d0000 - 0x00007ffe45488000 	C:\WINDOWS\system32\twinapi.appcore.dll
0x00007ffe452a0000 - 0x00007ffe452c1000 	C:\WINDOWS\system32\RMCLIENT.dll
0x00007ffe3f680000 - 0x00007ffe3f718000 	C:\WINDOWS\System32\TextInputFramework.dll
0x00007ffe47150000 - 0x00007ffe4722a000 	C:\WINDOWS\System32\CoreMessaging.dll
0x00007ffe44970000 - 0x00007ffe44c8e000 	C:\WINDOWS\System32\CoreUIComponents.dll
0x00007ffe47fd0000 - 0x00007ffe48001000 	C:\WINDOWS\SYSTEM32\ntmarta.dll
0x00007ffe44820000 - 0x00007ffe4496d000 	C:\WINDOWS\SYSTEM32\wintypes.dll
0x000000005c050000 - 0x000000005c062000 	C:\Program Files\Java\jre1.8.0_171\bin\prism_common.dll
0x00007ffe46390000 - 0x00007ffe46957000 	C:\WINDOWS\SYSTEM32\d2d1.dll
0x00007ffe1b2a0000 - 0x00007ffe1ba1e000 	C:\WINDOWS\SYSTEM32\D3D10Warp.dll
0x00007ffe23610000 - 0x00007ffe23700000 	C:\Users\Rojan Shrestha\.javacpp\cache\opencv-3.2.0-1.3-windows-x86_64.jar\org\bytedeco\javacpp\windows-x86_64\jniopencv_imgproc.dll
0x00007ffe20d90000 - 0x00007ffe2105a000 	C:\Users\Rojan Shrestha\.javacpp\cache\opencv-3.2.0-1.3-windows-x86_64.jar\org\bytedeco\javacpp\windows-x86_64\opencv_imgcodecs320.dll
0x00007ffe3e970000 - 0x00007ffe3e995000 	C:\Users\Rojan Shrestha\.javacpp\cache\opencv-3.2.0-1.3-windows-x86_64.jar\org\bytedeco\javacpp\windows-x86_64\jniopencv_imgcodecs.dll
0x00007ffe3a700000 - 0x00007ffe3a74e000 	C:\Users\Rojan Shrestha\.javacpp\cache\opencv-3.2.0-1.3-windows-x86_64.jar\org\bytedeco\javacpp\windows-x86_64\opencv_videoio320.dll
0x00007ffe3e760000 - 0x00007ffe3e77f000 	C:\WINDOWS\SYSTEM32\AVIFIL32.dll
0x00007ffe3e9a0000 - 0x00007ffe3e9bc000 	C:\WINDOWS\SYSTEM32\MSACM32.dll
0x00007ffe3e700000 - 0x00007ffe3e718000 	C:\WINDOWS\SYSTEM32\AVICAP32.dll
0x00007ffe3e030000 - 0x00007ffe3e059000 	C:\WINDOWS\SYSTEM32\MSVFW32.dll

VM Arguments:
jvm_args: -Djava.library.path=C:\Users\Administrator\Desktop\opencv\build\java\x64 -Dfile.encoding=Cp1252 
java_command: application.Main
java_class_path (initial): C:\Users\Rojan Shrestha\Desktop\git\ExoVisix\target\classes;C:\Users\Rojan Shrestha\Desktop\git\ExoVisix\bin\opencv-341.jar;C:\Users\Rojan Shrestha\.m2\repository\org\bytedeco\javacv-platform\1.3.2\javacv-platform-1.3.2.jar;C:\Users\Rojan Shrestha\.m2\repository\org\bytedeco\javacv\1.3.2\javacv-1.3.2.jar;C:\Users\Rojan Shrestha\.m2\repository\org\bytedeco\javacpp\1.3.2\javacpp-1.3.2.jar;C:\Users\Rojan Shrestha\.m2\repository\org\bytedeco\javacpp-presets\opencv\3.2.0-1.3\opencv-3.2.0-1.3.jar;C:\Users\Rojan Shrestha\.m2\repository\org\bytedeco\javacpp-presets\ffmpeg\3.2.1-1.3\ffmpeg-3.2.1-1.3.jar;C:\Users\Rojan Shrestha\.m2\repository\org\bytedeco\javacpp-presets\flycapture\2.9.3.43-1.3\flycapture-2.9.3.43-1.3.jar;C:\Users\Rojan Shrestha\.m2\repository\org\bytedeco\javacpp-presets\libdc1394\2.2.4-1.3\libdc1394-2.2.4-1.3.jar;C:\Users\Rojan Shrestha\.m2\repository\org\bytedeco\javacpp-presets\libfreenect\0.5.3-1.3\libfreenect-0.5.3-1.3.jar;C:\Users\Rojan Shrestha\.m2\repository\org\bytedeco\javacpp-presets\libfreenect2\0.2.0-1.3\libfreenect2-0.2.0-1.3.jar;C:\Users\Rojan Shrestha\.m2\repository\org\bytedeco\javacpp-presets\librealsense\1.9.6-1.3\librealsense-1.9.6-1.3.jar;C:\Users\Rojan Shrestha\.m2\repository\org\bytedeco\javacpp-presets\videoinput\0.200-1.3\videoinput-0.200-1.3.jar;C:\Users\Rojan Shrestha\.m2\repository\org\bytedeco\javacpp-presets\artoolkitplus\2.3.1-1.3\artoolkitplus-2.3.1-1.3.jar;C:\Users\Rojan Shrestha\.m2\repository\org\bytedeco\javacpp-presets\flandmark\1.07-1.3\flandmark-1.07-1.3.jar;C:\Users\Rojan Shrestha\.m2\repository\org\bytedeco\javacpp-presets\opencv-platform\3.2.0-1.3\opencv-platform-3.2.0-1.3.jar;C:\Users\Rojan Shrestha\.m2\repository\org\bytedeco\javacpp-presets\opencv\3.2.0-1.3\opencv-3.2.0-1.3-android-arm.jar;C:\Users\Rojan Shrestha\.m2\repository\org\bytedeco\javacpp-presets\opencv\3.2.0-1.3\opencv-3.2.0-1.3-android-x86.jar;C:\Users\Rojan Shrestha\.m2\repository\org\bytedeco\javacpp-presets\opencv\3.2.0-
Launcher Type: SUN_STANDARD

Environment Variables:
JAVA_HOME=C:\Program Files\Java\jdk1.8.0_121
PATH=C:/Program Files/Java/jre1.8.0_171/bin/server;C:/Program Files/Java/jre1.8.0_171/bin;C:/Program Files/Java/jre1.8.0_171/lib/amd64;C:\Program Files (x86)\Common Files\Oracle\Java\javapath;C:\app\RojanShr1996\product\11.2.0\dbhome_2\bin;C:\Program Files (x86)\Intel\iCLS Client\;C:\ProgramData\Oracle\Java\javapath;C:\Program Files\Intel\iCLS Client\;C:\WINDOWS\system32;C:\WINDOWS;C:\WINDOWS\System32\Wbem;C:\WINDOWS\System32\WindowsPowerShell\v1.0\;C:\Program Files (x86)\Brackets\command;C:\Program Files\Intel\WiFi\bin\;C:\Program Files\Common Files\Intel\WirelessCommon\;C:\Program Files (x86)\Intel\Intel(R) Management Engine Components\DAL;C:\Program Files\Intel\Intel(R) Management Engine Components\DAL;C:\Program Files (x86)\Intel\Intel(R) Management Engine Components\IPT;C:\Program Files\Intel\Intel(R) Management Engine Components\IPT;C:\xampp\php;C:\ProgramData\ComposerSetup\bin;C:\Program Files\nodejs\;C:\WINDOWS\System32\OpenSSH\;C:\Program Files\Git\cmd;C:\Program Files\Java\jdk1.8.0_121\bin;C:\Users\Rojan Shrestha\AppData\Roaming\Composer\vendor\bin;C:\Users\Rojan Shrestha\AppData\Roaming\npm;%USERPROFILE%\AppData\Local\Microsoft\WindowsApps;;C:\Users\Rojan Shrestha\Downloads\Compressed\eclipse;
USERNAME=RojanShr1996
OS=Windows_NT
PROCESSOR_IDENTIFIER=Intel64 Family 6 Model 78 Stepping 3, GenuineIntel



---------------  S Y S T E M  ---------------

OS: Windows 10.0 , 64 bit Build 17134 (10.0.17134.1)

CPU:total 4 (initial active 4) (2 cores per cpu, 2 threads per core) family 6 model 78 stepping 3, cmov, cx8, fxsr, mmx, sse, sse2, sse3, ssse3, sse4.1, sse4.2, popcnt, avx, avx2, aes, clmul, erms, 3dnowpref, lzcnt, ht, tsc, tscinvbit, bmi1, bmi2, adx

Memory: 4k page, physical 8276896k(3287296k free), swap 13315908k(7618896k free)

vm_info: Java HotSpot(TM) 64-Bit Server VM (25.171-b11) for windows-amd64 JRE (1.8.0_171-b11), built on Mar 28 2018 16:06:12 by "java_re" with MS VC++ 10.0 (VS2010)

time: Thu Jun 21 21:12:37 2018
elapsed time: 27 seconds (0d 0h 0m 27s)

