#
# A fatal error has been detected by the Java Runtime Environment:
#
#  EXCEPTION_UNCAUGHT_CXX_EXCEPTION (0xe06d7363) at pc=0x00007ffa0d9aa388, pid=1424, tid=0x00000000000025b8
#
# JRE version: Java(TM) SE Runtime Environment (8.0_181-b13) (build 1.8.0_181-b13)
# Java VM: Java HotSpot(TM) 64-Bit Server VM (25.181-b13 mixed mode windows-amd64 compressed oops)
# Problematic frame:
# C  [KERNELBASE.dll+0x3a388]
#
# Failed to write core dump. Minidumps are not enabled by default on client versions of Windows
#
# If you would like to submit a bug report, please visit:
#   http://bugreport.java.com/bugreport/crash.jsp
# The crash happened outside the Java Virtual Machine in native code.
# See problematic frame for where to report the bug.
#

---------------  T H R E A D  ---------------

Current thread (0x0000000028832000):  JavaThread "Thread-5" [_thread_in_native, id=9656, stack(0x0000000036730000,0x0000000036830000)]

siginfo: ExceptionCode=0xe06d7363, ExceptionInformation=0x0000000019930520 0x000000003681f280 0x00007ff9cf46cd78 0x00007ff9cf220000 

Registers:
RAX=0x0000000000000000, RBX=0x00007ff9cf46cd78, RCX=0x0000000000000000, RDX=0x0000000000000000
RSP=0x000000003681f0f0, RBP=0x000000003681f230, RSI=0x00007ff9cf3fd5f8, RDI=0x000000003681f280
R8 =0x0000000000000000, R9 =0x0000000000000000, R10=0x0000000000000000, R11=0x0000000000000000
R12=0x00000000ffffffe5, R13=0x0000000000000000, R14=0x00007ff9cf3fd520, R15=0x000000003682f428
RIP=0x00007ffa0d9aa388, EFLAGS=0x0000000000000202

Top of Stack: (sp=0x000000003681f0f0)
0x000000003681f0f0:   0000000000000000 00007ff9cf46cd78
0x000000003681f100:   00007ff9cf3fd5f8 000000003681f280
0x000000003681f110:   00000001e06d7363 0000000000000000
0x000000003681f120:   00007ffa0d9aa388 0000000000000004
0x000000003681f130:   0000000019930520 000000003681f280
0x000000003681f140:   00007ff9cf46cd78 00007ff9cf220000
0x000000003681f150:   00007ff9cf3fd520 00000000ffffffe5
0x000000003681f160:   000000003681f280 00007ff9cf3fd5f8
0x000000003681f170:   000000003681f230 00007ffa110ca39f
0x000000003681f180:   000000003681f240 00007ff900000000
0x000000003681f190:   000000003681f280 00007ff9f0e5d306
0x000000003681f1a0:   00007ff9cf48f000 00007ff9cf220000
0x000000003681f1b0:   00009d56e4783ea0 00007ff9f0edc4d0
0x000000003681f1c0:   00007ff9cf46cd78 00007ff9f0e5ef63
0x000000003681f1d0:   000000003681f280 00007ff9f0e2eb8d
0x000000003681f1e0:   00007ff9f0edc4d0 00007ff9cf3fd5f8 

Instructions: (pc=0x00007ffa0d9aa388)
0x00007ffa0d9aa368:   49 8b d1 44 0f 47 c0 44 89 44 24 38 49 c1 e0 03
0x00007ffa0d9aa378:   e8 da 3d 04 00 48 8d 4c 24 20 ff 15 a0 82 14 00
0x00007ffa0d9aa388:   48 8b 8c 24 c0 00 00 00 48 33 cc e8 08 fe 03 00
0x00007ffa0d9aa398:   48 81 c4 d8 00 00 00 c3 83 64 24 38 00 eb d6 cc 


Register to memory mapping:

RAX=0x0000000000000000 is an unknown value
RBX=0x00007ff9cf46cd78 is an unknown value
RCX=0x0000000000000000 is an unknown value
RDX=0x0000000000000000 is an unknown value
RSP=0x000000003681f0f0 is pointing into the stack for thread: 0x0000000028832000
RBP=0x000000003681f230 is pointing into the stack for thread: 0x0000000028832000
RSI=0x00007ff9cf3fd5f8 is an unknown value
RDI=0x000000003681f280 is pointing into the stack for thread: 0x0000000028832000
R8 =0x0000000000000000 is an unknown value
R9 =0x0000000000000000 is an unknown value
R10=0x0000000000000000 is an unknown value
R11=0x0000000000000000 is an unknown value
R12=0x00000000ffffffe5 is an unknown value
R13=0x0000000000000000 is an unknown value
R14=0x00007ff9cf3fd520 is an unknown value
R15=0x000000003682f428 is pointing into the stack for thread: 0x0000000028832000


Stack: [0x0000000036730000,0x0000000036830000],  sp=0x000000003681f0f0,  free space=956k
Native frames: (J=compiled Java code, j=interpreted, Vv=VM code, C=native code)
C  [KERNELBASE.dll+0x3a388]
C  [msvcr120.dll+0x5ef63]
C  [opencv_core320.dll+0x1a2c34]
C  [opencv_core320.dll+0x1a2d76]
C  [opencv_core320.dll+0x5ac08]
C  [jniopencv_core.dll+0xb644b]
C  0x0000000003558c67

Java frames: (J=compiled Java code, j=interpreted, Vv=VM code)
j  org.bytedeco.javacpp.opencv_core.cvClearMemStorage(Lorg/bytedeco/javacpp/opencv_core$CvMemStorage;)V+0
j  application.FaceDetector.run()V+243
j  java.lang.Thread.run()V+11
v  ~StubRoutines::call_stub

---------------  P R O C E S S  ---------------

Java Threads: ( => current thread )
=>0x0000000028832000 JavaThread "Thread-5" [_thread_in_native, id=9656, stack(0x0000000036730000,0x0000000036830000)]
  0x0000000028838000 JavaThread "Prism Font Disposer" daemon [_thread_blocked, id=15728, stack(0x000000002c620000,0x000000002c720000)]
  0x0000000028b81800 JavaThread "AWT-Windows" daemon [_thread_in_native, id=10608, stack(0x000000002a630000,0x000000002a730000)]
  0x0000000028b80000 JavaThread "Java2D Disposer" daemon [_thread_blocked, id=9880, stack(0x000000002a430000,0x000000002a530000)]
  0x000000002030b800 JavaThread "JavaCPP Deallocator" daemon [_thread_blocked, id=1616, stack(0x0000000029ec0000,0x0000000029fc0000)]
  0x000000001fd8b000 JavaThread "Thread-3" daemon [_thread_in_native, id=2584, stack(0x0000000027a10000,0x0000000027b10000)]
  0x000000001fe0f800 JavaThread "JavaFX-Launcher" [_thread_blocked, id=15792, stack(0x0000000027b10000,0x0000000027c10000)]
  0x000000001fd32800 JavaThread "JavaFX Application Thread" [_thread_in_native, id=14096, stack(0x0000000020ba0000,0x0000000020ca0000)]
  0x000000001fd22000 JavaThread "Thread-1" daemon [_thread_blocked, id=676, stack(0x0000000020aa0000,0x0000000020ba0000)]
  0x000000001fccf800 JavaThread "QuantumRenderer-0" daemon [_thread_blocked, id=7424, stack(0x00000000206a0000,0x00000000207a0000)]
  0x000000001ef41800 JavaThread "Service Thread" daemon [_thread_blocked, id=7736, stack(0x000000001fa70000,0x000000001fb70000)]
  0x000000001eec4800 JavaThread "C1 CompilerThread3" daemon [_thread_blocked, id=11500, stack(0x000000001f970000,0x000000001fa70000)]
  0x000000001cfae000 JavaThread "C2 CompilerThread2" daemon [_thread_blocked, id=8888, stack(0x000000001f870000,0x000000001f970000)]
  0x000000001cfac000 JavaThread "C2 CompilerThread1" daemon [_thread_blocked, id=10168, stack(0x000000001f770000,0x000000001f870000)]
  0x000000001eeb7800 JavaThread "C2 CompilerThread0" daemon [_thread_blocked, id=15164, stack(0x000000001f670000,0x000000001f770000)]
  0x000000001eeb4800 JavaThread "Attach Listener" daemon [_thread_blocked, id=800, stack(0x000000001f570000,0x000000001f670000)]
  0x000000001eeb3800 JavaThread "Signal Dispatcher" daemon [_thread_blocked, id=1796, stack(0x000000001f470000,0x000000001f570000)]
  0x000000001eea0800 JavaThread "Finalizer" daemon [_thread_blocked, id=3528, stack(0x000000001f280000,0x000000001f380000)]
  0x000000001cf9d800 JavaThread "Reference Handler" daemon [_thread_blocked, id=2020, stack(0x000000001ed80000,0x000000001ee80000)]
  0x0000000003448000 JavaThread "main" [_thread_blocked, id=1460, stack(0x0000000003340000,0x0000000003440000)]

Other Threads:
  0x000000001cf99800 VMThread [stack: 0x000000001ec80000,0x000000001ed80000] [id=8880]
  0x000000001efb4000 WatcherThread [stack: 0x000000001fb70000,0x000000001fc70000] [id=12872]

VM state:not at safepoint (normal execution)

VM Mutex/Monitor currently owned by a thread: None

Heap:
 PSYoungGen      total 76288K, used 25886K [0x000000076b500000, 0x0000000772480000, 0x00000007c0000000)
  eden space 65536K, 27% used [0x000000076b500000,0x000000076c6a7058,0x000000076f500000)
  from space 10752K, 72% used [0x000000076f500000,0x000000076fca0b30,0x000000076ff80000)
  to   space 10752K, 0% used [0x0000000771a00000,0x0000000771a00000,0x0000000772480000)
 ParOldGen       total 171520K, used 38307K [0x00000006c1e00000, 0x00000006cc580000, 0x000000076b500000)
  object space 171520K, 22% used [0x00000006c1e00000,0x00000006c4368c68,0x00000006cc580000)
 Metaspace       used 26878K, capacity 27902K, committed 28208K, reserved 1073152K
  class space    used 3621K, capacity 3852K, committed 3888K, reserved 1048576K

Card table byte_map: [0x0000000012900000,0x0000000013100000] byte_map_base: 0x000000000f2f1000

Marking Bits: (ParMarkBitMap*) 0x000000005dd52d00
 Begin Bits: [0x0000000013e50000, 0x0000000017dd8000)
 End Bits:   [0x0000000017dd8000, 0x000000001bd60000)

Polling page: 0x0000000001390000

CodeCache: size=245760Kb used=10668Kb max_used=10676Kb free=235091Kb
 bounds [0x0000000003540000, 0x0000000003fc0000, 0x0000000012540000]
 total_blobs=4093 nmethods=3186 adapters=819
 compilation: enabled

Compilation events (10 events):
Event: 24.982 Thread 0x000000001eec4800 3182       1       sun.java2d.loops.GraphicsPrimitive::getUniqueID (5 bytes)
Event: 24.982 Thread 0x000000001eec4800 nmethod 3182 0x0000000003fa7910 code [0x0000000003fa7a60, 0x0000000003fa7b70]
Event: 24.982 Thread 0x000000001eec4800 3183       3       sun.java2d.loops.GraphicsPrimitiveMgr$1::compare (39 bytes)
Event: 24.982 Thread 0x000000001eec4800 nmethod 3183 0x0000000003fae5d0 code [0x0000000003fae740, 0x0000000003faec50]
Event: 24.982 Thread 0x000000001eec4800 3184       3       sun.java2d.loops.GraphicsPrimitiveMgr$2::compare (39 bytes)
Event: 24.983 Thread 0x000000001eec4800 nmethod 3184 0x0000000003faed50 code [0x0000000003faeec0, 0x0000000003faf350]
Event: 24.983 Thread 0x000000001eec4800 3185       1       sun.java2d.loops.CompositeType::getSuperType (5 bytes)
Event: 24.983 Thread 0x000000001eec4800 nmethod 3185 0x0000000003fa7650 code [0x0000000003fa77a0, 0x0000000003fa78b0]
Event: 24.983 Thread 0x000000001eec4800 3186       3       java.util.Arrays::binarySearch0 (95 bytes)
Event: 24.983 Thread 0x000000001eec4800 nmethod 3186 0x0000000003faf490 code [0x0000000003faf620, 0x0000000003fafa58]

GC Heap History (8 events):
Event: 1.374 GC heap before
{Heap before GC invocations=1 (full 0):
 PSYoungGen      total 76288K, used 53349K [0x000000076b500000, 0x0000000770a00000, 0x00000007c0000000)
  eden space 65536K, 81% used [0x000000076b500000,0x000000076e9197c0,0x000000076f500000)
  from space 10752K, 0% used [0x000000076ff80000,0x000000076ff80000,0x0000000770a00000)
  to   space 10752K, 0% used [0x000000076f500000,0x000000076f500000,0x000000076ff80000)
 ParOldGen       total 175104K, used 0K [0x00000006c1e00000, 0x00000006cc900000, 0x000000076b500000)
  object space 175104K, 0% used [0x00000006c1e00000,0x00000006c1e00000,0x00000006cc900000)
 Metaspace       used 18688K, capacity 19368K, committed 19712K, reserved 1067008K
  class space    used 2528K, capacity 2709K, committed 2816K, reserved 1048576K
Event: 1.379 GC heap after
Heap after GC invocations=1 (full 0):
 PSYoungGen      total 76288K, used 7230K [0x000000076b500000, 0x0000000770a00000, 0x00000007c0000000)
  eden space 65536K, 0% used [0x000000076b500000,0x000000076b500000,0x000000076f500000)
  from space 10752K, 67% used [0x000000076f500000,0x000000076fc0f910,0x000000076ff80000)
  to   space 10752K, 0% used [0x000000076ff80000,0x000000076ff80000,0x0000000770a00000)
 ParOldGen       total 175104K, used 80K [0x00000006c1e00000, 0x00000006cc900000, 0x000000076b500000)
  object space 175104K, 0% used [0x00000006c1e00000,0x00000006c1e14010,0x00000006cc900000)
 Metaspace       used 18688K, capacity 19368K, committed 19712K, reserved 1067008K
  class space    used 2528K, capacity 2709K, committed 2816K, reserved 1048576K
}
Event: 1.733 GC heap before
{Heap before GC invocations=2 (full 0):
 PSYoungGen      total 76288K, used 48471K [0x000000076b500000, 0x0000000770a00000, 0x00000007c0000000)
  eden space 65536K, 62% used [0x000000076b500000,0x000000076dd46428,0x000000076f500000)
  from space 10752K, 67% used [0x000000076f500000,0x000000076fc0f910,0x000000076ff80000)
  to   space 10752K, 0% used [0x000000076ff80000,0x000000076ff80000,0x0000000770a00000)
 ParOldGen       total 175104K, used 80K [0x00000006c1e00000, 0x00000006cc900000, 0x000000076b500000)
  object space 175104K, 0% used [0x00000006c1e00000,0x00000006c1e14010,0x00000006cc900000)
 Metaspace       used 20424K, capacity 21252K, committed 21296K, reserved 1067008K
  class space    used 2897K, capacity 3093K, committed 3120K, reserved 1048576K
Event: 1.747 GC heap after
Heap after GC invocations=2 (full 0):
 PSYoungGen      total 76288K, used 10744K [0x000000076b500000, 0x0000000774a00000, 0x00000007c0000000)
  eden space 65536K, 0% used [0x000000076b500000,0x000000076b500000,0x000000076f500000)
  from space 10752K, 99% used [0x000000076ff80000,0x00000007709fe238,0x0000000770a00000)
  to   space 10752K, 0% used [0x000000076f500000,0x000000076f500000,0x000000076ff80000)
 ParOldGen       total 175104K, used 27666K [0x00000006c1e00000, 0x00000006cc900000, 0x000000076b500000)
  object space 175104K, 15% used [0x00000006c1e00000,0x00000006c3904940,0x00000006cc900000)
 Metaspace       used 20424K, capacity 21252K, committed 21296K, reserved 1067008K
  class space    used 2897K, capacity 3093K, committed 3120K, reserved 1048576K
}
Event: 1.747 GC heap before
{Heap before GC invocations=3 (full 1):
 PSYoungGen      total 76288K, used 10744K [0x000000076b500000, 0x0000000774a00000, 0x00000007c0000000)
  eden space 65536K, 0% used [0x000000076b500000,0x000000076b500000,0x000000076f500000)
  from space 10752K, 99% used [0x000000076ff80000,0x00000007709fe238,0x0000000770a00000)
  to   space 10752K, 0% used [0x000000076f500000,0x000000076f500000,0x000000076ff80000)
 ParOldGen       total 175104K, used 27666K [0x00000006c1e00000, 0x00000006cc900000, 0x000000076b500000)
  object space 175104K, 15% used [0x00000006c1e00000,0x00000006c3904940,0x00000006cc900000)
 Metaspace       used 20424K, capacity 21252K, committed 21296K, reserved 1067008K
  class space    used 2897K, capacity 3093K, committed 3120K, reserved 1048576K
Event: 1.781 GC heap after
Heap after GC invocations=3 (full 1):
 PSYoungGen      total 76288K, used 0K [0x000000076b500000, 0x0000000774a00000, 0x00000007c0000000)
  eden space 65536K, 0% used [0x000000076b500000,0x000000076b500000,0x000000076f500000)
  from space 10752K, 0% used [0x000000076ff80000,0x000000076ff80000,0x0000000770a00000)
  to   space 10752K, 0% used [0x000000076f500000,0x000000076f500000,0x000000076ff80000)
 ParOldGen       total 171520K, used 38299K [0x00000006c1e00000, 0x00000006cc580000, 0x000000076b500000)
  object space 171520K, 22% used [0x00000006c1e00000,0x00000006c4366c68,0x00000006cc580000)
 Metaspace       used 20424K, capacity 21252K, committed 21296K, reserved 1067008K
  class space    used 2897K, capacity 3093K, committed 3120K, reserved 1048576K
}
Event: 5.212 GC heap before
{Heap before GC invocations=4 (full 1):
 PSYoungGen      total 76288K, used 65536K [0x000000076b500000, 0x0000000774a00000, 0x00000007c0000000)
  eden space 65536K, 100% used [0x000000076b500000,0x000000076f500000,0x000000076f500000)
  from space 10752K, 0% used [0x000000076ff80000,0x000000076ff80000,0x0000000770a00000)
  to   space 10752K, 0% used [0x000000076f500000,0x000000076f500000,0x000000076ff80000)
 ParOldGen       total 171520K, used 38299K [0x00000006c1e00000, 0x00000006cc580000, 0x000000076b500000)
  object space 171520K, 22% used [0x00000006c1e00000,0x00000006c4366c68,0x00000006cc580000)
 Metaspace       used 24178K, capacity 25214K, committed 25392K, reserved 1071104K
  class space    used 3350K, capacity 3580K, committed 3632K, reserved 1048576K
Event: 5.215 GC heap after
Heap after GC invocations=4 (full 1):
 PSYoungGen      total 76288K, used 7810K [0x000000076b500000, 0x0000000772480000, 0x00000007c0000000)
  eden space 65536K, 0% used [0x000000076b500000,0x000000076b500000,0x000000076f500000)
  from space 10752K, 72% used [0x000000076f500000,0x000000076fca0b30,0x000000076ff80000)
  to   space 10752K, 0% used [0x0000000771a00000,0x0000000771a00000,0x0000000772480000)
 ParOldGen       total 171520K, used 38307K [0x00000006c1e00000, 0x00000006cc580000, 0x000000076b500000)
  object space 171520K, 22% used [0x00000006c1e00000,0x00000006c4368c68,0x00000006cc580000)
 Metaspace       used 24178K, capacity 25214K, committed 25392K, reserved 1071104K
  class space    used 3350K, capacity 3580K, committed 3632K, reserved 1048576K
}

Deoptimization events (10 events):
Event: 2.015 Thread 0x000000001fccf800 Uncommon trap: reason=class_check action=maybe_recompile pc=0x0000000003bae37c method=java.util.WeakHashMap.eq(Ljava/lang/Object;Ljava/lang/Object;)Z @ 7
Event: 4.650 Thread 0x000000001fd32800 Uncommon trap: reason=predicate action=maybe_recompile pc=0x0000000003da1eac method=java.lang.String.regionMatches(ZILjava/lang/String;II)Z @ 63
Event: 5.170 Thread 0x000000001fd32800 Uncommon trap: reason=unstable_if action=reinterpret pc=0x0000000003d96230 method=java.util.zip.InflaterInputStream.read([BII)I @ 69
Event: 5.174 Thread 0x000000001fd32800 Uncommon trap: reason=unstable_if action=reinterpret pc=0x0000000003787558 method=java.lang.AbstractStringBuilder.append(Ljava/lang/String;)Ljava/lang/AbstractStringBuilder; @ 1
Event: 5.250 Thread 0x000000001fd32800 Uncommon trap: reason=unstable_if action=reinterpret pc=0x0000000003a15544 method=java.lang.String.trim()Ljava/lang/String; @ 44
Event: 5.251 Thread 0x000000001fd32800 Uncommon trap: reason=unstable_if action=reinterpret pc=0x000000000394f0fc method=java.lang.CharacterDataLatin1.isWhitespace(I)Z @ 14
Event: 5.312 Thread 0x000000001fd32800 Uncommon trap: reason=unstable_if action=reinterpret pc=0x0000000003dc04bc method=java.net.URI.match(CJJ)Z @ 45
Event: 5.312 Thread 0x000000001fd32800 Uncommon trap: reason=unstable_if action=reinterpret pc=0x000000000384f388 method=java.net.URI.match(CJJ)Z @ 19
Event: 5.436 Thread 0x000000001fd32800 Uncommon trap: reason=array_check action=maybe_recompile pc=0x0000000003c24c8c method=com.sun.javafx.css.SimpleSelector.applies(Ljavafx/css/Styleable;[Ljava/util/Set;I)Z @ 37
Event: 5.535 Thread 0x000000001fd32800 Uncommon trap: reason=unstable_if action=reinterpret pc=0x0000000003caacd4 method=java.util.WeakHashMap.expungeStaleEntries()V @ 66

Classes redefined (0 events):
No events

Internal exceptions (10 events):
Event: 5.180 Thread 0x000000001fd32800 Exception <a 'java/security/PrivilegedActionException'> (0x000000076f1ab200) thrown at [C:\re\workspace\8-2-build-windows-amd64-cygwin\jdk8u181\11358\hotspot\src\share\vm\prims\jvm.cpp, line 1435]
Event: 5.180 Thread 0x000000001fd32800 Exception <a 'java/security/PrivilegedActionException'> (0x000000076f1ab7e0) thrown at [C:\re\workspace\8-2-build-windows-amd64-cygwin\jdk8u181\11358\hotspot\src\share\vm\prims\jvm.cpp, line 1435]
Event: 5.184 Thread 0x000000001fd32800 Exception <a 'java/security/PrivilegedActionException'> (0x000000076f214588) thrown at [C:\re\workspace\8-2-build-windows-amd64-cygwin\jdk8u181\11358\hotspot\src\share\vm\prims\jvm.cpp, line 1435]
Event: 5.184 Thread 0x000000001fd32800 Exception <a 'java/security/PrivilegedActionException'> (0x000000076f214b68) thrown at [C:\re\workspace\8-2-build-windows-amd64-cygwin\jdk8u181\11358\hotspot\src\share\vm\prims\jvm.cpp, line 1435]
Event: 5.185 Thread 0x000000001fd32800 Exception <a 'java/security/PrivilegedActionException'> (0x000000076f22be38) thrown at [C:\re\workspace\8-2-build-windows-amd64-cygwin\jdk8u181\11358\hotspot\src\share\vm\prims\jvm.cpp, line 1435]
Event: 5.185 Thread 0x000000001fd32800 Exception <a 'java/security/PrivilegedActionException'> (0x000000076f22c418) thrown at [C:\re\workspace\8-2-build-windows-amd64-cygwin\jdk8u181\11358\hotspot\src\share\vm\prims\jvm.cpp, line 1435]
Event: 5.186 Thread 0x000000001fd32800 Exception <a 'java/security/PrivilegedActionException'> (0x000000076f243558) thrown at [C:\re\workspace\8-2-build-windows-amd64-cygwin\jdk8u181\11358\hotspot\src\share\vm\prims\jvm.cpp, line 1435]
Event: 5.186 Thread 0x000000001fd32800 Exception <a 'java/security/PrivilegedActionException'> (0x000000076f243b38) thrown at [C:\re\workspace\8-2-build-windows-amd64-cygwin\jdk8u181\11358\hotspot\src\share\vm\prims\jvm.cpp, line 1435]
Event: 5.186 Thread 0x000000001fd32800 Exception <a 'java/security/PrivilegedActionException'> (0x000000076f25b778) thrown at [C:\re\workspace\8-2-build-windows-amd64-cygwin\jdk8u181\11358\hotspot\src\share\vm\prims\jvm.cpp, line 1435]
Event: 5.186 Thread 0x000000001fd32800 Exception <a 'java/security/PrivilegedActionException'> (0x000000076f25bd58) thrown at [C:\re\workspace\8-2-build-windows-amd64-cygwin\jdk8u181\11358\hotspot\src\share\vm\prims\jvm.cpp, line 1435]

Events (10 events):
Event: 24.980 loading class sun/java2d/loops/GraphicsPrimitiveProxy
Event: 24.980 loading class sun/java2d/loops/GraphicsPrimitiveProxy done
Event: 24.980 loading class sun/java2d/loops/GeneralRenderer
Event: 24.980 loading class sun/java2d/loops/GeneralRenderer done
Event: 24.981 loading class sun/java2d/loops/GraphicsPrimitiveMgr$1
Event: 24.981 loading class sun/java2d/loops/GraphicsPrimitiveMgr$1 done
Event: 24.981 loading class sun/java2d/loops/GraphicsPrimitiveMgr$2
Event: 24.981 loading class sun/java2d/loops/GraphicsPrimitiveMgr$2 done
Event: 24.981 loading class sun/java2d/loops/GraphicsPrimitiveMgr$PrimitiveSpec
Event: 24.981 loading class sun/java2d/loops/GraphicsPrimitiveMgr$PrimitiveSpec done


Dynamic libraries:
0x00007ff6d0d80000 - 0x00007ff6d0db7000 	C:\Program Files\Java\jre1.8.0_181\bin\javaw.exe
0x00007ffa110c0000 - 0x00007ffa112a1000 	C:\WINDOWS\SYSTEM32\ntdll.dll
0x00007ffa10ee0000 - 0x00007ffa10f92000 	C:\WINDOWS\System32\KERNEL32.DLL
0x00007ffa0d970000 - 0x00007ffa0dbe3000 	C:\WINDOWS\System32\KERNELBASE.dll
0x00007ffa0f600000 - 0x00007ffa0f6a1000 	C:\WINDOWS\System32\ADVAPI32.dll
0x00007ffa0eba0000 - 0x00007ffa0ec3e000 	C:\WINDOWS\System32\msvcrt.dll
0x00007ffa0eea0000 - 0x00007ffa0eefb000 	C:\WINDOWS\System32\sechost.dll
0x00007ffa10db0000 - 0x00007ffa10ed4000 	C:\WINDOWS\System32\RPCRT4.dll
0x00007ffa0ea10000 - 0x00007ffa0eba0000 	C:\WINDOWS\System32\USER32.dll
0x00007ffa0d950000 - 0x00007ffa0d970000 	C:\WINDOWS\System32\win32u.dll
0x00007ffa0ee00000 - 0x00007ffa0ee28000 	C:\WINDOWS\System32\GDI32.dll
0x00007ffa0dbf0000 - 0x00007ffa0dd82000 	C:\WINDOWS\System32\gdi32full.dll
0x00007ffa0d8b0000 - 0x00007ffa0d94f000 	C:\WINDOWS\System32\msvcp_win.dll
0x00007ffa0d730000 - 0x00007ffa0d82a000 	C:\WINDOWS\System32\ucrtbase.dll
0x00007ffa00810000 - 0x00007ffa00a79000 	C:\WINDOWS\WinSxS\amd64_microsoft.windows.common-controls_6595b64144ccf1df_6.0.17134.165_none_fb429645306569ac\COMCTL32.dll
0x00007ffa0e600000 - 0x00007ffa0e923000 	C:\WINDOWS\System32\combase.dll
0x00007ffa0d830000 - 0x00007ffa0d8aa000 	C:\WINDOWS\System32\bcryptPrimitives.dll
0x00007ffa0f5d0000 - 0x00007ffa0f5fd000 	C:\WINDOWS\System32\IMM32.DLL
0x000000005e880000 - 0x000000005e952000 	C:\Program Files\Java\jre1.8.0_181\bin\msvcr100.dll
0x000000005d530000 - 0x000000005ddd2000 	C:\Program Files\Java\jre1.8.0_181\bin\server\jvm.dll
0x00007ffa0e930000 - 0x00007ffa0e938000 	C:\WINDOWS\System32\PSAPI.DLL
0x00007ffa08db0000 - 0x00007ffa08dd3000 	C:\WINDOWS\SYSTEM32\WINMM.dll
0x00007ffa084c0000 - 0x00007ffa084ca000 	C:\WINDOWS\SYSTEM32\VERSION.dll
0x00007ffa08d50000 - 0x00007ffa08d7a000 	C:\WINDOWS\SYSTEM32\WINMMBASE.dll
0x00007ff9f7e80000 - 0x00007ff9f7e89000 	C:\WINDOWS\SYSTEM32\WSOCK32.dll
0x00007ffa0d490000 - 0x00007ffa0d4d9000 	C:\WINDOWS\System32\cfgmgr32.dll
0x00007ffa10af0000 - 0x00007ffa10b5c000 	C:\WINDOWS\System32\WS2_32.dll
0x00000000624b0000 - 0x00000000624bf000 	C:\Program Files\Java\jre1.8.0_181\bin\verify.dll
0x0000000061fb0000 - 0x0000000061fd9000 	C:\Program Files\Java\jre1.8.0_181\bin\java.dll
0x0000000061f90000 - 0x0000000061fa6000 	C:\Program Files\Java\jre1.8.0_181\bin\zip.dll
0x00007ffa0f6b0000 - 0x00007ffa10af0000 	C:\WINDOWS\System32\SHELL32.dll
0x00007ffa0e550000 - 0x00007ffa0e5f9000 	C:\WINDOWS\System32\shcore.dll
0x00007ffa0dd90000 - 0x00007ffa0e49d000 	C:\WINDOWS\System32\windows.storage.dll
0x00007ffa0f4f0000 - 0x00007ffa0f541000 	C:\WINDOWS\System32\shlwapi.dll
0x00007ffa0d3d0000 - 0x00007ffa0d3e1000 	C:\WINDOWS\System32\kernel.appcore.dll
0x00007ffa0d450000 - 0x00007ffa0d46f000 	C:\WINDOWS\System32\profapi.dll
0x00007ffa0d3f0000 - 0x00007ffa0d43c000 	C:\WINDOWS\System32\powrprof.dll
0x00007ffa0d440000 - 0x00007ffa0d44a000 	C:\WINDOWS\System32\FLTLIB.DLL
0x00000000017e0000 - 0x00000000017e3000 	C:\Program Files\Java\jre1.8.0_181\bin\api-ms-win-core-console-l1-1-0.dll
0x00000000030e0000 - 0x00000000030e3000 	C:\Program Files\Java\jre1.8.0_181\bin\api-ms-win-core-datetime-l1-1-0.dll
0x00000000030f0000 - 0x00000000030f3000 	C:\Program Files\Java\jre1.8.0_181\bin\api-ms-win-core-debug-l1-1-0.dll
0x0000000003100000 - 0x0000000003103000 	C:\Program Files\Java\jre1.8.0_181\bin\api-ms-win-core-errorhandling-l1-1-0.dll
0x0000000003120000 - 0x0000000003124000 	C:\Program Files\Java\jre1.8.0_181\bin\api-ms-win-core-file-l1-1-0.dll
0x0000000020470000 - 0x0000000020473000 	C:\Program Files\Java\jre1.8.0_181\bin\api-ms-win-core-file-l1-2-0.dll
0x0000000020480000 - 0x0000000020483000 	C:\Program Files\Java\jre1.8.0_181\bin\api-ms-win-core-file-l2-1-0.dll
0x0000000020490000 - 0x0000000020493000 	C:\Program Files\Java\jre1.8.0_181\bin\api-ms-win-core-handle-l1-1-0.dll
0x00000000204a0000 - 0x00000000204a3000 	C:\Program Files\Java\jre1.8.0_181\bin\api-ms-win-core-heap-l1-1-0.dll
0x00000000204b0000 - 0x00000000204b3000 	C:\Program Files\Java\jre1.8.0_181\bin\api-ms-win-core-interlocked-l1-1-0.dll
0x00000000204c0000 - 0x00000000204c3000 	C:\Program Files\Java\jre1.8.0_181\bin\api-ms-win-core-libraryloader-l1-1-0.dll
0x00000000204d0000 - 0x00000000204d3000 	C:\Program Files\Java\jre1.8.0_181\bin\api-ms-win-core-localization-l1-2-0.dll
0x00000000204e0000 - 0x00000000204e3000 	C:\Program Files\Java\jre1.8.0_181\bin\api-ms-win-core-memory-l1-1-0.dll
0x00000000204f0000 - 0x00000000204f3000 	C:\Program Files\Java\jre1.8.0_181\bin\api-ms-win-core-namedpipe-l1-1-0.dll
0x0000000020500000 - 0x0000000020503000 	C:\Program Files\Java\jre1.8.0_181\bin\api-ms-win-core-processenvironment-l1-1-0.dll
0x0000000020510000 - 0x0000000020513000 	C:\Program Files\Java\jre1.8.0_181\bin\api-ms-win-core-processthreads-l1-1-0.dll
0x0000000020520000 - 0x0000000020523000 	C:\Program Files\Java\jre1.8.0_181\bin\api-ms-win-core-processthreads-l1-1-1.dll
0x0000000020530000 - 0x0000000020533000 	C:\Program Files\Java\jre1.8.0_181\bin\api-ms-win-core-profile-l1-1-0.dll
0x0000000020540000 - 0x0000000020543000 	C:\Program Files\Java\jre1.8.0_181\bin\api-ms-win-core-rtlsupport-l1-1-0.dll
0x0000000020550000 - 0x0000000020553000 	C:\Program Files\Java\jre1.8.0_181\bin\api-ms-win-core-string-l1-1-0.dll
0x0000000020560000 - 0x0000000020563000 	C:\Program Files\Java\jre1.8.0_181\bin\api-ms-win-core-synch-l1-1-0.dll
0x0000000020570000 - 0x0000000020573000 	C:\Program Files\Java\jre1.8.0_181\bin\api-ms-win-core-synch-l1-2-0.dll
0x0000000020580000 - 0x0000000020583000 	C:\Program Files\Java\jre1.8.0_181\bin\api-ms-win-core-sysinfo-l1-1-0.dll
0x0000000020590000 - 0x0000000020593000 	C:\Program Files\Java\jre1.8.0_181\bin\api-ms-win-core-timezone-l1-1-0.dll
0x00000000205a0000 - 0x00000000205a3000 	C:\Program Files\Java\jre1.8.0_181\bin\api-ms-win-core-util-l1-1-0.dll
0x00000000205b0000 - 0x00000000205b3000 	C:\Program Files\Java\jre1.8.0_181\bin\api-ms-win-crt-conio-l1-1-0.dll
0x00000000205c0000 - 0x00000000205c4000 	C:\Program Files\Java\jre1.8.0_181\bin\api-ms-win-crt-convert-l1-1-0.dll
0x00000000205d0000 - 0x00000000205d3000 	C:\Program Files\Java\jre1.8.0_181\bin\api-ms-win-crt-environment-l1-1-0.dll
0x00000000205e0000 - 0x00000000205e3000 	C:\Program Files\Java\jre1.8.0_181\bin\api-ms-win-crt-filesystem-l1-1-0.dll
0x00000000205f0000 - 0x00000000205f3000 	C:\Program Files\Java\jre1.8.0_181\bin\api-ms-win-crt-heap-l1-1-0.dll
0x0000000020600000 - 0x0000000020603000 	C:\Program Files\Java\jre1.8.0_181\bin\api-ms-win-crt-locale-l1-1-0.dll
0x0000000020610000 - 0x0000000020615000 	C:\Program Files\Java\jre1.8.0_181\bin\api-ms-win-crt-math-l1-1-0.dll
0x0000000020620000 - 0x0000000020625000 	C:\Program Files\Java\jre1.8.0_181\bin\api-ms-win-crt-multibyte-l1-1-0.dll
0x0000000020630000 - 0x0000000020640000 	C:\Program Files\Java\jre1.8.0_181\bin\api-ms-win-crt-private-l1-1-0.dll
0x0000000020640000 - 0x0000000020643000 	C:\Program Files\Java\jre1.8.0_181\bin\api-ms-win-crt-process-l1-1-0.dll
0x0000000020650000 - 0x0000000020654000 	C:\Program Files\Java\jre1.8.0_181\bin\api-ms-win-crt-runtime-l1-1-0.dll
0x0000000020660000 - 0x0000000020664000 	C:\Program Files\Java\jre1.8.0_181\bin\api-ms-win-crt-stdio-l1-1-0.dll
0x0000000020670000 - 0x0000000020674000 	C:\Program Files\Java\jre1.8.0_181\bin\api-ms-win-crt-string-l1-1-0.dll
0x0000000020680000 - 0x0000000020683000 	C:\Program Files\Java\jre1.8.0_181\bin\api-ms-win-crt-time-l1-1-0.dll
0x0000000020690000 - 0x0000000020693000 	C:\Program Files\Java\jre1.8.0_181\bin\api-ms-win-crt-utility-l1-1-0.dll
0x00007ff9f13f0000 - 0x00007ff9f14e6000 	C:\Program Files\Java\jre1.8.0_181\bin\ucrtbase.dll
0x00007ffa09f90000 - 0x00007ffa09fa6000 	C:\Program Files\Java\jre1.8.0_181\bin\vcruntime140.dll
0x00007ff9f1350000 - 0x00007ff9f13ec000 	C:\Program Files\Java\jre1.8.0_181\bin\msvcp140.dll
0x00007ff9f12f0000 - 0x00007ff9f1341000 	C:\Program Files\Java\jre1.8.0_181\bin\concrt140.dll
0x000000005f260000 - 0x000000005f283000 	C:\Program Files\Java\jre1.8.0_181\bin\prism_d3d.dll
0x00007ffa04a10000 - 0x00007ffa04ba7000 	C:\WINDOWS\system32\d3d9.dll
0x00007ffa0b850000 - 0x00007ffa0b879000 	C:\WINDOWS\SYSTEM32\dwmapi.dll
0x00007ffa0b600000 - 0x00007ffa0b698000 	C:\WINDOWS\system32\uxtheme.dll
0x00007ff9bbaa0000 - 0x00007ff9bf7ab000 	C:\WINDOWS\System32\DriverStore\FileRepository\igdlh64.inf_amd64_2e329e8610bbb375\igdumdim64.dll
0x00007ffa0f080000 - 0x00007ffa0f4cb000 	C:\WINDOWS\System32\SETUPAPI.dll
0x00007ffa0ec40000 - 0x00007ffa0ed91000 	C:\WINDOWS\System32\ole32.dll
0x00007ffa0e940000 - 0x00007ffa0ea02000 	C:\WINDOWS\System32\OLEAUT32.dll
0x000000005f210000 - 0x000000005f259000 	C:\Program Files\Java\jre1.8.0_181\bin\glass.dll
0x00007ffa10fa0000 - 0x00007ffa1108d000 	C:\WINDOWS\System32\COMDLG32.dll
0x00007ffa0ef00000 - 0x00007ffa0f075000 	C:\WINDOWS\System32\MSCTF.dll
0x00007ff9d5320000 - 0x00007ff9d5359000 	C:\Program Files\Nahimic\Nahimic2\UserInterface\x64\Nahimic2DevProps.dll
0x00007ffa05790000 - 0x00007ffa057dd000 	C:\Program Files\Nahimic\Nahimic2\UserInterface\x64\Nahimic2OSD.dll
0x00000000208f0000 - 0x0000000020990000 	C:\WINDOWS\System32\clbcatq.dll
0x00007ffa00a80000 - 0x00007ffa00af6000 	C:\WINDOWS\System32\MMDevApi.dll
0x00007ffa0d1e0000 - 0x00007ffa0d207000 	C:\WINDOWS\System32\DEVOBJ.dll
0x00007ffa0bdf0000 - 0x00007ffa0bfa4000 	C:\WINDOWS\System32\PROPSYS.dll
0x00007ff9fc580000 - 0x00007ff9fc6ac000 	C:\WINDOWS\SYSTEM32\AUDIOSES.DLL
0x00007ffa09730000 - 0x00007ffa0987d000 	C:\WINDOWS\SYSTEM32\wintypes.dll
0x00007ffa08d10000 - 0x00007ffa08d1a000 	C:\WINDOWS\SYSTEM32\AVRT.dll
0x00007ffa01960000 - 0x00007ffa02f6c000 	C:\WINDOWS\System32\DriverStore\FileRepository\igdlh64.inf_amd64_2e329e8610bbb375\igc64.dll
0x00007ff9f0e00000 - 0x00007ff9f0eef000 	C:\Users\Prajol\.javacpp\cache\opencv-3.2.0-1.3-windows-x86_64.jar\org\bytedeco\javacpp\windows-x86_64\msvcr120.dll
0x00007ff9f0d50000 - 0x00007ff9f0df6000 	C:\Users\Prajol\.javacpp\cache\opencv-3.2.0-1.3-windows-x86_64.jar\org\bytedeco\javacpp\windows-x86_64\msvcp120.dll
0x00007ff9cf220000 - 0x00007ff9cf4a8000 	C:\Users\Prajol\.javacpp\cache\opencv-3.2.0-1.3-windows-x86_64.jar\org\bytedeco\javacpp\windows-x86_64\opencv_core320.dll
0x00007ff9cc580000 - 0x00007ff9cc8e2000 	C:\Users\Prajol\.javacpp\cache\opencv-3.2.0-1.3-windows-x86_64.jar\org\bytedeco\javacpp\windows-x86_64\opencv_imgproc320.dll
0x00007ff9d4790000 - 0x00007ff9d49da000 	C:\Users\Prajol\.javacpp\cache\opencv-3.2.0-1.3-windows-x86_64.jar\org\bytedeco\javacpp\windows-x86_64\jniopencv_core.dll
0x0000000061f70000 - 0x0000000061f8a000 	C:\Program Files\Java\jre1.8.0_181\bin\net.dll
0x00007ffa0cc50000 - 0x00007ffa0ccb6000 	C:\WINDOWS\system32\mswsock.dll
0x0000000061f50000 - 0x0000000061f61000 	C:\Program Files\Java\jre1.8.0_181\bin\nio.dll
0x000000005e6e0000 - 0x000000005e879000 	C:\Program Files\Java\jre1.8.0_181\bin\awt.dll
0x00007ffa0b440000 - 0x00007ffa0b4cb000 	C:\WINDOWS\SYSTEM32\apphelp.dll
0x000000005fa90000 - 0x000000005faa4000 	C:\Program Files\Java\jre1.8.0_181\bin\javafx_font.dll
0x00007ffa05910000 - 0x00007ffa05c2c000 	C:\WINDOWS\SYSTEM32\dwrite.dll
0x00007ffa07750000 - 0x00007ffa078fe000 	C:\WINDOWS\SYSTEM32\WindowsCodecs.dll
0x00007ff9fec00000 - 0x00007ff9fec58000 	C:\WINDOWS\system32\dataexchange.dll
0x00007ffa0a480000 - 0x00007ffa0a78b000 	C:\WINDOWS\system32\d3d11.dll
0x00007ffa0ad60000 - 0x00007ffa0aefc000 	C:\WINDOWS\system32\dcomp.dll
0x00007ffa0c190000 - 0x00007ffa0c24b000 	C:\WINDOWS\system32\dxgi.dll
0x00007ffa0b960000 - 0x00007ffa0bb18000 	C:\WINDOWS\system32\twinapi.appcore.dll
0x00007ffa0b930000 - 0x00007ffa0b951000 	C:\WINDOWS\system32\RMCLIENT.dll
0x00007ff9f6e50000 - 0x00007ff9f6e84000 	C:\Program Files\Common Files\Microsoft Shared\Ink\rtscom.dll
0x00007ffa05430000 - 0x00007ffa054c8000 	C:\WINDOWS\System32\TextInputFramework.dll
0x00007ffa06db0000 - 0x00007ffa070ce000 	C:\WINDOWS\System32\CoreUIComponents.dll
0x00007ffa0b240000 - 0x00007ffa0b31a000 	C:\WINDOWS\System32\CoreMessaging.dll
0x00007ffa0c4c0000 - 0x00007ffa0c4f1000 	C:\WINDOWS\SYSTEM32\ntmarta.dll
0x000000005efd0000 - 0x000000005eff3000 	C:\Program Files\Java\jre1.8.0_181\bin\javafx_iio.dll

VM Arguments:
jvm_args: -Djava.library.path=C:\Users\Administrator\Desktop\opencv\build\java\x64 -Dfile.encoding=Cp1252 
java_command: application.Main
java_class_path (initial): C:\Program Files\Java\jre1.8.0_181\lib\resources.jar;C:\Program Files\Java\jre1.8.0_181\lib\rt.jar;C:\Program Files\Java\jre1.8.0_181\lib\jsse.jar;C:\Program Files\Java\jre1.8.0_181\lib\jce.jar;C:\Program Files\Java\jre1.8.0_181\lib\charsets.jar;C:\Program Files\Java\jre1.8.0_181\lib\jfr.jar;C:\Program Files\Java\jre1.8.0_181\lib\ext\access-bridge-64.jar;C:\Program Files\Java\jre1.8.0_181\lib\ext\cldrdata.jar;C:\Program Files\Java\jre1.8.0_181\lib\ext\dnsns.jar;C:\Program Files\Java\jre1.8.0_181\lib\ext\jaccess.jar;C:\Program Files\Java\jre1.8.0_181\lib\ext\jfxrt.jar;C:\Program Files\Java\jre1.8.0_181\lib\ext\localedata.jar;C:\Program Files\Java\jre1.8.0_181\lib\ext\nashorn.jar;C:\Program Files\Java\jre1.8.0_181\lib\ext\sunec.jar;C:\Program Files\Java\jre1.8.0_181\lib\ext\sunjce_provider.jar;C:\Program Files\Java\jre1.8.0_181\lib\ext\sunmscapi.jar;C:\Program Files\Java\jre1.8.0_181\lib\ext\sunpkcs11.jar;C:\Program Files\Java\jre1.8.0_181\lib\ext\zipfs.jar;D:\all downloads\Firefox Downloads\git\git\ExoVisix\target\classes;D:\all downloads\Firefox Downloads\git\git\ExoVisix\bin\opencv-341.jar;C:\Users\Prajol\.m2\repository\org\bytedeco\javacv-platform\1.3.2\javacv-platform-1.3.2.jar;C:\Users\Prajol\.m2\repository\org\bytedeco\javacv\1.3.2\javacv-1.3.2.jar;C:\Users\Prajol\.m2\repository\org\bytedeco\javacpp\1.3.2\javacpp-1.3.2.jar;C:\Users\Prajol\.m2\repository\org\bytedeco\javacpp-presets\opencv\3.2.0-1.3\opencv-3.2.0-1.3.jar;C:\Users\Prajol\.m2\repository\org\bytedeco\javacpp-presets\ffmpeg\3.2.1-1.3\ffmpeg-3.2.1-1.3.jar;C:\Users\Prajol\.m2\repository\org\bytedeco\javacpp-presets\flycapture\2.9.3.43-1.3\flycapture-2.9.3.43-1.3.jar;C:\Users\Prajol\.m2\repository\org\bytedeco\javacpp-presets\libdc1394\2.2.4-1.3\libdc1394-2.2.4-1.3.jar;C:\Users\Prajol\.m2\repository\org\bytedeco\javacpp-presets\libfreenect\0.5.3-1.3\libfreenect-0.5.3-1.3.jar;C:\Users\Prajol\.m2\repository\org\bytedeco\javacpp-presets\libfreenect2\0.2.0-1.3\libfreenect2-0.2.0
Launcher Type: SUN_STANDARD

Environment Variables:
JAVA_HOME=C:\Program Files\Java\jdk1.8.0_131
PATH=C:/Program Files/Java/jre1.8.0_181/bin/server;C:/Program Files/Java/jre1.8.0_181/bin;C:/Program Files/Java/jre1.8.0_181/lib/amd64;C:\Program Files (x86)\Common Files\Oracle\Java\javapath;C:\ProgramData\Oracle\Java\javapath;C:\Program Files (x86)\Intel\iCLS Client\;C:\Program Files\Intel\iCLS Client\;C:\Windows\system32;C:\Windows;C:\Windows\System32\Wbem;C:\Windows\System32\WindowsPowerShell\v1.0\;C:\Program Files (x86)\NVIDIA Corporation\PhysX\Common;C:\Program Files (x86)\Intel\Intel(R) Management Engine Components\DAL;C:\Program Files\Intel\Intel(R) Management Engine Components\DAL;C:\Program Files (x86)\Intel\Intel(R) Management Engine Components\IPT;C:\Program Files\Intel\Intel(R) Management Engine Components\IPT;C:\Program Files\Intel\WiFi\bin\;C:\Program Files\Common Files\Intel\WirelessCommon\;C:\Program Files (x86)\Skype\Phone\;C:\Program Files (x86)\Microsoft SQL Server\Client SDK\ODBC\130\Tools\Binn\;C:\Program Files (x86)\Microsoft SQL Server\140\Tools\Binn\;C:\Program Files (x86)\Microsoft SQL Server\140\DTS\Binn\;C:\Program Files (x86)\Microsoft SQL Server\140\Tools\Binn\ManagementStudio\;C:\WINDOWS\system32;C:\WINDOWS;C:\WINDOWS\System32\Wbem;C:\WINDOWS\System32\WindowsPowerShell\v1.0\;C:\Program Files\MySQL\MySQL Utilities 1.6\;C:\Program Files\Git\cmd;C:\Program Files\Git\mingw64\bin;C:\Program Files\Git\usr\bin;C:\Program Files\nodejs\;C:\Program Files\opencv\build\bin;;C:\WINDOWS\System32\OpenSSH\;C:\Program Files\Java\jre1.8.0_131\bin;C:\Users\Prajol\AppData\Local\Microsoft\WindowsApps;C:\Program Files\Microsoft VS Code\bin;C:\Users\Prajol\AppData\Roaming\npm;C:\Users\Prajol\AppData\Local\Microsoft\WindowsApps;C:\Users\Prajol\AppData\Local\atom\bin;;D:\Software installed\eclipse installed\eclipse;
USERNAME=Prajol
OS=Windows_NT
PROCESSOR_IDENTIFIER=Intel64 Family 6 Model 94 Stepping 3, GenuineIntel



---------------  S Y S T E M  ---------------

OS: Windows 10.0 , 64 bit Build 17134 (10.0.17134.1)

CPU:total 8 (initial active 8) (4 cores per cpu, 2 threads per core) family 6 model 94 stepping 3, cmov, cx8, fxsr, mmx, sse, sse2, sse3, ssse3, sse4.1, sse4.2, popcnt, avx, avx2, aes, clmul, erms, rtm, 3dnowpref, lzcnt, ht, tsc, tscinvbit, bmi1, bmi2, adx

Memory: 4k page, physical 16650120k(10436124k free), swap 19140488k(10396264k free)

vm_info: Java HotSpot(TM) 64-Bit Server VM (25.181-b13) for windows-amd64 JRE (1.8.0_181-b13), built on Jul  7 2018 04:01:33 by "java_re" with MS VC++ 10.0 (VS2010)

time: Thu Aug 09 08:31:44 2018
elapsed time: 25 seconds (0d 0h 0m 25s)

